# JRE version: OpenJDK Runtime Environment Temurin-17.0.8.1+1 (17.0.8.1+1) (build 17.0.8.1+1)
# Java VM: OpenJDK 64-Bit Server VM Temurin-17.0.8.1+1 (17.0.8.1+1, mixed mode, tiered, compressed oops, compressed class ptrs, parallel gc, windows-amd64)
GC Precious Log:
 CPUs: 12 total, 12 available
 Memory: 7579M
 Large Page Support: Disabled
 NUMA Support: Disabled
 Compressed Oops: Enabled (32-bit)
 Alignments: Space 512K, Generation 512K, Heap 2M
 Heap Min Capacity: 100M
 Heap Initial Capacity: 100M
 Heap Max Capacity: 1G
 Pre-touch: Disabled
 Parallel Workers: 10
Heap:
 PSYoungGen      total 9216K, used 4838K [0x00000000eab00000, 0x00000000eb780000, 0x0000000100000000)
  eden space 7168K, 38% used [0x00000000eab00000,0x00000000eadb9b80,0x00000000eb200000)
  from space 2048K, 100% used [0x00000000eb480000,0x00000000eb680000,0x00000000eb680000)
  to   space 2560K, 0% used [0x00000000eb200000,0x00000000eb200000,0x00000000eb480000)
 ParOldGen       total 229888K, used 183914K [0x00000000c0000000, 0x00000000ce080000, 0x00000000eab00000)
  object space 229888K, 80% used [0x00000000c0000000,0x00000000cb39aaf8,0x00000000ce080000)
 Metaspace       used 70560K, committed 71744K, reserved 1114112K
  class space    used 8520K, committed 9088K, reserved 1048576K
GC Heap History (20 events):
Event: 49.166 GC heap before
{Heap before GC invocations=366 (full 14):
 PSYoungGen      total 8192K, used 7840K [0x00000000eab00000, 0x00000000eb680000, 0x0000000100000000)
  eden space 7680K, 100% used [0x00000000eab00000,0x00000000eb280000,0x00000000eb280000)
  from space 512K, 31% used [0x00000000eb600000,0x00000000eb628000,0x00000000eb680000)
  to   space 512K, 0% used [0x00000000eb580000,0x00000000eb580000,0x00000000eb600000)
 ParOldGen       total 229888K, used 181954K [0x00000000c0000000, 0x00000000ce080000, 0x00000000eab00000)
  object space 229888K, 79% used [0x00000000c0000000,0x00000000cb1b0a20,0x00000000ce080000)
 Metaspace       used 68818K, committed 69888K, reserved 1114112K
  class space    used 8280K, committed 8768K, reserved 1048576K
}
Event: 49.167 GC heap after
{Heap after GC invocations=366 (full 14):
 PSYoungGen      total 8192K, used 128K [0x00000000eab00000, 0x00000000eb680000, 0x0000000100000000)
  eden space 7680K, 0% used [0x00000000eab00000,0x00000000eab00000,0x00000000eb280000)
  from space 512K, 25% used [0x00000000eb580000,0x00000000eb5a0000,0x00000000eb600000)
  to   space 512K, 0% used [0x00000000eb600000,0x00000000eb600000,0x00000000eb680000)
 ParOldGen       total 229888K, used 181954K [0x00000000c0000000, 0x00000000ce080000, 0x00000000eab00000)
  object space 229888K, 79% used [0x00000000c0000000,0x00000000cb1b0a20,0x00000000ce080000)
 Metaspace       used 68818K, committed 69888K, reserved 1114112K
  class space    used 8280K, committed 8768K, reserved 1048576K
}
Event: 49.201 GC heap before
{Heap before GC invocations=367 (full 14):
 PSYoungGen      total 8192K, used 7808K [0x00000000eab00000, 0x00000000eb680000, 0x0000000100000000)
  eden space 7680K, 100% used [0x00000000eab00000,0x00000000eb280000,0x00000000eb280000)
  from space 512K, 25% used [0x00000000eb580000,0x00000000eb5a0000,0x00000000eb600000)
  to   space 512K, 0% used [0x00000000eb600000,0x00000000eb600000,0x00000000eb680000)
 ParOldGen       total 229888K, used 181954K [0x00000000c0000000, 0x00000000ce080000, 0x00000000eab00000)
  object space 229888K, 79% used [0x00000000c0000000,0x00000000cb1b0a20,0x00000000ce080000)
 Metaspace       used 68818K, committed 69888K, reserved 1114112K
  class space    used 8280K, committed 8768K, reserved 1048576K
}
Event: 49.202 GC heap after
{Heap after GC invocations=367 (full 14):
 PSYoungGen      total 8192K, used 128K [0x00000000eab00000, 0x00000000eb680000, 0x0000000100000000)
  eden space 7680K, 0% used [0x00000000eab00000,0x00000000eab00000,0x00000000eb280000)
  from space 512K, 25% used [0x00000000eb600000,0x00000000eb620000,0x00000000eb680000)
  to   space 512K, 0% used [0x00000000eb580000,0x00000000eb580000,0x00000000eb600000)
 ParOldGen       total 229888K, used 181954K [0x00000000c0000000, 0x00000000ce080000, 0x00000000eab00000)
  object space 229888K, 79% used [0x00000000c0000000,0x00000000cb1b0a20,0x00000000ce080000)
 Metaspace       used 68818K, committed 69888K, reserved 1114112K
  class space    used 8280K, committed 8768K, reserved 1048576K
}
Event: 49.226 GC heap before
{Heap before GC invocations=368 (full 14):
 PSYoungGen      total 8192K, used 7808K [0x00000000eab00000, 0x00000000eb680000, 0x0000000100000000)
  eden space 7680K, 100% used [0x00000000eab00000,0x00000000eb280000,0x00000000eb280000)
  from space 512K, 25% used [0x00000000eb600000,0x00000000eb620000,0x00000000eb680000)
  to   space 512K, 0% used [0x00000000eb580000,0x00000000eb580000,0x00000000eb600000)
 ParOldGen       total 229888K, used 181954K [0x00000000c0000000, 0x00000000ce080000, 0x00000000eab00000)
  object space 229888K, 79% used [0x00000000c0000000,0x00000000cb1b0a20,0x00000000ce080000)
 Metaspace       used 68818K, committed 69888K, reserved 1114112K
  class space    used 8280K, committed 8768K, reserved 1048576K
}
Event: 49.227 GC heap after
{Heap after GC invocations=368 (full 14):
 PSYoungGen      total 8192K, used 128K [0x00000000eab00000, 0x00000000eb680000, 0x0000000100000000)
  eden space 7680K, 0% used [0x00000000eab00000,0x00000000eab00000,0x00000000eb280000)
  from space 512K, 25% used [0x00000000eb580000,0x00000000eb5a0000,0x00000000eb600000)
  to   space 512K, 0% used [0x00000000eb600000,0x00000000eb600000,0x00000000eb680000)
 ParOldGen       total 229888K, used 181954K [0x00000000c0000000, 0x00000000ce080000, 0x00000000eab00000)
  object space 229888K, 79% used [0x00000000c0000000,0x00000000cb1b0a20,0x00000000ce080000)
 Metaspace       used 68818K, committed 69888K, reserved 1114112K
  class space    used 8280K, committed 8768K, reserved 1048576K
}
Event: 49.334 GC heap before
{Heap before GC invocations=369 (full 14):
 PSYoungGen      total 8192K, used 7808K [0x00000000eab00000, 0x00000000eb680000, 0x0000000100000000)
  eden space 7680K, 100% used [0x00000000eab00000,0x00000000eb280000,0x00000000eb280000)
  from space 512K, 25% used [0x00000000eb580000,0x00000000eb5a0000,0x00000000eb600000)
  to   space 512K, 0% used [0x00000000eb600000,0x00000000eb600000,0x00000000eb680000)
 ParOldGen       total 229888K, used 181954K [0x00000000c0000000, 0x00000000ce080000, 0x00000000eab00000)
  object space 229888K, 79% used [0x00000000c0000000,0x00000000cb1b0a20,0x00000000ce080000)
 Metaspace       used 68818K, committed 69888K, reserved 1114112K
  class space    used 8280K, committed 8768K, reserved 1048576K
}
Event: 49.335 GC heap after
{Heap after GC invocations=369 (full 14):
 PSYoungGen      total 8192K, used 192K [0x00000000eab00000, 0x00000000eb680000, 0x0000000100000000)
  eden space 7680K, 0% used [0x00000000eab00000,0x00000000eab00000,0x00000000eb280000)
  from space 512K, 37% used [0x00000000eb600000,0x00000000eb630000,0x00000000eb680000)
  to   space 512K, 0% used [0x00000000eb580000,0x00000000eb580000,0x00000000eb600000)
 ParOldGen       total 229888K, used 181954K [0x00000000c0000000, 0x00000000ce080000, 0x00000000eab00000)
  object space 229888K, 79% used [0x00000000c0000000,0x00000000cb1b0a20,0x00000000ce080000)
 Metaspace       used 68818K, committed 69888K, reserved 1114112K
  class space    used 8280K, committed 8768K, reserved 1048576K
}
Event: 49.693 GC heap before
{Heap before GC invocations=370 (full 14):
 PSYoungGen      total 8192K, used 7866K [0x00000000eab00000, 0x00000000eb680000, 0x0000000100000000)
  eden space 7680K, 99% used [0x00000000eab00000,0x00000000eb27ebb8,0x00000000eb280000)
  from space 512K, 37% used [0x00000000eb600000,0x00000000eb630000,0x00000000eb680000)
  to   space 512K, 0% used [0x00000000eb580000,0x00000000eb580000,0x00000000eb600000)
 ParOldGen       total 229888K, used 181954K [0x00000000c0000000, 0x00000000ce080000, 0x00000000eab00000)
  object space 229888K, 79% used [0x00000000c0000000,0x00000000cb1b0a20,0x00000000ce080000)
 Metaspace       used 68960K, committed 70016K, reserved 1114112K
  class space    used 8301K, committed 8832K, reserved 1048576K
}
Event: 49.695 GC heap after
{Heap after GC invocations=370 (full 14):
 PSYoungGen      total 8192K, used 496K [0x00000000eab00000, 0x00000000eb680000, 0x0000000100000000)
  eden space 7680K, 0% used [0x00000000eab00000,0x00000000eab00000,0x00000000eb280000)
  from space 512K, 96% used [0x00000000eb580000,0x00000000eb5fc010,0x00000000eb600000)
  to   space 512K, 0% used [0x00000000eb600000,0x00000000eb600000,0x00000000eb680000)
 ParOldGen       total 229888K, used 182921K [0x00000000c0000000, 0x00000000ce080000, 0x00000000eab00000)
  object space 229888K, 79% used [0x00000000c0000000,0x00000000cb2a26b8,0x00000000ce080000)
 Metaspace       used 68960K, committed 70016K, reserved 1114112K
  class space    used 8301K, committed 8832K, reserved 1048576K
}
Event: 49.858 GC heap before
{Heap before GC invocations=371 (full 14):
 PSYoungGen      total 8192K, used 8176K [0x00000000eab00000, 0x00000000eb680000, 0x0000000100000000)
  eden space 7680K, 100% used [0x00000000eab00000,0x00000000eb280000,0x00000000eb280000)
  from space 512K, 96% used [0x00000000eb580000,0x00000000eb5fc010,0x00000000eb600000)
  to   space 512K, 0% used [0x00000000eb600000,0x00000000eb600000,0x00000000eb680000)
 ParOldGen       total 229888K, used 182921K [0x00000000c0000000, 0x00000000ce080000, 0x00000000eab00000)
  object space 229888K, 79% used [0x00000000c0000000,0x00000000cb2a26b8,0x00000000ce080000)
 Metaspace       used 69332K, committed 70464K, reserved 1114112K
  class space    used 8354K, committed 8896K, reserved 1048576K
}
Event: 49.860 GC heap after
{Heap after GC invocations=371 (full 14):
 PSYoungGen      total 8192K, used 496K [0x00000000eab00000, 0x00000000eb680000, 0x0000000100000000)
  eden space 7680K, 0% used [0x00000000eab00000,0x00000000eab00000,0x00000000eb280000)
  from space 512K, 96% used [0x00000000eb600000,0x00000000eb67c010,0x00000000eb680000)
  to   space 1536K, 0% used [0x00000000eb380000,0x00000000eb380000,0x00000000eb500000)
 ParOldGen       total 229888K, used 183540K [0x00000000c0000000, 0x00000000ce080000, 0x00000000eab00000)
  object space 229888K, 79% used [0x00000000c0000000,0x00000000cb33d2c8,0x00000000ce080000)
 Metaspace       used 69332K, committed 70464K, reserved 1114112K
  class space    used 8354K, committed 8896K, reserved 1048576K
}
Event: 49.970 GC heap before
{Heap before GC invocations=372 (full 14):
 PSYoungGen      total 8192K, used 8176K [0x00000000eab00000, 0x00000000eb680000, 0x0000000100000000)
  eden space 7680K, 100% used [0x00000000eab00000,0x00000000eb280000,0x00000000eb280000)
  from space 512K, 96% used [0x00000000eb600000,0x00000000eb67c010,0x00000000eb680000)
  to   space 1536K, 0% used [0x00000000eb380000,0x00000000eb380000,0x00000000eb500000)
 ParOldGen       total 229888K, used 183540K [0x00000000c0000000, 0x00000000ce080000, 0x00000000eab00000)
  object space 229888K, 79% used [0x00000000c0000000,0x00000000cb33d2c8,0x00000000ce080000)
 Metaspace       used 69899K, committed 71040K, reserved 1114112K
  class space    used 8432K, committed 8960K, reserved 1048576K
}
Event: 49.973 GC heap after
{Heap after GC invocations=372 (full 14):
 PSYoungGen      total 9216K, used 1536K [0x00000000eab00000, 0x00000000eb680000, 0x0000000100000000)
  eden space 7680K, 0% used [0x00000000eab00000,0x00000000eab00000,0x00000000eb280000)
  from space 1536K, 100% used [0x00000000eb380000,0x00000000eb500000,0x00000000eb500000)
  to   space 1536K, 0% used [0x00000000eb500000,0x00000000eb500000,0x00000000eb680000)
 ParOldGen       total 229888K, used 183754K [0x00000000c0000000, 0x00000000ce080000, 0x00000000eab00000)
  object space 229888K, 79% used [0x00000000c0000000,0x00000000cb372af8,0x00000000ce080000)
 Metaspace       used 69899K, committed 71040K, reserved 1114112K
  class space    used 8432K, committed 8960K, reserved 1048576K
}
Event: 50.124 GC heap before
{Heap before GC invocations=373 (full 14):
 PSYoungGen      total 9216K, used 9216K [0x00000000eab00000, 0x00000000eb680000, 0x0000000100000000)
  eden space 7680K, 100% used [0x00000000eab00000,0x00000000eb280000,0x00000000eb280000)
  from space 1536K, 100% used [0x00000000eb380000,0x00000000eb500000,0x00000000eb500000)
  to   space 1536K, 0% used [0x00000000eb500000,0x00000000eb500000,0x00000000eb680000)
 ParOldGen       total 229888K, used 183754K [0x00000000c0000000, 0x00000000ce080000, 0x00000000eab00000)
  object space 229888K, 79% used [0x00000000c0000000,0x00000000cb372af8,0x00000000ce080000)
 Metaspace       used 70060K, committed 71232K, reserved 1114112K
  class space    used 8458K, committed 9024K, reserved 1048576K
}
Event: 50.127 GC heap after
{Heap after GC invocations=373 (full 14):
 PSYoungGen      total 9216K, used 1536K [0x00000000eab00000, 0x00000000eb680000, 0x0000000100000000)
  eden space 7680K, 0% used [0x00000000eab00000,0x00000000eab00000,0x00000000eb280000)
  from space 1536K, 100% used [0x00000000eb500000,0x00000000eb680000,0x00000000eb680000)
  to   space 2048K, 0% used [0x00000000eb280000,0x00000000eb280000,0x00000000eb480000)
 ParOldGen       total 229888K, used 183826K [0x00000000c0000000, 0x00000000ce080000, 0x00000000eab00000)
  object space 229888K, 79% used [0x00000000c0000000,0x00000000cb384af8,0x00000000ce080000)
 Metaspace       used 70060K, committed 71232K, reserved 1114112K
  class space    used 8458K, committed 9024K, reserved 1048576K
}
Event: 50.304 GC heap before
{Heap before GC invocations=374 (full 14):
 PSYoungGen      total 9216K, used 9216K [0x00000000eab00000, 0x00000000eb680000, 0x0000000100000000)
  eden space 7680K, 100% used [0x00000000eab00000,0x00000000eb280000,0x00000000eb280000)
  from space 1536K, 100% used [0x00000000eb500000,0x00000000eb680000,0x00000000eb680000)
  to   space 2048K, 0% used [0x00000000eb280000,0x00000000eb280000,0x00000000eb480000)
 ParOldGen       total 229888K, used 183826K [0x00000000c0000000, 0x00000000ce080000, 0x00000000eab00000)
  object space 229888K, 79% used [0x00000000c0000000,0x00000000cb384af8,0x00000000ce080000)
 Metaspace       used 70473K, committed 71552K, reserved 1114112K
  class space    used 8509K, committed 9024K, reserved 1048576K
}
Event: 50.307 GC heap after
{Heap after GC invocations=374 (full 14):
 PSYoungGen      total 9728K, used 1792K [0x00000000eab00000, 0x00000000eb680000, 0x0000000100000000)
  eden space 7680K, 0% used [0x00000000eab00000,0x00000000eab00000,0x00000000eb280000)
  from space 2048K, 87% used [0x00000000eb280000,0x00000000eb440000,0x00000000eb480000)
  to   space 2048K, 0% used [0x00000000eb480000,0x00000000eb480000,0x00000000eb680000)
 ParOldGen       total 229888K, used 183834K [0x00000000c0000000, 0x00000000ce080000, 0x00000000eab00000)
  object space 229888K, 79% used [0x00000000c0000000,0x00000000cb386af8,0x00000000ce080000)
 Metaspace       used 70473K, committed 71552K, reserved 1114112K
  class space    used 8509K, committed 9024K, reserved 1048576K
}
Event: 50.484 GC heap before
{Heap before GC invocations=375 (full 14):
 PSYoungGen      total 9728K, used 9472K [0x00000000eab00000, 0x00000000eb680000, 0x0000000100000000)
  eden space 7680K, 100% used [0x00000000eab00000,0x00000000eb280000,0x00000000eb280000)
  from space 2048K, 87% used [0x00000000eb280000,0x00000000eb440000,0x00000000eb480000)
  to   space 2048K, 0% used [0x00000000eb480000,0x00000000eb480000,0x00000000eb680000)
 ParOldGen       total 229888K, used 183834K [0x00000000c0000000, 0x00000000ce080000, 0x00000000eab00000)
  object space 229888K, 79% used [0x00000000c0000000,0x00000000cb386af8,0x00000000ce080000)
 Metaspace       used 70560K, committed 71744K, reserved 1114112K
  class space    used 8520K, committed 9088K, reserved 1048576K
}
Event: 50.487 GC heap after
{Heap after GC invocations=375 (full 14):
 PSYoungGen      total 9216K, used 2048K [0x00000000eab00000, 0x00000000eb780000, 0x0000000100000000)
  eden space 7168K, 0% used [0x00000000eab00000,0x00000000eab00000,0x00000000eb200000)
  from space 2048K, 100% used [0x00000000eb480000,0x00000000eb680000,0x00000000eb680000)
  to   space 2560K, 0% used [0x00000000eb200000,0x00000000eb200000,0x00000000eb480000)
 ParOldGen       total 229888K, used 183914K [0x00000000c0000000, 0x00000000ce080000, 0x00000000eab00000)
  object space 229888K, 80% used [0x00000000c0000000,0x00000000cb39aaf8,0x00000000ce080000)
 Metaspace       used 70560K, committed 71744K, reserved 1114112K
  class space    used 8520K, committed 9088K, reserved 1048576K
}

