# JRE version: OpenJDK Runtime Environment Temurin-17.0.8.1+1 (17.0.8.1+1) (build 17.0.8.1+1)
# Java VM: OpenJDK 64-Bit Server VM Temurin-17.0.8.1+1 (17.0.8.1+1, mixed mode, tiered, compressed oops, compressed class ptrs, parallel gc, windows-amd64)
GC Precious Log:
 CPUs: 12 total, 12 available
 Memory: 7579M
 Large Page Support: Disabled
 NUMA Support: Disabled
 Compressed Oops: Enabled (32-bit)
 Alignments: Space 512K, Generation 512K, Heap 2M
 Heap Min Capacity: 100M
 Heap Initial Capacity: 100M
 Heap Max Capacity: 1G
 Pre-touch: Disabled
 Parallel Workers: 10
Heap:
 PSYoungGen      total 8192K, used 1744K [0x00000000eab00000, 0x00000000eb500000, 0x0000000100000000)
  eden space 6144K, 12% used [0x00000000eab00000,0x00000000eabbc3f0,0x00000000eb100000)
  from space 2048K, 48% used [0x00000000eb100000,0x00000000eb1f8000,0x00000000eb300000)
  to   space 1536K, 0% used [0x00000000eb380000,0x00000000eb380000,0x00000000eb500000)
 ParOldGen       total 366080K, used 361382K [0x00000000c0000000, 0x00000000d6580000, 0x00000000eab00000)
  object space 366080K, 98% used [0x00000000c0000000,0x00000000d60e9bf0,0x00000000d6580000)
 Metaspace       used 68885K, committed 70016K, reserved 1114112K
  class space    used 8298K, committed 8832K, reserved 1048576K
GC Heap History (20 events):
Event: 31.127 GC heap before
{Heap before GC invocations=312 (full 12):
 PSYoungGen      total 6656K, used 6432K [0x00000000eab00000, 0x00000000eb500000, 0x0000000100000000)
  eden space 6144K, 100% used [0x00000000eab00000,0x00000000eb100000,0x00000000eb100000)
  from space 512K, 56% used [0x00000000eb480000,0x00000000eb4c8000,0x00000000eb500000)
  to   space 512K, 0% used [0x00000000eb400000,0x00000000eb400000,0x00000000eb480000)
 ParOldGen       total 366080K, used 359983K [0x00000000c0000000, 0x00000000d6580000, 0x00000000eab00000)
  object space 366080K, 98% used [0x00000000c0000000,0x00000000d5f8bdf8,0x00000000d6580000)
 Metaspace       used 68392K, committed 69440K, reserved 1114112K
  class space    used 8230K, committed 8704K, reserved 1048576K
}
Event: 31.129 GC heap after
{Heap after GC invocations=312 (full 12):
 PSYoungGen      total 6656K, used 320K [0x00000000eab00000, 0x00000000eb500000, 0x0000000100000000)
  eden space 6144K, 0% used [0x00000000eab00000,0x00000000eab00000,0x00000000eb100000)
  from space 512K, 62% used [0x00000000eb400000,0x00000000eb450000,0x00000000eb480000)
  to   space 512K, 0% used [0x00000000eb480000,0x00000000eb480000,0x00000000eb500000)
 ParOldGen       total 366080K, used 359983K [0x00000000c0000000, 0x00000000d6580000, 0x00000000eab00000)
  object space 366080K, 98% used [0x00000000c0000000,0x00000000d5f8bdf8,0x00000000d6580000)
 Metaspace       used 68392K, committed 69440K, reserved 1114112K
  class space    used 8230K, committed 8704K, reserved 1048576K
}
Event: 31.142 GC heap before
{Heap before GC invocations=313 (full 12):
 PSYoungGen      total 6656K, used 6464K [0x00000000eab00000, 0x00000000eb500000, 0x0000000100000000)
  eden space 6144K, 100% used [0x00000000eab00000,0x00000000eb100000,0x00000000eb100000)
  from space 512K, 62% used [0x00000000eb400000,0x00000000eb450000,0x00000000eb480000)
  to   space 512K, 0% used [0x00000000eb480000,0x00000000eb480000,0x00000000eb500000)
 ParOldGen       total 366080K, used 359983K [0x00000000c0000000, 0x00000000d6580000, 0x00000000eab00000)
  object space 366080K, 98% used [0x00000000c0000000,0x00000000d5f8bdf8,0x00000000d6580000)
 Metaspace       used 68392K, committed 69440K, reserved 1114112K
  class space    used 8230K, committed 8704K, reserved 1048576K
}
Event: 31.144 GC heap after
{Heap after GC invocations=313 (full 12):
 PSYoungGen      total 6656K, used 320K [0x00000000eab00000, 0x00000000eb500000, 0x0000000100000000)
  eden space 6144K, 0% used [0x00000000eab00000,0x00000000eab00000,0x00000000eb100000)
  from space 512K, 62% used [0x00000000eb480000,0x00000000eb4d0000,0x00000000eb500000)
  to   space 512K, 0% used [0x00000000eb400000,0x00000000eb400000,0x00000000eb480000)
 ParOldGen       total 366080K, used 359983K [0x00000000c0000000, 0x00000000d6580000, 0x00000000eab00000)
  object space 366080K, 98% used [0x00000000c0000000,0x00000000d5f8bdf8,0x00000000d6580000)
 Metaspace       used 68392K, committed 69440K, reserved 1114112K
  class space    used 8230K, committed 8704K, reserved 1048576K
}
Event: 31.173 GC heap before
{Heap before GC invocations=314 (full 12):
 PSYoungGen      total 6656K, used 6464K [0x00000000eab00000, 0x00000000eb500000, 0x0000000100000000)
  eden space 6144K, 100% used [0x00000000eab00000,0x00000000eb100000,0x00000000eb100000)
  from space 512K, 62% used [0x00000000eb480000,0x00000000eb4d0000,0x00000000eb500000)
  to   space 512K, 0% used [0x00000000eb400000,0x00000000eb400000,0x00000000eb480000)
 ParOldGen       total 366080K, used 359983K [0x00000000c0000000, 0x00000000d6580000, 0x00000000eab00000)
  object space 366080K, 98% used [0x00000000c0000000,0x00000000d5f8bdf8,0x00000000d6580000)
 Metaspace       used 68392K, committed 69440K, reserved 1114112K
  class space    used 8230K, committed 8704K, reserved 1048576K
}
Event: 31.175 GC heap after
{Heap after GC invocations=314 (full 12):
 PSYoungGen      total 6656K, used 352K [0x00000000eab00000, 0x00000000eb500000, 0x0000000100000000)
  eden space 6144K, 0% used [0x00000000eab00000,0x00000000eab00000,0x00000000eb100000)
  from space 512K, 68% used [0x00000000eb400000,0x00000000eb458000,0x00000000eb480000)
  to   space 512K, 0% used [0x00000000eb480000,0x00000000eb480000,0x00000000eb500000)
 ParOldGen       total 366080K, used 359983K [0x00000000c0000000, 0x00000000d6580000, 0x00000000eab00000)
  object space 366080K, 98% used [0x00000000c0000000,0x00000000d5f8bdf8,0x00000000d6580000)
 Metaspace       used 68392K, committed 69440K, reserved 1114112K
  class space    used 8230K, committed 8704K, reserved 1048576K
}
Event: 31.195 GC heap before
{Heap before GC invocations=315 (full 12):
 PSYoungGen      total 6656K, used 6496K [0x00000000eab00000, 0x00000000eb500000, 0x0000000100000000)
  eden space 6144K, 100% used [0x00000000eab00000,0x00000000eb100000,0x00000000eb100000)
  from space 512K, 68% used [0x00000000eb400000,0x00000000eb458000,0x00000000eb480000)
  to   space 512K, 0% used [0x00000000eb480000,0x00000000eb480000,0x00000000eb500000)
 ParOldGen       total 366080K, used 359983K [0x00000000c0000000, 0x00000000d6580000, 0x00000000eab00000)
  object space 366080K, 98% used [0x00000000c0000000,0x00000000d5f8bdf8,0x00000000d6580000)
 Metaspace       used 68392K, committed 69440K, reserved 1114112K
  class space    used 8230K, committed 8704K, reserved 1048576K
}
Event: 31.198 GC heap after
{Heap after GC invocations=315 (full 12):
 PSYoungGen      total 6656K, used 320K [0x00000000eab00000, 0x00000000eb500000, 0x0000000100000000)
  eden space 6144K, 0% used [0x00000000eab00000,0x00000000eab00000,0x00000000eb100000)
  from space 512K, 62% used [0x00000000eb480000,0x00000000eb4d0000,0x00000000eb500000)
  to   space 512K, 0% used [0x00000000eb400000,0x00000000eb400000,0x00000000eb480000)
 ParOldGen       total 366080K, used 359983K [0x00000000c0000000, 0x00000000d6580000, 0x00000000eab00000)
  object space 366080K, 98% used [0x00000000c0000000,0x00000000d5f8bdf8,0x00000000d6580000)
 Metaspace       used 68392K, committed 69440K, reserved 1114112K
  class space    used 8230K, committed 8704K, reserved 1048576K
}
Event: 31.228 GC heap before
{Heap before GC invocations=316 (full 12):
 PSYoungGen      total 6656K, used 6464K [0x00000000eab00000, 0x00000000eb500000, 0x0000000100000000)
  eden space 6144K, 100% used [0x00000000eab00000,0x00000000eb100000,0x00000000eb100000)
  from space 512K, 62% used [0x00000000eb480000,0x00000000eb4d0000,0x00000000eb500000)
  to   space 512K, 0% used [0x00000000eb400000,0x00000000eb400000,0x00000000eb480000)
 ParOldGen       total 366080K, used 359983K [0x00000000c0000000, 0x00000000d6580000, 0x00000000eab00000)
  object space 366080K, 98% used [0x00000000c0000000,0x00000000d5f8bdf8,0x00000000d6580000)
 Metaspace       used 68392K, committed 69440K, reserved 1114112K
  class space    used 8230K, committed 8704K, reserved 1048576K
}
Event: 31.230 GC heap after
{Heap after GC invocations=316 (full 12):
 PSYoungGen      total 6656K, used 320K [0x00000000eab00000, 0x00000000eb500000, 0x0000000100000000)
  eden space 6144K, 0% used [0x00000000eab00000,0x00000000eab00000,0x00000000eb100000)
  from space 512K, 62% used [0x00000000eb400000,0x00000000eb450000,0x00000000eb480000)
  to   space 512K, 0% used [0x00000000eb480000,0x00000000eb480000,0x00000000eb500000)
 ParOldGen       total 366080K, used 359983K [0x00000000c0000000, 0x00000000d6580000, 0x00000000eab00000)
  object space 366080K, 98% used [0x00000000c0000000,0x00000000d5f8bdf8,0x00000000d6580000)
 Metaspace       used 68392K, committed 69440K, reserved 1114112K
  class space    used 8230K, committed 8704K, reserved 1048576K
}
Event: 31.244 GC heap before
{Heap before GC invocations=317 (full 12):
 PSYoungGen      total 6656K, used 6464K [0x00000000eab00000, 0x00000000eb500000, 0x0000000100000000)
  eden space 6144K, 100% used [0x00000000eab00000,0x00000000eb100000,0x00000000eb100000)
  from space 512K, 62% used [0x00000000eb400000,0x00000000eb450000,0x00000000eb480000)
  to   space 512K, 0% used [0x00000000eb480000,0x00000000eb480000,0x00000000eb500000)
 ParOldGen       total 366080K, used 359983K [0x00000000c0000000, 0x00000000d6580000, 0x00000000eab00000)
  object space 366080K, 98% used [0x00000000c0000000,0x00000000d5f8bdf8,0x00000000d6580000)
 Metaspace       used 68392K, committed 69440K, reserved 1114112K
  class space    used 8230K, committed 8704K, reserved 1048576K
}
Event: 31.247 GC heap after
{Heap after GC invocations=317 (full 12):
 PSYoungGen      total 6656K, used 352K [0x00000000eab00000, 0x00000000eb500000, 0x0000000100000000)
  eden space 6144K, 0% used [0x00000000eab00000,0x00000000eab00000,0x00000000eb100000)
  from space 512K, 68% used [0x00000000eb480000,0x00000000eb4d8000,0x00000000eb500000)
  to   space 512K, 0% used [0x00000000eb400000,0x00000000eb400000,0x00000000eb480000)
 ParOldGen       total 366080K, used 359983K [0x00000000c0000000, 0x00000000d6580000, 0x00000000eab00000)
  object space 366080K, 98% used [0x00000000c0000000,0x00000000d5f8bdf8,0x00000000d6580000)
 Metaspace       used 68392K, committed 69440K, reserved 1114112K
  class space    used 8230K, committed 8704K, reserved 1048576K
}
Event: 31.276 GC heap before
{Heap before GC invocations=318 (full 12):
 PSYoungGen      total 6656K, used 6496K [0x00000000eab00000, 0x00000000eb500000, 0x0000000100000000)
  eden space 6144K, 100% used [0x00000000eab00000,0x00000000eb100000,0x00000000eb100000)
  from space 512K, 68% used [0x00000000eb480000,0x00000000eb4d8000,0x00000000eb500000)
  to   space 512K, 0% used [0x00000000eb400000,0x00000000eb400000,0x00000000eb480000)
 ParOldGen       total 366080K, used 359983K [0x00000000c0000000, 0x00000000d6580000, 0x00000000eab00000)
  object space 366080K, 98% used [0x00000000c0000000,0x00000000d5f8bdf8,0x00000000d6580000)
 Metaspace       used 68392K, committed 69440K, reserved 1114112K
  class space    used 8230K, committed 8704K, reserved 1048576K
}
Event: 31.279 GC heap after
{Heap after GC invocations=318 (full 12):
 PSYoungGen      total 6656K, used 288K [0x00000000eab00000, 0x00000000eb500000, 0x0000000100000000)
  eden space 6144K, 0% used [0x00000000eab00000,0x00000000eab00000,0x00000000eb100000)
  from space 512K, 56% used [0x00000000eb400000,0x00000000eb448000,0x00000000eb480000)
  to   space 512K, 0% used [0x00000000eb480000,0x00000000eb480000,0x00000000eb500000)
 ParOldGen       total 366080K, used 359983K [0x00000000c0000000, 0x00000000d6580000, 0x00000000eab00000)
  object space 366080K, 98% used [0x00000000c0000000,0x00000000d5f8bdf8,0x00000000d6580000)
 Metaspace       used 68392K, committed 69440K, reserved 1114112K
  class space    used 8230K, committed 8704K, reserved 1048576K
}
Event: 31.305 GC heap before
{Heap before GC invocations=319 (full 12):
 PSYoungGen      total 6656K, used 6432K [0x00000000eab00000, 0x00000000eb500000, 0x0000000100000000)
  eden space 6144K, 100% used [0x00000000eab00000,0x00000000eb100000,0x00000000eb100000)
  from space 512K, 56% used [0x00000000eb400000,0x00000000eb448000,0x00000000eb480000)
  to   space 512K, 0% used [0x00000000eb480000,0x00000000eb480000,0x00000000eb500000)
 ParOldGen       total 366080K, used 359983K [0x00000000c0000000, 0x00000000d6580000, 0x00000000eab00000)
  object space 366080K, 98% used [0x00000000c0000000,0x00000000d5f8bdf8,0x00000000d6580000)
 Metaspace       used 68392K, committed 69440K, reserved 1114112K
  class space    used 8230K, committed 8704K, reserved 1048576K
}
Event: 31.308 GC heap after
{Heap after GC invocations=319 (full 12):
 PSYoungGen      total 6656K, used 352K [0x00000000eab00000, 0x00000000eb500000, 0x0000000100000000)
  eden space 6144K, 0% used [0x00000000eab00000,0x00000000eab00000,0x00000000eb100000)
  from space 512K, 68% used [0x00000000eb480000,0x00000000eb4d8000,0x00000000eb500000)
  to   space 512K, 0% used [0x00000000eb400000,0x00000000eb400000,0x00000000eb480000)
 ParOldGen       total 366080K, used 359999K [0x00000000c0000000, 0x00000000d6580000, 0x00000000eab00000)
  object space 366080K, 98% used [0x00000000c0000000,0x00000000d5f8fdf8,0x00000000d6580000)
 Metaspace       used 68392K, committed 69440K, reserved 1114112K
  class space    used 8230K, committed 8704K, reserved 1048576K
}
Event: 31.508 GC heap before
{Heap before GC invocations=320 (full 12):
 PSYoungGen      total 6656K, used 6496K [0x00000000eab00000, 0x00000000eb500000, 0x0000000100000000)
  eden space 6144K, 100% used [0x00000000eab00000,0x00000000eb100000,0x00000000eb100000)
  from space 512K, 68% used [0x00000000eb480000,0x00000000eb4d8000,0x00000000eb500000)
  to   space 512K, 0% used [0x00000000eb400000,0x00000000eb400000,0x00000000eb480000)
 ParOldGen       total 366080K, used 359999K [0x00000000c0000000, 0x00000000d6580000, 0x00000000eab00000)
  object space 366080K, 98% used [0x00000000c0000000,0x00000000d5f8fdf8,0x00000000d6580000)
 Metaspace       used 68408K, committed 69504K, reserved 1114112K
  class space    used 8231K, committed 8704K, reserved 1048576K
}
Event: 31.511 GC heap after
{Heap after GC invocations=320 (full 12):
 PSYoungGen      total 6656K, used 320K [0x00000000eab00000, 0x00000000eb500000, 0x0000000100000000)
  eden space 6144K, 0% used [0x00000000eab00000,0x00000000eab00000,0x00000000eb100000)
  from space 512K, 62% used [0x00000000eb400000,0x00000000eb450000,0x00000000eb480000)
  to   space 512K, 0% used [0x00000000eb480000,0x00000000eb480000,0x00000000eb500000)
 ParOldGen       total 366080K, used 360143K [0x00000000c0000000, 0x00000000d6580000, 0x00000000eab00000)
  object space 366080K, 98% used [0x00000000c0000000,0x00000000d5fb3df8,0x00000000d6580000)
 Metaspace       used 68408K, committed 69504K, reserved 1114112K
  class space    used 8231K, committed 8704K, reserved 1048576K
}
Event: 31.631 GC heap before
{Heap before GC invocations=321 (full 12):
 PSYoungGen      total 6656K, used 5947K [0x00000000eab00000, 0x00000000eb500000, 0x0000000100000000)
  eden space 6144K, 91% used [0x00000000eab00000,0x00000000eb07ede8,0x00000000eb100000)
  from space 512K, 62% used [0x00000000eb400000,0x00000000eb450000,0x00000000eb480000)
  to   space 512K, 0% used [0x00000000eb480000,0x00000000eb480000,0x00000000eb500000)
 ParOldGen       total 366080K, used 360143K [0x00000000c0000000, 0x00000000d6580000, 0x00000000eab00000)
  object space 366080K, 98% used [0x00000000c0000000,0x00000000d5fb3df8,0x00000000d6580000)
 Metaspace       used 68540K, committed 69696K, reserved 1114112K
  class space    used 8250K, committed 8768K, reserved 1048576K
}
Event: 31.635 GC heap after
{Heap after GC invocations=321 (full 12):
 PSYoungGen      total 6656K, used 512K [0x00000000eab00000, 0x00000000eb500000, 0x0000000100000000)
  eden space 6144K, 0% used [0x00000000eab00000,0x00000000eab00000,0x00000000eb100000)
  from space 512K, 100% used [0x00000000eb480000,0x00000000eb500000,0x00000000eb500000)
  to   space 2048K, 0% used [0x00000000eb100000,0x00000000eb100000,0x00000000eb300000)
 ParOldGen       total 366080K, used 361366K [0x00000000c0000000, 0x00000000d6580000, 0x00000000eab00000)
  object space 366080K, 98% used [0x00000000c0000000,0x00000000d60e5bf0,0x00000000d6580000)
 Metaspace       used 68540K, committed 69696K, reserved 1114112K
  class space    used 8250K, committed 8768K, reserved 1048576K
}

