# JRE version: OpenJDK Runtime Environment Temurin-17.0.8.1+1 (17.0.8.1+1) (build 17.0.8.1+1)
# Java VM: OpenJDK 64-Bit Server VM Temurin-17.0.8.1+1 (17.0.8.1+1, mixed mode, tiered, compressed oops, compressed class ptrs, parallel gc, windows-amd64)
GC Precious Log:
 CPUs: 12 total, 12 available
 Memory: 7579M
 Large Page Support: Disabled
 NUMA Support: Disabled
 Compressed Oops: Enabled (32-bit)
 Alignments: Space 512K, Generation 512K, Heap 2M
 Heap Min Capacity: 100M
 Heap Initial Capacity: 100M
 Heap Max Capacity: 1G
 Pre-touch: Disabled
 Parallel Workers: 10
Heap:
 PSYoungGen      total 23040K, used 21496K [0x00000000eab00000, 0x00000000ec500000, 0x0000000100000000)
  eden space 22016K, 93% used [0x00000000eab00000,0x00000000ebf0e008,0x00000000ec080000)
  from space 1024K, 93% used [0x00000000ec400000,0x00000000ec4f0000,0x00000000ec500000)
  to   space 1024K, 0% used [0x00000000ec300000,0x00000000ec300000,0x00000000ec400000)
 ParOldGen       total 68608K, used 17580K [0x00000000c0000000, 0x00000000c4300000, 0x00000000eab00000)
  object space 68608K, 25% used [0x00000000c0000000,0x00000000c112b3f0,0x00000000c4300000)
 Metaspace       used 43755K, committed 44608K, reserved 1114112K
  class space    used 4594K, committed 4928K, reserved 1048576K
GC Heap History (20 events):
Event: 2.544 GC heap before
{Heap before GC invocations=5 (full 1):
 PSYoungGen      total 29696K, used 4065K [0x00000000eab00000, 0x00000000ecc00000, 0x0000000100000000)
  eden space 25600K, 0% used [0x00000000eab00000,0x00000000eab00000,0x00000000ec400000)
  from space 4096K, 99% used [0x00000000ec800000,0x00000000ecbf87e0,0x00000000ecc00000)
  to   space 4096K, 0% used [0x00000000ec400000,0x00000000ec400000,0x00000000ec800000)
 ParOldGen       total 68608K, used 6604K [0x00000000c0000000, 0x00000000c4300000, 0x00000000eab00000)
  object space 68608K, 9% used [0x00000000c0000000,0x00000000c0673330,0x00000000c4300000)
 Metaspace       used 21014K, committed 21504K, reserved 1114112K
  class space    used 2129K, committed 2368K, reserved 1048576K
}
Event: 2.572 GC heap after
{Heap after GC invocations=5 (full 1):
 PSYoungGen      total 29696K, used 0K [0x00000000eab00000, 0x00000000ecc00000, 0x0000000100000000)
  eden space 25600K, 0% used [0x00000000eab00000,0x00000000eab00000,0x00000000ec400000)
  from space 4096K, 0% used [0x00000000ec800000,0x00000000ec800000,0x00000000ecc00000)
  to   space 4096K, 0% used [0x00000000ec400000,0x00000000ec400000,0x00000000ec800000)
 ParOldGen       total 68608K, used 10370K [0x00000000c0000000, 0x00000000c4300000, 0x00000000eab00000)
  object space 68608K, 15% used [0x00000000c0000000,0x00000000c0a20a90,0x00000000c4300000)
 Metaspace       used 21001K, committed 21504K, reserved 1114112K
  class space    used 2125K, committed 2368K, reserved 1048576K
}
Event: 3.010 GC heap before
{Heap before GC invocations=6 (full 1):
 PSYoungGen      total 29696K, used 25600K [0x00000000eab00000, 0x00000000ecc00000, 0x0000000100000000)
  eden space 25600K, 100% used [0x00000000eab00000,0x00000000ec400000,0x00000000ec400000)
  from space 4096K, 0% used [0x00000000ec800000,0x00000000ec800000,0x00000000ecc00000)
  to   space 4096K, 0% used [0x00000000ec400000,0x00000000ec400000,0x00000000ec800000)
 ParOldGen       total 68608K, used 10370K [0x00000000c0000000, 0x00000000c4300000, 0x00000000eab00000)
  object space 68608K, 15% used [0x00000000c0000000,0x00000000c0a20a90,0x00000000c4300000)
 Metaspace       used 23904K, committed 24448K, reserved 1114112K
  class space    used 2426K, committed 2688K, reserved 1048576K
}
Event: 3.013 GC heap after
{Heap after GC invocations=6 (full 1):
 PSYoungGen      total 28160K, used 2864K [0x00000000eab00000, 0x00000000ecb80000, 0x0000000100000000)
  eden space 25088K, 0% used [0x00000000eab00000,0x00000000eab00000,0x00000000ec380000)
  from space 3072K, 93% used [0x00000000ec400000,0x00000000ec6cc0a8,0x00000000ec700000)
  to   space 4096K, 0% used [0x00000000ec780000,0x00000000ec780000,0x00000000ecb80000)
 ParOldGen       total 68608K, used 10378K [0x00000000c0000000, 0x00000000c4300000, 0x00000000eab00000)
  object space 68608K, 15% used [0x00000000c0000000,0x00000000c0a22a90,0x00000000c4300000)
 Metaspace       used 23904K, committed 24448K, reserved 1114112K
  class space    used 2426K, committed 2688K, reserved 1048576K
}
Event: 3.270 GC heap before
{Heap before GC invocations=7 (full 1):
 PSYoungGen      total 28160K, used 27937K [0x00000000eab00000, 0x00000000ecb80000, 0x0000000100000000)
  eden space 25088K, 99% used [0x00000000eab00000,0x00000000ec37c458,0x00000000ec380000)
  from space 3072K, 93% used [0x00000000ec400000,0x00000000ec6cc0a8,0x00000000ec700000)
  to   space 4096K, 0% used [0x00000000ec780000,0x00000000ec780000,0x00000000ecb80000)
 ParOldGen       total 68608K, used 10378K [0x00000000c0000000, 0x00000000c4300000, 0x00000000eab00000)
  object space 68608K, 15% used [0x00000000c0000000,0x00000000c0a22a90,0x00000000c4300000)
 Metaspace       used 27176K, committed 27840K, reserved 1114112K
  class space    used 2771K, committed 3008K, reserved 1048576K
}
Event: 3.272 GC heap after
{Heap after GC invocations=7 (full 1):
 PSYoungGen      total 27136K, used 4066K [0x00000000eab00000, 0x00000000ecf00000, 0x0000000100000000)
  eden space 23040K, 0% used [0x00000000eab00000,0x00000000eab00000,0x00000000ec180000)
  from space 4096K, 99% used [0x00000000ec780000,0x00000000ecb78ab8,0x00000000ecb80000)
  to   space 6144K, 0% used [0x00000000ec180000,0x00000000ec180000,0x00000000ec780000)
 ParOldGen       total 68608K, used 11660K [0x00000000c0000000, 0x00000000c4300000, 0x00000000eab00000)
  object space 68608K, 16% used [0x00000000c0000000,0x00000000c0b632a8,0x00000000c4300000)
 Metaspace       used 27176K, committed 27840K, reserved 1114112K
  class space    used 2771K, committed 3008K, reserved 1048576K
}
Event: 3.440 GC heap before
{Heap before GC invocations=8 (full 1):
 PSYoungGen      total 27136K, used 27106K [0x00000000eab00000, 0x00000000ecf00000, 0x0000000100000000)
  eden space 23040K, 100% used [0x00000000eab00000,0x00000000ec180000,0x00000000ec180000)
  from space 4096K, 99% used [0x00000000ec780000,0x00000000ecb78ab8,0x00000000ecb80000)
  to   space 6144K, 0% used [0x00000000ec180000,0x00000000ec180000,0x00000000ec780000)
 ParOldGen       total 68608K, used 11660K [0x00000000c0000000, 0x00000000c4300000, 0x00000000eab00000)
  object space 68608K, 16% used [0x00000000c0000000,0x00000000c0b632a8,0x00000000c4300000)
 Metaspace       used 29737K, committed 30336K, reserved 1114112K
  class space    used 2939K, committed 3200K, reserved 1048576K
}
Event: 3.442 GC heap after
{Heap after GC invocations=8 (full 1):
 PSYoungGen      total 27648K, used 4852K [0x00000000eab00000, 0x00000000ecb00000, 0x0000000100000000)
  eden space 22528K, 0% used [0x00000000eab00000,0x00000000eab00000,0x00000000ec100000)
  from space 5120K, 94% used [0x00000000ec180000,0x00000000ec63d388,0x00000000ec680000)
  to   space 4608K, 0% used [0x00000000ec680000,0x00000000ec680000,0x00000000ecb00000)
 ParOldGen       total 68608K, used 11660K [0x00000000c0000000, 0x00000000c4300000, 0x00000000eab00000)
  object space 68608K, 16% used [0x00000000c0000000,0x00000000c0b632a8,0x00000000c4300000)
 Metaspace       used 29737K, committed 30336K, reserved 1114112K
  class space    used 2939K, committed 3200K, reserved 1048576K
}
Event: 3.557 GC heap before
{Heap before GC invocations=9 (full 1):
 PSYoungGen      total 27648K, used 27380K [0x00000000eab00000, 0x00000000ecb00000, 0x0000000100000000)
  eden space 22528K, 100% used [0x00000000eab00000,0x00000000ec100000,0x00000000ec100000)
  from space 5120K, 94% used [0x00000000ec180000,0x00000000ec63d388,0x00000000ec680000)
  to   space 4608K, 0% used [0x00000000ec680000,0x00000000ec680000,0x00000000ecb00000)
 ParOldGen       total 68608K, used 11660K [0x00000000c0000000, 0x00000000c4300000, 0x00000000eab00000)
  object space 68608K, 16% used [0x00000000c0000000,0x00000000c0b632a8,0x00000000c4300000)
 Metaspace       used 31692K, committed 32320K, reserved 1114112K
  class space    used 3083K, committed 3328K, reserved 1048576K
}
Event: 3.559 GC heap after
{Heap after GC invocations=9 (full 1):
 PSYoungGen      total 26624K, used 4606K [0x00000000eab00000, 0x00000000ecb00000, 0x0000000100000000)
  eden space 22016K, 0% used [0x00000000eab00000,0x00000000eab00000,0x00000000ec080000)
  from space 4608K, 99% used [0x00000000ec680000,0x00000000ecaff9f0,0x00000000ecb00000)
  to   space 5120K, 0% used [0x00000000ec100000,0x00000000ec100000,0x00000000ec600000)
 ParOldGen       total 68608K, used 12112K [0x00000000c0000000, 0x00000000c4300000, 0x00000000eab00000)
  object space 68608K, 17% used [0x00000000c0000000,0x00000000c0bd42b8,0x00000000c4300000)
 Metaspace       used 31692K, committed 32320K, reserved 1114112K
  class space    used 3083K, committed 3328K, reserved 1048576K
}
Event: 4.087 GC heap before
{Heap before GC invocations=10 (full 1):
 PSYoungGen      total 26624K, used 25857K [0x00000000eab00000, 0x00000000ecb00000, 0x0000000100000000)
  eden space 22016K, 96% used [0x00000000eab00000,0x00000000ebfc0ba0,0x00000000ec080000)
  from space 4608K, 99% used [0x00000000ec680000,0x00000000ecaff9f0,0x00000000ecb00000)
  to   space 5120K, 0% used [0x00000000ec100000,0x00000000ec100000,0x00000000ec600000)
 ParOldGen       total 68608K, used 12112K [0x00000000c0000000, 0x00000000c4300000, 0x00000000eab00000)
  object space 68608K, 17% used [0x00000000c0000000,0x00000000c0bd42b8,0x00000000c4300000)
 Metaspace       used 35206K, committed 35840K, reserved 1114112K
  class space    used 3469K, committed 3712K, reserved 1048576K
}
Event: 4.092 GC heap after
{Heap after GC invocations=10 (full 1):
 PSYoungGen      total 25088K, used 2768K [0x00000000eab00000, 0x00000000ec880000, 0x0000000100000000)
  eden space 22016K, 0% used [0x00000000eab00000,0x00000000eab00000,0x00000000ec080000)
  from space 3072K, 90% used [0x00000000ec100000,0x00000000ec3b42d0,0x00000000ec400000)
  to   space 4096K, 0% used [0x00000000ec480000,0x00000000ec480000,0x00000000ec880000)
 ParOldGen       total 68608K, used 15965K [0x00000000c0000000, 0x00000000c4300000, 0x00000000eab00000)
  object space 68608K, 23% used [0x00000000c0000000,0x00000000c0f97498,0x00000000c4300000)
 Metaspace       used 35206K, committed 35840K, reserved 1114112K
  class space    used 3469K, committed 3712K, reserved 1048576K
}
Event: 4.092 GC heap before
{Heap before GC invocations=11 (full 2):
 PSYoungGen      total 25088K, used 2768K [0x00000000eab00000, 0x00000000ec880000, 0x0000000100000000)
  eden space 22016K, 0% used [0x00000000eab00000,0x00000000eab00000,0x00000000ec080000)
  from space 3072K, 90% used [0x00000000ec100000,0x00000000ec3b42d0,0x00000000ec400000)
  to   space 4096K, 0% used [0x00000000ec480000,0x00000000ec480000,0x00000000ec880000)
 ParOldGen       total 68608K, used 15965K [0x00000000c0000000, 0x00000000c4300000, 0x00000000eab00000)
  object space 68608K, 23% used [0x00000000c0000000,0x00000000c0f97498,0x00000000c4300000)
 Metaspace       used 35206K, committed 35840K, reserved 1114112K
  class space    used 3469K, committed 3712K, reserved 1048576K
}
Event: 4.127 GC heap after
{Heap after GC invocations=11 (full 2):
 PSYoungGen      total 25088K, used 0K [0x00000000eab00000, 0x00000000ec880000, 0x0000000100000000)
  eden space 22016K, 0% used [0x00000000eab00000,0x00000000eab00000,0x00000000ec080000)
  from space 3072K, 0% used [0x00000000ec100000,0x00000000ec100000,0x00000000ec400000)
  to   space 4096K, 0% used [0x00000000ec480000,0x00000000ec480000,0x00000000ec880000)
 ParOldGen       total 68608K, used 16509K [0x00000000c0000000, 0x00000000c4300000, 0x00000000eab00000)
  object space 68608K, 24% used [0x00000000c0000000,0x00000000c101f750,0x00000000c4300000)
 Metaspace       used 35206K, committed 35840K, reserved 1114112K
  class space    used 3469K, committed 3712K, reserved 1048576K
}
Event: 4.311 GC heap before
{Heap before GC invocations=12 (full 2):
 PSYoungGen      total 25088K, used 22016K [0x00000000eab00000, 0x00000000ec880000, 0x0000000100000000)
  eden space 22016K, 100% used [0x00000000eab00000,0x00000000ec080000,0x00000000ec080000)
  from space 3072K, 0% used [0x00000000ec100000,0x00000000ec100000,0x00000000ec400000)
  to   space 4096K, 0% used [0x00000000ec480000,0x00000000ec480000,0x00000000ec880000)
 ParOldGen       total 68608K, used 16509K [0x00000000c0000000, 0x00000000c4300000, 0x00000000eab00000)
  object space 68608K, 24% used [0x00000000c0000000,0x00000000c101f750,0x00000000c4300000)
 Metaspace       used 36805K, committed 37632K, reserved 1114112K
  class space    used 3666K, committed 4032K, reserved 1048576K
}
Event: 4.314 GC heap after
{Heap after GC invocations=12 (full 2):
 PSYoungGen      total 23040K, used 581K [0x00000000eab00000, 0x00000000ec580000, 0x0000000100000000)
  eden space 22016K, 0% used [0x00000000eab00000,0x00000000eab00000,0x00000000ec080000)
  from space 1024K, 56% used [0x00000000ec480000,0x00000000ec511738,0x00000000ec580000)
  to   space 2048K, 0% used [0x00000000ec180000,0x00000000ec180000,0x00000000ec380000)
 ParOldGen       total 68608K, used 16517K [0x00000000c0000000, 0x00000000c4300000, 0x00000000eab00000)
  object space 68608K, 24% used [0x00000000c0000000,0x00000000c1021750,0x00000000c4300000)
 Metaspace       used 36805K, committed 37632K, reserved 1114112K
  class space    used 3666K, committed 4032K, reserved 1048576K
}
Event: 4.535 GC heap before
{Heap before GC invocations=13 (full 2):
 PSYoungGen      total 23040K, used 22597K [0x00000000eab00000, 0x00000000ec580000, 0x0000000100000000)
  eden space 22016K, 100% used [0x00000000eab00000,0x00000000ec080000,0x00000000ec080000)
  from space 1024K, 56% used [0x00000000ec480000,0x00000000ec511738,0x00000000ec580000)
  to   space 2048K, 0% used [0x00000000ec180000,0x00000000ec180000,0x00000000ec380000)
 ParOldGen       total 68608K, used 16517K [0x00000000c0000000, 0x00000000c4300000, 0x00000000eab00000)
  object space 68608K, 24% used [0x00000000c0000000,0x00000000c1021750,0x00000000c4300000)
 Metaspace       used 39778K, committed 40576K, reserved 1114112K
  class space    used 4088K, committed 4416K, reserved 1048576K
}
Event: 4.538 GC heap after
{Heap after GC invocations=13 (full 2):
 PSYoungGen      total 24064K, used 768K [0x00000000eab00000, 0x00000000ec500000, 0x0000000100000000)
  eden space 22016K, 0% used [0x00000000eab00000,0x00000000eab00000,0x00000000ec080000)
  from space 2048K, 37% used [0x00000000ec180000,0x00000000ec240000,0x00000000ec380000)
  to   space 1024K, 0% used [0x00000000ec400000,0x00000000ec400000,0x00000000ec500000)
 ParOldGen       total 68608K, used 16956K [0x00000000c0000000, 0x00000000c4300000, 0x00000000eab00000)
  object space 68608K, 24% used [0x00000000c0000000,0x00000000c108f3f0,0x00000000c4300000)
 Metaspace       used 39778K, committed 40576K, reserved 1114112K
  class space    used 4088K, committed 4416K, reserved 1048576K
}
Event: 4.790 GC heap before
{Heap before GC invocations=14 (full 2):
 PSYoungGen      total 24064K, used 22784K [0x00000000eab00000, 0x00000000ec500000, 0x0000000100000000)
  eden space 22016K, 100% used [0x00000000eab00000,0x00000000ec080000,0x00000000ec080000)
  from space 2048K, 37% used [0x00000000ec180000,0x00000000ec240000,0x00000000ec380000)
  to   space 1024K, 0% used [0x00000000ec400000,0x00000000ec400000,0x00000000ec500000)
 ParOldGen       total 68608K, used 16956K [0x00000000c0000000, 0x00000000c4300000, 0x00000000eab00000)
  object space 68608K, 24% used [0x00000000c0000000,0x00000000c108f3f0,0x00000000c4300000)
 Metaspace       used 41690K, committed 42496K, reserved 1114112K
  class space    used 4330K, committed 4672K, reserved 1048576K
}
Event: 4.792 GC heap after
{Heap after GC invocations=14 (full 2):
 PSYoungGen      total 23040K, used 960K [0x00000000eab00000, 0x00000000ec500000, 0x0000000100000000)
  eden space 22016K, 0% used [0x00000000eab00000,0x00000000eab00000,0x00000000ec080000)
  from space 1024K, 93% used [0x00000000ec400000,0x00000000ec4f0000,0x00000000ec500000)
  to   space 1024K, 0% used [0x00000000ec300000,0x00000000ec300000,0x00000000ec400000)
 ParOldGen       total 68608K, used 17580K [0x00000000c0000000, 0x00000000c4300000, 0x00000000eab00000)
  object space 68608K, 25% used [0x00000000c0000000,0x00000000c112b3f0,0x00000000c4300000)
 Metaspace       used 41690K, committed 42496K, reserved 1114112K
  class space    used 4330K, committed 4672K, reserved 1048576K
}

