# JRE version: OpenJDK Runtime Environment Temurin-17.0.9+9 (17.0.9+9) (build 17.0.9+9)
# Java VM: OpenJDK 64-Bit Server VM Temurin-17.0.9+9 (17.0.9+9, mixed mode, tiered, compressed oops, compressed class ptrs, parallel gc, windows-amd64)
GC Precious Log:
 CPUs: 12 total, 12 available
 Memory: 7579M
 Large Page Support: Disabled
 NUMA Support: Disabled
 Compressed Oops: Enabled (32-bit)
 Alignments: Space 512K, Generation 512K, Heap 2M
 Heap Min Capacity: 100M
 Heap Initial Capacity: 100M
 Heap Max Capacity: 1G
 Pre-touch: Disabled
 Parallel Workers: 10
Heap:
 PSYoungGen      total 12288K, used 1146K [0x00000000eab00000, 0x00000000ec000000, 0x0000000100000000)
  eden space 11776K, 5% used [0x00000000eab00000,0x00000000eaba6820,0x00000000eb680000)
  from space 512K, 93% used [0x00000000eb680000,0x00000000eb6f8000,0x00000000eb700000)
  to   space 3584K, 0% used [0x00000000ebc80000,0x00000000ebc80000,0x00000000ec000000)
 ParOldGen       total 68608K, used 44404K [0x00000000c0000000, 0x00000000c4300000, 0x00000000eab00000)
  object space 68608K, 64% used [0x00000000c0000000,0x00000000c2b5d138,0x00000000c4300000)
 Metaspace       used 54972K, committed 56000K, reserved 1114112K
  class space    used 6093K, committed 6528K, reserved 1048576K
GC Heap History (20 events):
Event: 6.450 GC heap before
{Heap before GC invocations=19 (full 2):
 PSYoungGen      total 23552K, used 23551K [0x00000000eab00000, 0x00000000ec880000, 0x0000000100000000)
  eden space 22016K, 100% used [0x00000000eab00000,0x00000000ec080000,0x00000000ec080000)
  from space 1536K, 99% used [0x00000000ec480000,0x00000000ec5fff20,0x00000000ec600000)
  to   space 4096K, 0% used [0x00000000ec080000,0x00000000ec080000,0x00000000ec480000)
 ParOldGen       total 68608K, used 20914K [0x00000000c0000000, 0x00000000c4300000, 0x00000000eab00000)
  object space 68608K, 30% used [0x00000000c0000000,0x00000000c146cb48,0x00000000c4300000)
 Metaspace       used 50955K, committed 51904K, reserved 1114112K
  class space    used 5479K, committed 5888K, reserved 1048576K
}
Event: 6.453 GC heap after
{Heap after GC invocations=19 (full 2):
 PSYoungGen      total 23552K, used 1456K [0x00000000eab00000, 0x00000000ec580000, 0x0000000100000000)
  eden space 22016K, 0% used [0x00000000eab00000,0x00000000eab00000,0x00000000ec080000)
  from space 1536K, 94% used [0x00000000ec080000,0x00000000ec1ec010,0x00000000ec200000)
  to   space 2560K, 0% used [0x00000000ec300000,0x00000000ec300000,0x00000000ec580000)
 ParOldGen       total 68608K, used 22417K [0x00000000c0000000, 0x00000000c4300000, 0x00000000eab00000)
  object space 68608K, 32% used [0x00000000c0000000,0x00000000c15e44f0,0x00000000c4300000)
 Metaspace       used 50955K, committed 51904K, reserved 1114112K
  class space    used 5479K, committed 5888K, reserved 1048576K
}
Event: 6.580 GC heap before
{Heap before GC invocations=20 (full 2):
 PSYoungGen      total 23552K, used 23472K [0x00000000eab00000, 0x00000000ec580000, 0x0000000100000000)
  eden space 22016K, 100% used [0x00000000eab00000,0x00000000ec080000,0x00000000ec080000)
  from space 1536K, 94% used [0x00000000ec080000,0x00000000ec1ec010,0x00000000ec200000)
  to   space 2560K, 0% used [0x00000000ec300000,0x00000000ec300000,0x00000000ec580000)
 ParOldGen       total 68608K, used 22417K [0x00000000c0000000, 0x00000000c4300000, 0x00000000eab00000)
  object space 68608K, 32% used [0x00000000c0000000,0x00000000c15e44f0,0x00000000c4300000)
 Metaspace       used 51630K, committed 52544K, reserved 1114112K
  class space    used 5551K, committed 5952K, reserved 1048576K
}
Event: 6.582 GC heap after
{Heap after GC invocations=20 (full 2):
 PSYoungGen      total 24576K, used 1984K [0x00000000eab00000, 0x00000000ec580000, 0x0000000100000000)
  eden space 22016K, 0% used [0x00000000eab00000,0x00000000eab00000,0x00000000ec080000)
  from space 2560K, 77% used [0x00000000ec300000,0x00000000ec4f0020,0x00000000ec580000)
  to   space 2560K, 0% used [0x00000000ec080000,0x00000000ec080000,0x00000000ec300000)
 ParOldGen       total 68608K, used 23700K [0x00000000c0000000, 0x00000000c4300000, 0x00000000eab00000)
  object space 68608K, 34% used [0x00000000c0000000,0x00000000c1725250,0x00000000c4300000)
 Metaspace       used 51630K, committed 52544K, reserved 1114112K
  class space    used 5551K, committed 5952K, reserved 1048576K
}
Event: 6.655 GC heap before
{Heap before GC invocations=21 (full 2):
 PSYoungGen      total 24576K, used 24000K [0x00000000eab00000, 0x00000000ec580000, 0x0000000100000000)
  eden space 22016K, 100% used [0x00000000eab00000,0x00000000ec080000,0x00000000ec080000)
  from space 2560K, 77% used [0x00000000ec300000,0x00000000ec4f0020,0x00000000ec580000)
  to   space 2560K, 0% used [0x00000000ec080000,0x00000000ec080000,0x00000000ec300000)
 ParOldGen       total 68608K, used 23700K [0x00000000c0000000, 0x00000000c4300000, 0x00000000eab00000)
  object space 68608K, 34% used [0x00000000c0000000,0x00000000c1725250,0x00000000c4300000)
 Metaspace       used 51808K, committed 52736K, reserved 1114112K
  class space    used 5568K, committed 5952K, reserved 1048576K
}
Event: 6.658 GC heap after
{Heap after GC invocations=21 (full 2):
 PSYoungGen      total 24064K, used 1920K [0x00000000eab00000, 0x00000000ec480000, 0x0000000100000000)
  eden space 22016K, 0% used [0x00000000eab00000,0x00000000eab00000,0x00000000ec080000)
  from space 2048K, 93% used [0x00000000ec080000,0x00000000ec260010,0x00000000ec280000)
  to   space 2048K, 0% used [0x00000000ec280000,0x00000000ec280000,0x00000000ec480000)
 ParOldGen       total 68608K, used 25500K [0x00000000c0000000, 0x00000000c4300000, 0x00000000eab00000)
  object space 68608K, 37% used [0x00000000c0000000,0x00000000c18e7270,0x00000000c4300000)
 Metaspace       used 51808K, committed 52736K, reserved 1114112K
  class space    used 5568K, committed 5952K, reserved 1048576K
}
Event: 6.713 GC heap before
{Heap before GC invocations=22 (full 2):
 PSYoungGen      total 24064K, used 23936K [0x00000000eab00000, 0x00000000ec480000, 0x0000000100000000)
  eden space 22016K, 100% used [0x00000000eab00000,0x00000000ec080000,0x00000000ec080000)
  from space 2048K, 93% used [0x00000000ec080000,0x00000000ec260010,0x00000000ec280000)
  to   space 2048K, 0% used [0x00000000ec280000,0x00000000ec280000,0x00000000ec480000)
 ParOldGen       total 68608K, used 25500K [0x00000000c0000000, 0x00000000c4300000, 0x00000000eab00000)
  object space 68608K, 37% used [0x00000000c0000000,0x00000000c18e7270,0x00000000c4300000)
 Metaspace       used 51873K, committed 52800K, reserved 1114112K
  class space    used 5581K, committed 5952K, reserved 1048576K
}
Event: 6.716 GC heap after
{Heap after GC invocations=22 (full 2):
 PSYoungGen      total 21504K, used 2016K [0x00000000eab00000, 0x00000000ec980000, 0x0000000100000000)
  eden space 19456K, 0% used [0x00000000eab00000,0x00000000eab00000,0x00000000ebe00000)
  from space 2048K, 98% used [0x00000000ec280000,0x00000000ec478020,0x00000000ec480000)
  to   space 4608K, 0% used [0x00000000ebe00000,0x00000000ebe00000,0x00000000ec280000)
 ParOldGen       total 68608K, used 27540K [0x00000000c0000000, 0x00000000c4300000, 0x00000000eab00000)
  object space 68608K, 40% used [0x00000000c0000000,0x00000000c1ae5270,0x00000000c4300000)
 Metaspace       used 51873K, committed 52800K, reserved 1114112K
  class space    used 5581K, committed 5952K, reserved 1048576K
}
Event: 6.742 GC heap before
{Heap before GC invocations=23 (full 2):
 PSYoungGen      total 21504K, used 21472K [0x00000000eab00000, 0x00000000ec980000, 0x0000000100000000)
  eden space 19456K, 100% used [0x00000000eab00000,0x00000000ebe00000,0x00000000ebe00000)
  from space 2048K, 98% used [0x00000000ec280000,0x00000000ec478020,0x00000000ec480000)
  to   space 4608K, 0% used [0x00000000ebe00000,0x00000000ebe00000,0x00000000ec280000)
 ParOldGen       total 68608K, used 27540K [0x00000000c0000000, 0x00000000c4300000, 0x00000000eab00000)
  object space 68608K, 40% used [0x00000000c0000000,0x00000000c1ae5270,0x00000000c4300000)
 Metaspace       used 51873K, committed 52800K, reserved 1114112K
  class space    used 5581K, committed 5952K, reserved 1048576K
}
Event: 6.744 GC heap after
{Heap after GC invocations=23 (full 2):
 PSYoungGen      total 21504K, used 1824K [0x00000000eab00000, 0x00000000ec400000, 0x0000000100000000)
  eden space 19456K, 0% used [0x00000000eab00000,0x00000000eab00000,0x00000000ebe00000)
  from space 2048K, 89% used [0x00000000ebe00000,0x00000000ebfc8000,0x00000000ec000000)
  to   space 3072K, 0% used [0x00000000ec100000,0x00000000ec100000,0x00000000ec400000)
 ParOldGen       total 68608K, used 29597K [0x00000000c0000000, 0x00000000c4300000, 0x00000000eab00000)
  object space 68608K, 43% used [0x00000000c0000000,0x00000000c1ce7428,0x00000000c4300000)
 Metaspace       used 51873K, committed 52800K, reserved 1114112K
  class space    used 5581K, committed 5952K, reserved 1048576K
}
Event: 6.770 GC heap before
{Heap before GC invocations=24 (full 2):
 PSYoungGen      total 21504K, used 21280K [0x00000000eab00000, 0x00000000ec400000, 0x0000000100000000)
  eden space 19456K, 100% used [0x00000000eab00000,0x00000000ebe00000,0x00000000ebe00000)
  from space 2048K, 89% used [0x00000000ebe00000,0x00000000ebfc8000,0x00000000ec000000)
  to   space 3072K, 0% used [0x00000000ec100000,0x00000000ec100000,0x00000000ec400000)
 ParOldGen       total 68608K, used 29597K [0x00000000c0000000, 0x00000000c4300000, 0x00000000eab00000)
  object space 68608K, 43% used [0x00000000c0000000,0x00000000c1ce7428,0x00000000c4300000)
 Metaspace       used 51873K, committed 52800K, reserved 1114112K
  class space    used 5581K, committed 5952K, reserved 1048576K
}
Event: 6.774 GC heap after
{Heap after GC invocations=24 (full 2):
 PSYoungGen      total 21504K, used 1920K [0x00000000eab00000, 0x00000000ec300000, 0x0000000100000000)
  eden space 19456K, 0% used [0x00000000eab00000,0x00000000eab00000,0x00000000ebe00000)
  from space 2048K, 93% used [0x00000000ec100000,0x00000000ec2e0000,0x00000000ec300000)
  to   space 2048K, 0% used [0x00000000ebe00000,0x00000000ebe00000,0x00000000ec000000)
 ParOldGen       total 68608K, used 31333K [0x00000000c0000000, 0x00000000c4300000, 0x00000000eab00000)
  object space 68608K, 45% used [0x00000000c0000000,0x00000000c1e99428,0x00000000c4300000)
 Metaspace       used 51873K, committed 52800K, reserved 1114112K
  class space    used 5581K, committed 5952K, reserved 1048576K
}
Event: 6.798 GC heap before
{Heap before GC invocations=25 (full 2):
 PSYoungGen      total 21504K, used 21376K [0x00000000eab00000, 0x00000000ec300000, 0x0000000100000000)
  eden space 19456K, 100% used [0x00000000eab00000,0x00000000ebe00000,0x00000000ebe00000)
  from space 2048K, 93% used [0x00000000ec100000,0x00000000ec2e0000,0x00000000ec300000)
  to   space 2048K, 0% used [0x00000000ebe00000,0x00000000ebe00000,0x00000000ec000000)
 ParOldGen       total 68608K, used 31333K [0x00000000c0000000, 0x00000000c4300000, 0x00000000eab00000)
  object space 68608K, 45% used [0x00000000c0000000,0x00000000c1e99428,0x00000000c4300000)
 Metaspace       used 51873K, committed 52800K, reserved 1114112K
  class space    used 5581K, committed 5952K, reserved 1048576K
}
Event: 6.800 GC heap after
{Heap after GC invocations=25 (full 2):
 PSYoungGen      total 21504K, used 1984K [0x00000000eab00000, 0x00000000ec200000, 0x0000000100000000)
  eden space 19456K, 0% used [0x00000000eab00000,0x00000000eab00000,0x00000000ebe00000)
  from space 2048K, 96% used [0x00000000ebe00000,0x00000000ebff0010,0x00000000ec000000)
  to   space 2048K, 0% used [0x00000000ec000000,0x00000000ec000000,0x00000000ec200000)
 ParOldGen       total 68608K, used 33109K [0x00000000c0000000, 0x00000000c4300000, 0x00000000eab00000)
  object space 68608K, 48% used [0x00000000c0000000,0x00000000c2055428,0x00000000c4300000)
 Metaspace       used 51873K, committed 52800K, reserved 1114112K
  class space    used 5581K, committed 5952K, reserved 1048576K
}
Event: 7.060 GC heap before
{Heap before GC invocations=26 (full 2):
 PSYoungGen      total 21504K, used 21440K [0x00000000eab00000, 0x00000000ec200000, 0x0000000100000000)
  eden space 19456K, 100% used [0x00000000eab00000,0x00000000ebe00000,0x00000000ebe00000)
  from space 2048K, 96% used [0x00000000ebe00000,0x00000000ebff0010,0x00000000ec000000)
  to   space 2048K, 0% used [0x00000000ec000000,0x00000000ec000000,0x00000000ec200000)
 ParOldGen       total 68608K, used 33109K [0x00000000c0000000, 0x00000000c4300000, 0x00000000eab00000)
  object space 68608K, 48% used [0x00000000c0000000,0x00000000c2055428,0x00000000c4300000)
 Metaspace       used 52188K, committed 53056K, reserved 1114112K
  class space    used 5596K, committed 5952K, reserved 1048576K
}
Event: 7.062 GC heap after
{Heap after GC invocations=26 (full 2):
 PSYoungGen      total 21504K, used 1792K [0x00000000eab00000, 0x00000000ec200000, 0x0000000100000000)
  eden space 19456K, 0% used [0x00000000eab00000,0x00000000eab00000,0x00000000ebe00000)
  from space 2048K, 87% used [0x00000000ec000000,0x00000000ec1c0000,0x00000000ec200000)
  to   space 2048K, 0% used [0x00000000ebe00000,0x00000000ebe00000,0x00000000ec000000)
 ParOldGen       total 68608K, used 34963K [0x00000000c0000000, 0x00000000c4300000, 0x00000000eab00000)
  object space 68608K, 50% used [0x00000000c0000000,0x00000000c2224cb8,0x00000000c4300000)
 Metaspace       used 52188K, committed 53056K, reserved 1114112K
  class space    used 5596K, committed 5952K, reserved 1048576K
}
Event: 7.287 GC heap before
{Heap before GC invocations=27 (full 2):
 PSYoungGen      total 21504K, used 21248K [0x00000000eab00000, 0x00000000ec200000, 0x0000000100000000)
  eden space 19456K, 100% used [0x00000000eab00000,0x00000000ebe00000,0x00000000ebe00000)
  from space 2048K, 87% used [0x00000000ec000000,0x00000000ec1c0000,0x00000000ec200000)
  to   space 2048K, 0% used [0x00000000ebe00000,0x00000000ebe00000,0x00000000ec000000)
 ParOldGen       total 68608K, used 34963K [0x00000000c0000000, 0x00000000c4300000, 0x00000000eab00000)
  object space 68608K, 50% used [0x00000000c0000000,0x00000000c2224cb8,0x00000000c4300000)
 Metaspace       used 52608K, committed 53504K, reserved 1114112K
  class space    used 5669K, committed 6080K, reserved 1048576K
}
Event: 7.289 GC heap after
{Heap after GC invocations=27 (full 2):
 PSYoungGen      total 19968K, used 352K [0x00000000eab00000, 0x00000000ec080000, 0x0000000100000000)
  eden space 19456K, 0% used [0x00000000eab00000,0x00000000eab00000,0x00000000ebe00000)
  from space 512K, 68% used [0x00000000ebe00000,0x00000000ebe58000,0x00000000ebe80000)
  to   space 1024K, 0% used [0x00000000ebf80000,0x00000000ebf80000,0x00000000ec080000)
 ParOldGen       total 68608K, used 36600K [0x00000000c0000000, 0x00000000c4300000, 0x00000000eab00000)
  object space 68608K, 53% used [0x00000000c0000000,0x00000000c23be010,0x00000000c4300000)
 Metaspace       used 52608K, committed 53504K, reserved 1114112K
  class space    used 5669K, committed 6080K, reserved 1048576K
}
Event: 7.506 GC heap before
{Heap before GC invocations=28 (full 2):
 PSYoungGen      total 19968K, used 19808K [0x00000000eab00000, 0x00000000ec080000, 0x0000000100000000)
  eden space 19456K, 100% used [0x00000000eab00000,0x00000000ebe00000,0x00000000ebe00000)
  from space 512K, 68% used [0x00000000ebe00000,0x00000000ebe58000,0x00000000ebe80000)
  to   space 1024K, 0% used [0x00000000ebf80000,0x00000000ebf80000,0x00000000ec080000)
 ParOldGen       total 68608K, used 36600K [0x00000000c0000000, 0x00000000c4300000, 0x00000000eab00000)
  object space 68608K, 53% used [0x00000000c0000000,0x00000000c23be010,0x00000000c4300000)
 Metaspace       used 53796K, committed 54784K, reserved 1114112K
  class space    used 5871K, committed 6336K, reserved 1048576K
}
Event: 7.510 GC heap after
{Heap after GC invocations=28 (full 2):
 PSYoungGen      total 12800K, used 1003K [0x00000000eab00000, 0x00000000ed000000, 0x0000000100000000)
  eden space 11776K, 0% used [0x00000000eab00000,0x00000000eab00000,0x00000000eb680000)
  from space 1024K, 97% used [0x00000000ebf80000,0x00000000ec07ac18,0x00000000ec080000)
  to   space 9216K, 0% used [0x00000000eb680000,0x00000000eb680000,0x00000000ebf80000)
 ParOldGen       total 68608K, used 43413K [0x00000000c0000000, 0x00000000c4300000, 0x00000000eab00000)
  object space 68608K, 63% used [0x00000000c0000000,0x00000000c2a656a0,0x00000000c4300000)
 Metaspace       used 53796K, committed 54784K, reserved 1114112K
  class space    used 5871K, committed 6336K, reserved 1048576K
}

