# JRE version: OpenJDK Runtime Environment Temurin-17.0.8.1+1 (17.0.8.1+1) (build 17.0.8.1+1)
# Java VM: OpenJDK 64-Bit Server VM Temurin-17.0.8.1+1 (17.0.8.1+1, mixed mode, tiered, compressed oops, compressed class ptrs, parallel gc, windows-amd64)
GC Precious Log:
 CPUs: 12 total, 12 available
 Memory: 7579M
 Large Page Support: Disabled
 NUMA Support: Disabled
 Compressed Oops: Enabled (32-bit)
 Alignments: Space 512K, Generation 512K, Heap 2M
 Heap Min Capacity: 100M
 Heap Initial Capacity: 100M
 Heap Max Capacity: 1G
 Pre-touch: Disabled
 Parallel Workers: 10
Heap:
 PSYoungGen      total 11264K, used 5225K [0x00000000eab00000, 0x00000000ec180000, 0x0000000100000000)
  eden space 10752K, 45% used [0x00000000eab00000,0x00000000eafca608,0x00000000eb580000)
  from space 512K, 62% used [0x00000000ec100000,0x00000000ec150000,0x00000000ec180000)
  to   space 512K, 0% used [0x00000000ec080000,0x00000000ec080000,0x00000000ec100000)
 ParOldGen       total 68608K, used 53973K [0x00000000c0000000, 0x00000000c4300000, 0x00000000eab00000)
  object space 68608K, 78% used [0x00000000c0000000,0x00000000c34b5688,0x00000000c4300000)
 Metaspace       used 70755K, committed 71872K, reserved 1114112K
  class space    used 8187K, committed 8640K, reserved 1048576K
GC Heap History (20 events):
Event: 41.635 GC heap before
{Heap before GC invocations=72 (full 3):
 PSYoungGen      total 11264K, used 11040K [0x00000000eab00000, 0x00000000ec200000, 0x0000000100000000)
  eden space 10752K, 100% used [0x00000000eab00000,0x00000000eb580000,0x00000000eb580000)
  from space 512K, 56% used [0x00000000ec180000,0x00000000ec1c8000,0x00000000ec200000)
  to   space 512K, 0% used [0x00000000ec100000,0x00000000ec100000,0x00000000ec180000)
 ParOldGen       total 68608K, used 51848K [0x00000000c0000000, 0x00000000c4300000, 0x00000000eab00000)
  object space 68608K, 75% used [0x00000000c0000000,0x00000000c32a20f0,0x00000000c4300000)
 Metaspace       used 66254K, committed 67392K, reserved 1114112K
  class space    used 7724K, committed 8256K, reserved 1048576K
}
Event: 41.635 GC heap after
{Heap after GC invocations=72 (full 3):
 PSYoungGen      total 11264K, used 192K [0x00000000eab00000, 0x00000000ec200000, 0x0000000100000000)
  eden space 10752K, 0% used [0x00000000eab00000,0x00000000eab00000,0x00000000eb580000)
  from space 512K, 37% used [0x00000000ec100000,0x00000000ec130000,0x00000000ec180000)
  to   space 512K, 0% used [0x00000000ec180000,0x00000000ec180000,0x00000000ec200000)
 ParOldGen       total 68608K, used 51912K [0x00000000c0000000, 0x00000000c4300000, 0x00000000eab00000)
  object space 68608K, 75% used [0x00000000c0000000,0x00000000c32b20f0,0x00000000c4300000)
 Metaspace       used 66254K, committed 67392K, reserved 1114112K
  class space    used 7724K, committed 8256K, reserved 1048576K
}
Event: 41.670 GC heap before
{Heap before GC invocations=73 (full 3):
 PSYoungGen      total 11264K, used 10944K [0x00000000eab00000, 0x00000000ec200000, 0x0000000100000000)
  eden space 10752K, 100% used [0x00000000eab00000,0x00000000eb580000,0x00000000eb580000)
  from space 512K, 37% used [0x00000000ec100000,0x00000000ec130000,0x00000000ec180000)
  to   space 512K, 0% used [0x00000000ec180000,0x00000000ec180000,0x00000000ec200000)
 ParOldGen       total 68608K, used 51912K [0x00000000c0000000, 0x00000000c4300000, 0x00000000eab00000)
  object space 68608K, 75% used [0x00000000c0000000,0x00000000c32b20f0,0x00000000c4300000)
 Metaspace       used 66254K, committed 67392K, reserved 1114112K
  class space    used 7724K, committed 8256K, reserved 1048576K
}
Event: 41.670 GC heap after
{Heap after GC invocations=73 (full 3):
 PSYoungGen      total 11264K, used 256K [0x00000000eab00000, 0x00000000ec200000, 0x0000000100000000)
  eden space 10752K, 0% used [0x00000000eab00000,0x00000000eab00000,0x00000000eb580000)
  from space 512K, 50% used [0x00000000ec180000,0x00000000ec1c0000,0x00000000ec200000)
  to   space 512K, 0% used [0x00000000ec100000,0x00000000ec100000,0x00000000ec180000)
 ParOldGen       total 68608K, used 51912K [0x00000000c0000000, 0x00000000c4300000, 0x00000000eab00000)
  object space 68608K, 75% used [0x00000000c0000000,0x00000000c32b20f0,0x00000000c4300000)
 Metaspace       used 66254K, committed 67392K, reserved 1114112K
  class space    used 7724K, committed 8256K, reserved 1048576K
}
Event: 41.750 GC heap before
{Heap before GC invocations=74 (full 3):
 PSYoungGen      total 11264K, used 11008K [0x00000000eab00000, 0x00000000ec200000, 0x0000000100000000)
  eden space 10752K, 100% used [0x00000000eab00000,0x00000000eb580000,0x00000000eb580000)
  from space 512K, 50% used [0x00000000ec180000,0x00000000ec1c0000,0x00000000ec200000)
  to   space 512K, 0% used [0x00000000ec100000,0x00000000ec100000,0x00000000ec180000)
 ParOldGen       total 68608K, used 51912K [0x00000000c0000000, 0x00000000c4300000, 0x00000000eab00000)
  object space 68608K, 75% used [0x00000000c0000000,0x00000000c32b20f0,0x00000000c4300000)
 Metaspace       used 66675K, committed 67776K, reserved 1114112K
  class space    used 7776K, committed 8256K, reserved 1048576K
}
Event: 41.751 GC heap after
{Heap after GC invocations=74 (full 3):
 PSYoungGen      total 11264K, used 503K [0x00000000eab00000, 0x00000000ec200000, 0x0000000100000000)
  eden space 10752K, 0% used [0x00000000eab00000,0x00000000eab00000,0x00000000eb580000)
  from space 512K, 98% used [0x00000000ec100000,0x00000000ec17dfc8,0x00000000ec180000)
  to   space 512K, 0% used [0x00000000ec180000,0x00000000ec180000,0x00000000ec200000)
 ParOldGen       total 68608K, used 51928K [0x00000000c0000000, 0x00000000c4300000, 0x00000000eab00000)
  object space 68608K, 75% used [0x00000000c0000000,0x00000000c32b60f0,0x00000000c4300000)
 Metaspace       used 66675K, committed 67776K, reserved 1114112K
  class space    used 7776K, committed 8256K, reserved 1048576K
}
Event: 41.925 GC heap before
{Heap before GC invocations=75 (full 3):
 PSYoungGen      total 11264K, used 10831K [0x00000000eab00000, 0x00000000ec200000, 0x0000000100000000)
  eden space 10752K, 96% used [0x00000000eab00000,0x00000000eb515d50,0x00000000eb580000)
  from space 512K, 98% used [0x00000000ec100000,0x00000000ec17dfc8,0x00000000ec180000)
  to   space 512K, 0% used [0x00000000ec180000,0x00000000ec180000,0x00000000ec200000)
 ParOldGen       total 68608K, used 51928K [0x00000000c0000000, 0x00000000c4300000, 0x00000000eab00000)
  object space 68608K, 75% used [0x00000000c0000000,0x00000000c32b60f0,0x00000000c4300000)
 Metaspace       used 67340K, committed 68416K, reserved 1114112K
  class space    used 7851K, committed 8320K, reserved 1048576K
}
Event: 41.927 GC heap after
{Heap after GC invocations=75 (full 3):
 PSYoungGen      total 11264K, used 368K [0x00000000eab00000, 0x00000000ec200000, 0x0000000100000000)
  eden space 10752K, 0% used [0x00000000eab00000,0x00000000eab00000,0x00000000eb580000)
  from space 512K, 71% used [0x00000000ec180000,0x00000000ec1dc010,0x00000000ec200000)
  to   space 512K, 0% used [0x00000000ec100000,0x00000000ec100000,0x00000000ec180000)
 ParOldGen       total 68608K, used 52278K [0x00000000c0000000, 0x00000000c4300000, 0x00000000eab00000)
  object space 68608K, 76% used [0x00000000c0000000,0x00000000c330da28,0x00000000c4300000)
 Metaspace       used 67340K, committed 68416K, reserved 1114112K
  class space    used 7851K, committed 8320K, reserved 1048576K
}
Event: 42.066 GC heap before
{Heap before GC invocations=76 (full 3):
 PSYoungGen      total 11264K, used 11120K [0x00000000eab00000, 0x00000000ec200000, 0x0000000100000000)
  eden space 10752K, 100% used [0x00000000eab00000,0x00000000eb580000,0x00000000eb580000)
  from space 512K, 71% used [0x00000000ec180000,0x00000000ec1dc010,0x00000000ec200000)
  to   space 512K, 0% used [0x00000000ec100000,0x00000000ec100000,0x00000000ec180000)
 ParOldGen       total 68608K, used 52278K [0x00000000c0000000, 0x00000000c4300000, 0x00000000eab00000)
  object space 68608K, 76% used [0x00000000c0000000,0x00000000c330da28,0x00000000c4300000)
 Metaspace       used 67667K, committed 68672K, reserved 1114112K
  class space    used 7882K, committed 8320K, reserved 1048576K
}
Event: 42.068 GC heap after
{Heap after GC invocations=76 (full 3):
 PSYoungGen      total 11264K, used 352K [0x00000000eab00000, 0x00000000ec200000, 0x0000000100000000)
  eden space 10752K, 0% used [0x00000000eab00000,0x00000000eab00000,0x00000000eb580000)
  from space 512K, 68% used [0x00000000ec100000,0x00000000ec158000,0x00000000ec180000)
  to   space 512K, 0% used [0x00000000ec180000,0x00000000ec180000,0x00000000ec200000)
 ParOldGen       total 68608K, used 52492K [0x00000000c0000000, 0x00000000c4300000, 0x00000000eab00000)
  object space 68608K, 76% used [0x00000000c0000000,0x00000000c33431e8,0x00000000c4300000)
 Metaspace       used 67667K, committed 68672K, reserved 1114112K
  class space    used 7882K, committed 8320K, reserved 1048576K
}
Event: 42.099 GC heap before
{Heap before GC invocations=77 (full 3):
 PSYoungGen      total 11264K, used 11104K [0x00000000eab00000, 0x00000000ec200000, 0x0000000100000000)
  eden space 10752K, 100% used [0x00000000eab00000,0x00000000eb580000,0x00000000eb580000)
  from space 512K, 68% used [0x00000000ec100000,0x00000000ec158000,0x00000000ec180000)
  to   space 512K, 0% used [0x00000000ec180000,0x00000000ec180000,0x00000000ec200000)
 ParOldGen       total 68608K, used 52492K [0x00000000c0000000, 0x00000000c4300000, 0x00000000eab00000)
  object space 68608K, 76% used [0x00000000c0000000,0x00000000c33431e8,0x00000000c4300000)
 Metaspace       used 67701K, committed 68800K, reserved 1114112K
  class space    used 7885K, committed 8384K, reserved 1048576K
}
Event: 42.100 GC heap after
{Heap after GC invocations=77 (full 3):
 PSYoungGen      total 11264K, used 256K [0x00000000eab00000, 0x00000000ec200000, 0x0000000100000000)
  eden space 10752K, 0% used [0x00000000eab00000,0x00000000eab00000,0x00000000eb580000)
  from space 512K, 50% used [0x00000000ec180000,0x00000000ec1c0000,0x00000000ec200000)
  to   space 512K, 0% used [0x00000000ec100000,0x00000000ec100000,0x00000000ec180000)
 ParOldGen       total 68608K, used 52765K [0x00000000c0000000, 0x00000000c4300000, 0x00000000eab00000)
  object space 68608K, 76% used [0x00000000c0000000,0x00000000c3387658,0x00000000c4300000)
 Metaspace       used 67701K, committed 68800K, reserved 1114112K
  class space    used 7885K, committed 8384K, reserved 1048576K
}
Event: 42.166 GC heap before
{Heap before GC invocations=78 (full 3):
 PSYoungGen      total 11264K, used 10866K [0x00000000eab00000, 0x00000000ec200000, 0x0000000100000000)
  eden space 10752K, 98% used [0x00000000eab00000,0x00000000eb55c9a0,0x00000000eb580000)
  from space 512K, 50% used [0x00000000ec180000,0x00000000ec1c0000,0x00000000ec200000)
  to   space 512K, 0% used [0x00000000ec100000,0x00000000ec100000,0x00000000ec180000)
 ParOldGen       total 68608K, used 52765K [0x00000000c0000000, 0x00000000c4300000, 0x00000000eab00000)
  object space 68608K, 76% used [0x00000000c0000000,0x00000000c3387658,0x00000000c4300000)
 Metaspace       used 68458K, committed 69568K, reserved 1114112K
  class space    used 7939K, committed 8384K, reserved 1048576K
}
Event: 42.167 GC heap after
{Heap after GC invocations=78 (full 3):
 PSYoungGen      total 11264K, used 506K [0x00000000eab00000, 0x00000000ec200000, 0x0000000100000000)
  eden space 10752K, 0% used [0x00000000eab00000,0x00000000eab00000,0x00000000eb580000)
  from space 512K, 98% used [0x00000000ec100000,0x00000000ec17e990,0x00000000ec180000)
  to   space 512K, 0% used [0x00000000ec180000,0x00000000ec180000,0x00000000ec200000)
 ParOldGen       total 68608K, used 53093K [0x00000000c0000000, 0x00000000c4300000, 0x00000000eab00000)
  object space 68608K, 77% used [0x00000000c0000000,0x00000000c33d9668,0x00000000c4300000)
 Metaspace       used 68458K, committed 69568K, reserved 1114112K
  class space    used 7939K, committed 8384K, reserved 1048576K
}
Event: 42.265 GC heap before
{Heap before GC invocations=79 (full 3):
 PSYoungGen      total 11264K, used 11258K [0x00000000eab00000, 0x00000000ec200000, 0x0000000100000000)
  eden space 10752K, 100% used [0x00000000eab00000,0x00000000eb580000,0x00000000eb580000)
  from space 512K, 98% used [0x00000000ec100000,0x00000000ec17e990,0x00000000ec180000)
  to   space 512K, 0% used [0x00000000ec180000,0x00000000ec180000,0x00000000ec200000)
 ParOldGen       total 68608K, used 53093K [0x00000000c0000000, 0x00000000c4300000, 0x00000000eab00000)
  object space 68608K, 77% used [0x00000000c0000000,0x00000000c33d9668,0x00000000c4300000)
 Metaspace       used 69725K, committed 70784K, reserved 1114112K
  class space    used 8077K, committed 8512K, reserved 1048576K
}
Event: 42.266 GC heap after
{Heap after GC invocations=79 (full 3):
 PSYoungGen      total 11264K, used 488K [0x00000000eab00000, 0x00000000ec200000, 0x0000000100000000)
  eden space 10752K, 0% used [0x00000000eab00000,0x00000000eab00000,0x00000000eb580000)
  from space 512K, 95% used [0x00000000ec180000,0x00000000ec1fa0a8,0x00000000ec200000)
  to   space 1024K, 0% used [0x00000000ec000000,0x00000000ec000000,0x00000000ec100000)
 ParOldGen       total 68608K, used 53272K [0x00000000c0000000, 0x00000000c4300000, 0x00000000eab00000)
  object space 68608K, 77% used [0x00000000c0000000,0x00000000c3406338,0x00000000c4300000)
 Metaspace       used 69725K, committed 70784K, reserved 1114112K
  class space    used 8077K, committed 8512K, reserved 1048576K
}
Event: 42.364 GC heap before
{Heap before GC invocations=80 (full 3):
 PSYoungGen      total 11264K, used 11240K [0x00000000eab00000, 0x00000000ec200000, 0x0000000100000000)
  eden space 10752K, 100% used [0x00000000eab00000,0x00000000eb580000,0x00000000eb580000)
  from space 512K, 95% used [0x00000000ec180000,0x00000000ec1fa0a8,0x00000000ec200000)
  to   space 1024K, 0% used [0x00000000ec000000,0x00000000ec000000,0x00000000ec100000)
 ParOldGen       total 68608K, used 53272K [0x00000000c0000000, 0x00000000c4300000, 0x00000000eab00000)
  object space 68608K, 77% used [0x00000000c0000000,0x00000000c3406338,0x00000000c4300000)
 Metaspace       used 70078K, committed 71168K, reserved 1114112K
  class space    used 8112K, committed 8576K, reserved 1048576K
}
Event: 42.364 GC heap after
{Heap after GC invocations=80 (full 3):
 PSYoungGen      total 11776K, used 480K [0x00000000eab00000, 0x00000000ec200000, 0x0000000100000000)
  eden space 10752K, 0% used [0x00000000eab00000,0x00000000eab00000,0x00000000eb580000)
  from space 1024K, 46% used [0x00000000ec000000,0x00000000ec078000,0x00000000ec100000)
  to   space 1024K, 0% used [0x00000000ec100000,0x00000000ec100000,0x00000000ec200000)
 ParOldGen       total 68608K, used 53688K [0x00000000c0000000, 0x00000000c4300000, 0x00000000eab00000)
  object space 68608K, 78% used [0x00000000c0000000,0x00000000c346e208,0x00000000c4300000)
 Metaspace       used 70078K, committed 71168K, reserved 1114112K
  class space    used 8112K, committed 8576K, reserved 1048576K
}
Event: 78.399 GC heap before
{Heap before GC invocations=81 (full 3):
 PSYoungGen      total 11776K, used 11231K [0x00000000eab00000, 0x00000000ec200000, 0x0000000100000000)
  eden space 10752K, 99% used [0x00000000eab00000,0x00000000eb57fff0,0x00000000eb580000)
  from space 1024K, 46% used [0x00000000ec000000,0x00000000ec078000,0x00000000ec100000)
  to   space 1024K, 0% used [0x00000000ec100000,0x00000000ec100000,0x00000000ec200000)
 ParOldGen       total 68608K, used 53688K [0x00000000c0000000, 0x00000000c4300000, 0x00000000eab00000)
  object space 68608K, 78% used [0x00000000c0000000,0x00000000c346e208,0x00000000c4300000)
 Metaspace       used 70648K, committed 71744K, reserved 1114112K
  class space    used 8184K, committed 8640K, reserved 1048576K
}
Event: 78.400 GC heap after
{Heap after GC invocations=81 (full 3):
 PSYoungGen      total 11264K, used 320K [0x00000000eab00000, 0x00000000ec180000, 0x0000000100000000)
  eden space 10752K, 0% used [0x00000000eab00000,0x00000000eab00000,0x00000000eb580000)
  from space 512K, 62% used [0x00000000ec100000,0x00000000ec150000,0x00000000ec180000)
  to   space 512K, 0% used [0x00000000ec080000,0x00000000ec080000,0x00000000ec100000)
 ParOldGen       total 68608K, used 53973K [0x00000000c0000000, 0x00000000c4300000, 0x00000000eab00000)
  object space 68608K, 78% used [0x00000000c0000000,0x00000000c34b5688,0x00000000c4300000)
 Metaspace       used 70648K, committed 71744K, reserved 1114112K
  class space    used 8184K, committed 8640K, reserved 1048576K
}

