# JRE version: OpenJDK Runtime Environment Temurin-17.0.9+9 (17.0.9+9) (build 17.0.9+9)
# Java VM: OpenJDK 64-Bit Server VM Temurin-17.0.9+9 (17.0.9+9, mixed mode, tiered, compressed oops, compressed class ptrs, parallel gc, windows-amd64)
GC Precious Log:
 CPUs: 12 total, 12 available
 Memory: 7579M
 Large Page Support: Disabled
 NUMA Support: Disabled
 Compressed Oops: Enabled (32-bit)
 Alignments: Space 512K, Generation 512K, Heap 2M
 Heap Min Capacity: 100M
 Heap Initial Capacity: 100M
 Heap Max Capacity: 1G
 Pre-touch: Disabled
 Parallel Workers: 10
Heap:
 PSYoungGen      total 15872K, used 14336K [0x00000000eab00000, 0x00000000ebe80000, 0x0000000100000000)
  eden space 14336K, 100% used [0x00000000eab00000,0x00000000eb900000,0x00000000eb900000)
  from space 1536K, 0% used [0x00000000ebc80000,0x00000000ebc80000,0x00000000ebe00000)
  to   space 2560K, 0% used [0x00000000eb900000,0x00000000eb900000,0x00000000ebb80000)
 ParOldGen       total 68608K, used 68568K [0x00000000c0000000, 0x00000000c4300000, 0x00000000eab00000)
  object space 68608K, 99% used [0x00000000c0000000,0x00000000c42f63a0,0x00000000c4300000)
 Metaspace       used 61249K, committed 62336K, reserved 1114112K
  class space    used 6995K, committed 7488K, reserved 1048576K
GC Heap History (20 events):
Event: 10.416 GC heap after
{Heap after GC invocations=43 (full 3):
 PSYoungGen      total 16384K, used 1996K [0x00000000eab00000, 0x00000000ebe80000, 0x0000000100000000)
  eden space 14336K, 0% used [0x00000000eab00000,0x00000000eab00000,0x00000000eb900000)
  from space 2048K, 97% used [0x00000000ebc80000,0x00000000ebe73010,0x00000000ebe80000)
  to   space 2560K, 0% used [0x00000000eb980000,0x00000000eb980000,0x00000000ebc00000)
 ParOldGen       total 68608K, used 68086K [0x00000000c0000000, 0x00000000c4300000, 0x00000000eab00000)
  object space 68608K, 99% used [0x00000000c0000000,0x00000000c427d980,0x00000000c4300000)
 Metaspace       used 61239K, committed 62336K, reserved 1114112K
  class space    used 6995K, committed 7488K, reserved 1048576K
}
Event: 10.416 GC heap before
{Heap before GC invocations=44 (full 4):
 PSYoungGen      total 16384K, used 1996K [0x00000000eab00000, 0x00000000ebe80000, 0x0000000100000000)
  eden space 14336K, 0% used [0x00000000eab00000,0x00000000eab00000,0x00000000eb900000)
  from space 2048K, 97% used [0x00000000ebc80000,0x00000000ebe73010,0x00000000ebe80000)
  to   space 2560K, 0% used [0x00000000eb980000,0x00000000eb980000,0x00000000ebc00000)
 ParOldGen       total 68608K, used 68086K [0x00000000c0000000, 0x00000000c4300000, 0x00000000eab00000)
  object space 68608K, 99% used [0x00000000c0000000,0x00000000c427d980,0x00000000c4300000)
 Metaspace       used 61239K, committed 62336K, reserved 1114112K
  class space    used 6995K, committed 7488K, reserved 1048576K
}
Event: 10.479 GC heap after
{Heap after GC invocations=44 (full 4):
 PSYoungGen      total 15872K, used 298K [0x00000000eab00000, 0x00000000ebe00000, 0x0000000100000000)
  eden space 14336K, 0% used [0x00000000eab00000,0x00000000eab00000,0x00000000eb900000)
  from space 1536K, 19% used [0x00000000ebc80000,0x00000000ebccab78,0x00000000ebe00000)
  to   space 2560K, 0% used [0x00000000eb900000,0x00000000eb900000,0x00000000ebb80000)
 ParOldGen       total 68608K, used 68398K [0x00000000c0000000, 0x00000000c4300000, 0x00000000eab00000)
  object space 68608K, 99% used [0x00000000c0000000,0x00000000c42cb8d0,0x00000000c4300000)
 Metaspace       used 61239K, committed 62336K, reserved 1114112K
  class space    used 6995K, committed 7488K, reserved 1048576K
}
Event: 10.512 GC heap before
{Heap before GC invocations=45 (full 5):
 PSYoungGen      total 15872K, used 14634K [0x00000000eab00000, 0x00000000ebe00000, 0x0000000100000000)
  eden space 14336K, 100% used [0x00000000eab00000,0x00000000eb900000,0x00000000eb900000)
  from space 1536K, 19% used [0x00000000ebc80000,0x00000000ebccab78,0x00000000ebe00000)
  to   space 2560K, 0% used [0x00000000eb900000,0x00000000eb900000,0x00000000ebb80000)
 ParOldGen       total 68608K, used 68398K [0x00000000c0000000, 0x00000000c4300000, 0x00000000eab00000)
  object space 68608K, 99% used [0x00000000c0000000,0x00000000c42cb8d0,0x00000000c4300000)
 Metaspace       used 61240K, committed 62336K, reserved 1114112K
  class space    used 6995K, committed 7488K, reserved 1048576K
}
Event: 10.554 GC heap after
{Heap after GC invocations=45 (full 5):
 PSYoungGen      total 16896K, used 1592K [0x00000000eab00000, 0x00000000ebe80000, 0x0000000100000000)
  eden space 14336K, 11% used [0x00000000eab00000,0x00000000eac8e078,0x00000000eb900000)
  from space 2560K, 0% used [0x00000000eb900000,0x00000000eb900000,0x00000000ebb80000)
  to   space 1536K, 0% used [0x00000000ebc80000,0x00000000ebc80000,0x00000000ebe00000)
 ParOldGen       total 68608K, used 68571K [0x00000000c0000000, 0x00000000c4300000, 0x00000000eab00000)
  object space 68608K, 99% used [0x00000000c0000000,0x00000000c42f6e38,0x00000000c4300000)
 Metaspace       used 61240K, committed 62336K, reserved 1114112K
  class space    used 6995K, committed 7488K, reserved 1048576K
}
Event: 10.580 GC heap before
{Heap before GC invocations=46 (full 6):
 PSYoungGen      total 16896K, used 14336K [0x00000000eab00000, 0x00000000ebe80000, 0x0000000100000000)
  eden space 14336K, 100% used [0x00000000eab00000,0x00000000eb900000,0x00000000eb900000)
  from space 2560K, 0% used [0x00000000eb900000,0x00000000eb900000,0x00000000ebb80000)
  to   space 1536K, 0% used [0x00000000ebc80000,0x00000000ebc80000,0x00000000ebe00000)
 ParOldGen       total 68608K, used 68571K [0x00000000c0000000, 0x00000000c4300000, 0x00000000eab00000)
  object space 68608K, 99% used [0x00000000c0000000,0x00000000c42f6e38,0x00000000c4300000)
 Metaspace       used 61244K, committed 62336K, reserved 1114112K
  class space    used 6995K, committed 7488K, reserved 1048576K
}
Event: 10.615 GC heap after
{Heap after GC invocations=46 (full 6):
 PSYoungGen      total 15872K, used 2815K [0x00000000eab00000, 0x00000000ebe80000, 0x0000000100000000)
  eden space 14336K, 19% used [0x00000000eab00000,0x00000000eadbfe10,0x00000000eb900000)
  from space 1536K, 0% used [0x00000000ebc80000,0x00000000ebc80000,0x00000000ebe00000)
  to   space 2560K, 0% used [0x00000000eb900000,0x00000000eb900000,0x00000000ebb80000)
 ParOldGen       total 68608K, used 68570K [0x00000000c0000000, 0x00000000c4300000, 0x00000000eab00000)
  object space 68608K, 99% used [0x00000000c0000000,0x00000000c42f6b40,0x00000000c4300000)
 Metaspace       used 61244K, committed 62336K, reserved 1114112K
  class space    used 6995K, committed 7488K, reserved 1048576K
}
Event: 10.637 GC heap before
{Heap before GC invocations=47 (full 7):
 PSYoungGen      total 15872K, used 14336K [0x00000000eab00000, 0x00000000ebe80000, 0x0000000100000000)
  eden space 14336K, 100% used [0x00000000eab00000,0x00000000eb900000,0x00000000eb900000)
  from space 1536K, 0% used [0x00000000ebc80000,0x00000000ebc80000,0x00000000ebe00000)
  to   space 2560K, 0% used [0x00000000eb900000,0x00000000eb900000,0x00000000ebb80000)
 ParOldGen       total 68608K, used 68570K [0x00000000c0000000, 0x00000000c4300000, 0x00000000eab00000)
  object space 68608K, 99% used [0x00000000c0000000,0x00000000c42f6b40,0x00000000c4300000)
 Metaspace       used 61244K, committed 62336K, reserved 1114112K
  class space    used 6995K, committed 7488K, reserved 1048576K
}
Event: 10.672 GC heap after
{Heap after GC invocations=47 (full 7):
 PSYoungGen      total 16896K, used 3688K [0x00000000eab00000, 0x00000000ebe80000, 0x0000000100000000)
  eden space 14336K, 25% used [0x00000000eab00000,0x00000000eae9a3e0,0x00000000eb900000)
  from space 2560K, 0% used [0x00000000eb900000,0x00000000eb900000,0x00000000ebb80000)
  to   space 1536K, 0% used [0x00000000ebc80000,0x00000000ebc80000,0x00000000ebe00000)
 ParOldGen       total 68608K, used 68570K [0x00000000c0000000, 0x00000000c4300000, 0x00000000eab00000)
  object space 68608K, 99% used [0x00000000c0000000,0x00000000c42f6b40,0x00000000c4300000)
 Metaspace       used 61244K, committed 62336K, reserved 1114112K
  class space    used 6995K, committed 7488K, reserved 1048576K
}
Event: 10.693 GC heap before
{Heap before GC invocations=48 (full 8):
 PSYoungGen      total 16896K, used 14335K [0x00000000eab00000, 0x00000000ebe80000, 0x0000000100000000)
  eden space 14336K, 99% used [0x00000000eab00000,0x00000000eb8ffff0,0x00000000eb900000)
  from space 2560K, 0% used [0x00000000eb900000,0x00000000eb900000,0x00000000ebb80000)
  to   space 1536K, 0% used [0x00000000ebc80000,0x00000000ebc80000,0x00000000ebe00000)
 ParOldGen       total 68608K, used 68570K [0x00000000c0000000, 0x00000000c4300000, 0x00000000eab00000)
  object space 68608K, 99% used [0x00000000c0000000,0x00000000c42f6b40,0x00000000c4300000)
 Metaspace       used 61246K, committed 62336K, reserved 1114112K
  class space    used 6995K, committed 7488K, reserved 1048576K
}
Event: 10.728 GC heap after
{Heap after GC invocations=48 (full 8):
 PSYoungGen      total 15872K, used 4531K [0x00000000eab00000, 0x00000000ebe80000, 0x0000000100000000)
  eden space 14336K, 31% used [0x00000000eab00000,0x00000000eaf6cc20,0x00000000eb900000)
  from space 1536K, 0% used [0x00000000ebc80000,0x00000000ebc80000,0x00000000ebe00000)
  to   space 2560K, 0% used [0x00000000eb900000,0x00000000eb900000,0x00000000ebb80000)
 ParOldGen       total 68608K, used 68570K [0x00000000c0000000, 0x00000000c4300000, 0x00000000eab00000)
  object space 68608K, 99% used [0x00000000c0000000,0x00000000c42f6b40,0x00000000c4300000)
 Metaspace       used 61246K, committed 62336K, reserved 1114112K
  class space    used 6995K, committed 7488K, reserved 1048576K
}
Event: 10.746 GC heap before
{Heap before GC invocations=49 (full 9):
 PSYoungGen      total 15872K, used 14336K [0x00000000eab00000, 0x00000000ebe80000, 0x0000000100000000)
  eden space 14336K, 100% used [0x00000000eab00000,0x00000000eb900000,0x00000000eb900000)
  from space 1536K, 0% used [0x00000000ebc80000,0x00000000ebc80000,0x00000000ebe00000)
  to   space 2560K, 0% used [0x00000000eb900000,0x00000000eb900000,0x00000000ebb80000)
 ParOldGen       total 68608K, used 68570K [0x00000000c0000000, 0x00000000c4300000, 0x00000000eab00000)
  object space 68608K, 99% used [0x00000000c0000000,0x00000000c42f6b40,0x00000000c4300000)
 Metaspace       used 61246K, committed 62336K, reserved 1114112K
  class space    used 6995K, committed 7488K, reserved 1048576K
}
Event: 10.785 GC heap after
{Heap after GC invocations=49 (full 9):
 PSYoungGen      total 16896K, used 5367K [0x00000000eab00000, 0x00000000ebe80000, 0x0000000100000000)
  eden space 14336K, 37% used [0x00000000eab00000,0x00000000eb03df38,0x00000000eb900000)
  from space 2560K, 0% used [0x00000000eb900000,0x00000000eb900000,0x00000000ebb80000)
  to   space 1536K, 0% used [0x00000000ebc80000,0x00000000ebc80000,0x00000000ebe00000)
 ParOldGen       total 68608K, used 68570K [0x00000000c0000000, 0x00000000c4300000, 0x00000000eab00000)
  object space 68608K, 99% used [0x00000000c0000000,0x00000000c42f6b40,0x00000000c4300000)
 Metaspace       used 61246K, committed 62336K, reserved 1114112K
  class space    used 6995K, committed 7488K, reserved 1048576K
}
Event: 10.800 GC heap before
{Heap before GC invocations=50 (full 10):
 PSYoungGen      total 16896K, used 14336K [0x00000000eab00000, 0x00000000ebe80000, 0x0000000100000000)
  eden space 14336K, 100% used [0x00000000eab00000,0x00000000eb900000,0x00000000eb900000)
  from space 2560K, 0% used [0x00000000eb900000,0x00000000eb900000,0x00000000ebb80000)
  to   space 1536K, 0% used [0x00000000ebc80000,0x00000000ebc80000,0x00000000ebe00000)
 ParOldGen       total 68608K, used 68570K [0x00000000c0000000, 0x00000000c4300000, 0x00000000eab00000)
  object space 68608K, 99% used [0x00000000c0000000,0x00000000c42f6b40,0x00000000c4300000)
 Metaspace       used 61246K, committed 62336K, reserved 1114112K
  class space    used 6995K, committed 7488K, reserved 1048576K
}
Event: 10.842 GC heap after
{Heap after GC invocations=50 (full 10):
 PSYoungGen      total 15872K, used 6097K [0x00000000eab00000, 0x00000000ebe80000, 0x0000000100000000)
  eden space 14336K, 42% used [0x00000000eab00000,0x00000000eb0f4418,0x00000000eb900000)
  from space 1536K, 0% used [0x00000000ebc80000,0x00000000ebc80000,0x00000000ebe00000)
  to   space 2560K, 0% used [0x00000000eb900000,0x00000000eb900000,0x00000000ebb80000)
 ParOldGen       total 68608K, used 68570K [0x00000000c0000000, 0x00000000c4300000, 0x00000000eab00000)
  object space 68608K, 99% used [0x00000000c0000000,0x00000000c42f6b40,0x00000000c4300000)
 Metaspace       used 61246K, committed 62336K, reserved 1114112K
  class space    used 6995K, committed 7488K, reserved 1048576K
}
Event: 10.859 GC heap before
{Heap before GC invocations=51 (full 11):
 PSYoungGen      total 15872K, used 14336K [0x00000000eab00000, 0x00000000ebe80000, 0x0000000100000000)
  eden space 14336K, 100% used [0x00000000eab00000,0x00000000eb900000,0x00000000eb900000)
  from space 1536K, 0% used [0x00000000ebc80000,0x00000000ebc80000,0x00000000ebe00000)
  to   space 2560K, 0% used [0x00000000eb900000,0x00000000eb900000,0x00000000ebb80000)
 ParOldGen       total 68608K, used 68570K [0x00000000c0000000, 0x00000000c4300000, 0x00000000eab00000)
  object space 68608K, 99% used [0x00000000c0000000,0x00000000c42f6b40,0x00000000c4300000)
 Metaspace       used 61246K, committed 62336K, reserved 1114112K
  class space    used 6995K, committed 7488K, reserved 1048576K
}
Event: 10.905 GC heap after
{Heap after GC invocations=51 (full 11):
 PSYoungGen      total 16896K, used 6630K [0x00000000eab00000, 0x00000000ebe80000, 0x0000000100000000)
  eden space 14336K, 46% used [0x00000000eab00000,0x00000000eb179b88,0x00000000eb900000)
  from space 2560K, 0% used [0x00000000eb900000,0x00000000eb900000,0x00000000ebb80000)
  to   space 1536K, 0% used [0x00000000ebc80000,0x00000000ebc80000,0x00000000ebe00000)
 ParOldGen       total 68608K, used 68569K [0x00000000c0000000, 0x00000000c4300000, 0x00000000eab00000)
  object space 68608K, 99% used [0x00000000c0000000,0x00000000c42f6578,0x00000000c4300000)
 Metaspace       used 61246K, committed 62336K, reserved 1114112K
  class space    used 6995K, committed 7488K, reserved 1048576K
}
Event: 10.921 GC heap before
{Heap before GC invocations=52 (full 12):
 PSYoungGen      total 16896K, used 14336K [0x00000000eab00000, 0x00000000ebe80000, 0x0000000100000000)
  eden space 14336K, 100% used [0x00000000eab00000,0x00000000eb900000,0x00000000eb900000)
  from space 2560K, 0% used [0x00000000eb900000,0x00000000eb900000,0x00000000ebb80000)
  to   space 1536K, 0% used [0x00000000ebc80000,0x00000000ebc80000,0x00000000ebe00000)
 ParOldGen       total 68608K, used 68569K [0x00000000c0000000, 0x00000000c4300000, 0x00000000eab00000)
  object space 68608K, 99% used [0x00000000c0000000,0x00000000c42f6578,0x00000000c4300000)
 Metaspace       used 61249K, committed 62336K, reserved 1114112K
  class space    used 6995K, committed 7488K, reserved 1048576K
}
Event: 10.959 GC heap after
{Heap after GC invocations=52 (full 12):
 PSYoungGen      total 15872K, used 7810K [0x00000000eab00000, 0x00000000ebe80000, 0x0000000100000000)
  eden space 14336K, 54% used [0x00000000eab00000,0x00000000eb2a0ba0,0x00000000eb900000)
  from space 1536K, 0% used [0x00000000ebc80000,0x00000000ebc80000,0x00000000ebe00000)
  to   space 2560K, 0% used [0x00000000eb900000,0x00000000eb900000,0x00000000ebb80000)
 ParOldGen       total 68608K, used 68568K [0x00000000c0000000, 0x00000000c4300000, 0x00000000eab00000)
  object space 68608K, 99% used [0x00000000c0000000,0x00000000c42f63a0,0x00000000c4300000)
 Metaspace       used 61249K, committed 62336K, reserved 1114112K
  class space    used 6995K, committed 7488K, reserved 1048576K
}
Event: 10.981 GC heap before
{Heap before GC invocations=53 (full 13):
 PSYoungGen      total 15872K, used 14336K [0x00000000eab00000, 0x00000000ebe80000, 0x0000000100000000)
  eden space 14336K, 100% used [0x00000000eab00000,0x00000000eb900000,0x00000000eb900000)
  from space 1536K, 0% used [0x00000000ebc80000,0x00000000ebc80000,0x00000000ebe00000)
  to   space 2560K, 0% used [0x00000000eb900000,0x00000000eb900000,0x00000000ebb80000)
 ParOldGen       total 68608K, used 68568K [0x00000000c0000000, 0x00000000c4300000, 0x00000000eab00000)
  object space 68608K, 99% used [0x00000000c0000000,0x00000000c42f63a0,0x00000000c4300000)
 Metaspace       used 61249K, committed 62336K, reserved 1114112K
  class space    used 6995K, committed 7488K, reserved 1048576K
}

