# JRE version: Java(TM) SE Runtime Environment (19.0.1+10) (build 19.0.1+10-21)
# Java VM: Java HotSpot(TM) 64-Bit Server VM (19.0.1+10-21, mixed mode, sharing, tiered, compressed oops, compressed class ptrs, g1 gc, windows-amd64)
GC Precious Log:
 CardTable entry size: 512
 Card Set container configuration: InlinePtr #cards 5 size 8 Array Of Cards #cards 12 size 40 Howl #buckets 4 coarsen threshold 1843 Howl Bitmap #cards 512 size 80 coarsen threshold 460 Card regions per heap region 1 cards per card region 2048
 CPUs: 12 total, 12 available
 Memory: 7579M
 Large Page Support: Disabled
 NUMA Support: Disabled
 Compressed Oops: Enabled (32-bit)
 Heap Region Size: 1M
 Heap Min Capacity: 8M
 Heap Initial Capacity: 120M
 Heap Max Capacity: 1896M
 Pre-touch: Disabled
 Parallel Workers: 10
 Concurrent Workers: 3
 Concurrent Refinement Workers: 10
 Periodic GC: Disabled
Heap:
 garbage-first heap   total 122880K, used 38912K [0x0000000089800000, 0x0000000100000000)
  region size 1024K, 5 young (5120K), 5 survivors (5120K)
 Metaspace       used 48615K, committed 49472K, reserved 1114112K
  class space    used 6020K, committed 6464K, reserved 1048576K
GC Heap History (20 events):
Event: 0.722 GC heap after
{Heap after GC invocations=1 (full 0):
 garbage-first heap   total 122880K, used 5920K [0x0000000089800000, 0x0000000100000000)
  region size 1024K, 3 young (3072K), 3 survivors (3072K)
 Metaspace       used 6738K, committed 6912K, reserved 1114112K
  class space    used 660K, committed 768K, reserved 1048576K
}
Event: 1.304 GC heap before
{Heap before GC invocations=1 (full 0):
 garbage-first heap   total 122880K, used 39712K [0x0000000089800000, 0x0000000100000000)
  region size 1024K, 36 young (36864K), 3 survivors (3072K)
 Metaspace       used 14575K, committed 14848K, reserved 1114112K
  class space    used 1614K, committed 1792K, reserved 1048576K
}
Event: 1.315 GC heap after
{Heap after GC invocations=2 (full 0):
 garbage-first heap   total 122880K, used 9448K [0x0000000089800000, 0x0000000100000000)
  region size 1024K, 4 young (4096K), 4 survivors (4096K)
 Metaspace       used 14575K, committed 14848K, reserved 1114112K
  class space    used 1614K, committed 1792K, reserved 1048576K
}
Event: 1.762 GC heap before
{Heap before GC invocations=2 (full 0):
 garbage-first heap   total 122880K, used 35048K [0x0000000089800000, 0x0000000100000000)
  region size 1024K, 27 young (27648K), 4 survivors (4096K)
 Metaspace       used 21233K, committed 21504K, reserved 1114112K
  class space    used 2576K, committed 2688K, reserved 1048576K
}
Event: 1.770 GC heap after
{Heap after GC invocations=3 (full 0):
 garbage-first heap   total 122880K, used 14741K [0x0000000089800000, 0x0000000100000000)
  region size 1024K, 6 young (6144K), 6 survivors (6144K)
 Metaspace       used 21233K, committed 21504K, reserved 1114112K
  class space    used 2576K, committed 2688K, reserved 1048576K
}
Event: 2.336 GC heap before
{Heap before GC invocations=4 (full 0):
 garbage-first heap   total 55296K, used 43413K [0x0000000089800000, 0x0000000100000000)
  region size 1024K, 32 young (32768K), 6 survivors (6144K)
 Metaspace       used 25763K, committed 26048K, reserved 1114112K
  class space    used 3394K, committed 3520K, reserved 1048576K
}
Event: 2.358 GC heap after
{Heap after GC invocations=5 (full 0):
 garbage-first heap   total 55296K, used 20863K [0x0000000089800000, 0x0000000100000000)
  region size 1024K, 4 young (4096K), 4 survivors (4096K)
 Metaspace       used 25763K, committed 26048K, reserved 1114112K
  class space    used 3394K, committed 3520K, reserved 1048576K
}
Event: 2.378 GC heap before
{Heap before GC invocations=5 (full 0):
 garbage-first heap   total 55296K, used 21887K [0x0000000089800000, 0x0000000100000000)
  region size 1024K, 5 young (5120K), 4 survivors (4096K)
 Metaspace       used 25822K, committed 26112K, reserved 1114112K
  class space    used 3398K, committed 3520K, reserved 1048576K
}
Event: 2.387 GC heap after
{Heap after GC invocations=6 (full 0):
 garbage-first heap   total 55296K, used 22152K [0x0000000089800000, 0x0000000100000000)
  region size 1024K, 1 young (1024K), 1 survivors (1024K)
 Metaspace       used 25822K, committed 26112K, reserved 1114112K
  class space    used 3398K, committed 3520K, reserved 1048576K
}
Event: 2.731 GC heap before
{Heap before GC invocations=6 (full 0):
 garbage-first heap   total 55296K, used 40584K [0x0000000089800000, 0x0000000100000000)
  region size 1024K, 20 young (20480K), 1 survivors (1024K)
 Metaspace       used 29607K, committed 29888K, reserved 1114112K
  class space    used 3782K, committed 3904K, reserved 1048576K
}
Event: 2.737 GC heap after
{Heap after GC invocations=7 (full 0):
 garbage-first heap   total 55296K, used 22104K [0x0000000089800000, 0x0000000100000000)
  region size 1024K, 3 young (3072K), 3 survivors (3072K)
 Metaspace       used 29607K, committed 29888K, reserved 1114112K
  class space    used 3782K, committed 3904K, reserved 1048576K
}
Event: 3.112 GC heap before
{Heap before GC invocations=7 (full 0):
 garbage-first heap   total 55296K, used 40536K [0x0000000089800000, 0x0000000100000000)
  region size 1024K, 21 young (21504K), 3 survivors (3072K)
 Metaspace       used 32869K, committed 33280K, reserved 1114112K
  class space    used 4089K, committed 4288K, reserved 1048576K
}
Event: 3.120 GC heap after
{Heap after GC invocations=8 (full 0):
 garbage-first heap   total 110592K, used 23983K [0x0000000089800000, 0x0000000100000000)
  region size 1024K, 2 young (2048K), 2 survivors (2048K)
 Metaspace       used 32869K, committed 33280K, reserved 1114112K
  class space    used 4089K, committed 4288K, reserved 1048576K
}
Event: 3.386 GC heap before
{Heap before GC invocations=8 (full 0):
 garbage-first heap   total 110592K, used 38319K [0x0000000089800000, 0x0000000100000000)
  region size 1024K, 17 young (17408K), 2 survivors (2048K)
 Metaspace       used 35268K, committed 35968K, reserved 1114112K
  class space    used 4414K, committed 4800K, reserved 1048576K
}
Event: 3.392 GC heap after
{Heap after GC invocations=9 (full 0):
 garbage-first heap   total 110592K, used 25041K [0x0000000089800000, 0x0000000100000000)
  region size 1024K, 3 young (3072K), 3 survivors (3072K)
 Metaspace       used 35268K, committed 35968K, reserved 1114112K
  class space    used 4414K, committed 4800K, reserved 1048576K
}
Event: 4.801 GC heap before
{Heap before GC invocations=10 (full 0):
 garbage-first heap   total 89088K, used 78289K [0x0000000089800000, 0x0000000100000000)
  region size 1024K, 52 young (53248K), 3 survivors (3072K)
 Metaspace       used 46699K, committed 47552K, reserved 1114112K
  class space    used 5834K, committed 6272K, reserved 1048576K
}
Event: 4.818 GC heap after
{Heap after GC invocations=11 (full 0):
 garbage-first heap   total 89088K, used 33282K [0x0000000089800000, 0x0000000100000000)
  region size 1024K, 7 young (7168K), 7 survivors (7168K)
 Metaspace       used 46699K, committed 47552K, reserved 1114112K
  class space    used 5834K, committed 6272K, reserved 1048576K
}
Event: 4.820 GC heap before
{Heap before GC invocations=11 (full 0):
 garbage-first heap   total 89088K, used 34306K [0x0000000089800000, 0x0000000100000000)
  region size 1024K, 8 young (8192K), 7 survivors (7168K)
 Metaspace       used 46711K, committed 47552K, reserved 1114112K
  class space    used 5834K, committed 6272K, reserved 1048576K
}
Event: 4.832 GC heap after
{Heap after GC invocations=12 (full 0):
 garbage-first heap   total 89088K, used 34192K [0x0000000089800000, 0x0000000100000000)
  region size 1024K, 1 young (1024K), 1 survivors (1024K)
 Metaspace       used 46711K, committed 47552K, reserved 1114112K
  class space    used 5834K, committed 6272K, reserved 1048576K
}
Event: 5.406 GC heap before
{Heap before GC invocations=12 (full 0):
 garbage-first heap   total 89088K, used 66960K [0x0000000089800000, 0x0000000100000000)
  region size 1024K, 33 young (33792K), 1 survivors (1024K)
 Metaspace       used 48615K, committed 49472K, reserved 1114112K
  class space    used 6020K, committed 6464K, reserved 1048576K
}

