# JRE version: Java(TM) SE Runtime Environment (19.0.1+10) (build 19.0.1+10-21)
# Java VM: Java HotSpot(TM) 64-Bit Server VM (19.0.1+10-21, mixed mode, sharing, tiered, compressed oops, compressed class ptrs, g1 gc, windows-amd64)
GC Precious Log:
 CardTable entry size: 512
 Card Set container configuration: InlinePtr #cards 5 size 8 Array Of Cards #cards 12 size 40 Howl #buckets 4 coarsen threshold 1843 Howl Bitmap #cards 512 size 80 coarsen threshold 460 Card regions per heap region 1 cards per card region 2048
 CPUs: 12 total, 12 available
 Memory: 7579M
 Large Page Support: Disabled
 NUMA Support: Disabled
 Compressed Oops: Enabled (32-bit)
 Heap Region Size: 1M
 Heap Min Capacity: 8M
 Heap Initial Capacity: 120M
 Heap Max Capacity: 1896M
 Pre-touch: Disabled
 Parallel Workers: 10
 Concurrent Workers: 3
 Concurrent Refinement Workers: 10
 Periodic GC: Disabled
Heap:
 garbage-first heap   total 227328K, used 39563K [0x0000000089800000, 0x0000000100000000)
  region size 1024K, 5 young (5120K), 4 survivors (4096K)
 Metaspace       used 45288K, committed 46016K, reserved 1114112K
  class space    used 5424K, committed 5824K, reserved 1048576K
GC Heap History (20 events):
Event: 1.254 GC heap before
{Heap before GC invocations=1 (full 0):
 garbage-first heap   total 122880K, used 39872K [0x0000000089800000, 0x0000000100000000)
  region size 1024K, 36 young (36864K), 3 survivors (3072K)
 Metaspace       used 14372K, committed 14592K, reserved 1114112K
  class space    used 1591K, committed 1728K, reserved 1048576K
}
Event: 1.266 GC heap after
{Heap after GC invocations=2 (full 0):
 garbage-first heap   total 122880K, used 9762K [0x0000000089800000, 0x0000000100000000)
  region size 1024K, 4 young (4096K), 4 survivors (4096K)
 Metaspace       used 14372K, committed 14592K, reserved 1114112K
  class space    used 1591K, committed 1728K, reserved 1048576K
}
Event: 1.795 GC heap before
{Heap before GC invocations=2 (full 0):
 garbage-first heap   total 122880K, used 36386K [0x0000000089800000, 0x0000000100000000)
  region size 1024K, 28 young (28672K), 4 survivors (4096K)
 Metaspace       used 21238K, committed 21504K, reserved 1114112K
  class space    used 2598K, committed 2752K, reserved 1048576K
}
Event: 1.805 GC heap after
{Heap after GC invocations=3 (full 0):
 garbage-first heap   total 122880K, used 14862K [0x0000000089800000, 0x0000000100000000)
  region size 1024K, 6 young (6144K), 6 survivors (6144K)
 Metaspace       used 21238K, committed 21504K, reserved 1114112K
  class space    used 2598K, committed 2752K, reserved 1048576K
}
Event: 2.336 GC heap before
{Heap before GC invocations=4 (full 0):
 garbage-first heap   total 55296K, used 43534K [0x0000000089800000, 0x0000000100000000)
  region size 1024K, 32 young (32768K), 6 survivors (6144K)
 Metaspace       used 25646K, committed 25920K, reserved 1114112K
  class space    used 3372K, committed 3520K, reserved 1048576K
}
Event: 2.352 GC heap after
{Heap after GC invocations=5 (full 0):
 garbage-first heap   total 55296K, used 21213K [0x0000000089800000, 0x0000000100000000)
  region size 1024K, 4 young (4096K), 4 survivors (4096K)
 Metaspace       used 25646K, committed 25920K, reserved 1114112K
  class space    used 3372K, committed 3520K, reserved 1048576K
}
Event: 2.379 GC heap before
{Heap before GC invocations=5 (full 0):
 garbage-first heap   total 55296K, used 22237K [0x0000000089800000, 0x0000000100000000)
  region size 1024K, 5 young (5120K), 4 survivors (4096K)
 Metaspace       used 25942K, committed 26176K, reserved 1114112K
  class space    used 3398K, committed 3520K, reserved 1048576K
}
Event: 2.386 GC heap after
{Heap after GC invocations=6 (full 0):
 garbage-first heap   total 55296K, used 22059K [0x0000000089800000, 0x0000000100000000)
  region size 1024K, 1 young (1024K), 1 survivors (1024K)
 Metaspace       used 25942K, committed 26176K, reserved 1114112K
  class space    used 3398K, committed 3520K, reserved 1048576K
}
Event: 2.731 GC heap before
{Heap before GC invocations=6 (full 0):
 garbage-first heap   total 55296K, used 40491K [0x0000000089800000, 0x0000000100000000)
  region size 1024K, 20 young (20480K), 1 survivors (1024K)
 Metaspace       used 29567K, committed 29888K, reserved 1114112K
  class space    used 3768K, committed 3904K, reserved 1048576K
}
Event: 2.736 GC heap after
{Heap after GC invocations=7 (full 0):
 garbage-first heap   total 55296K, used 22180K [0x0000000089800000, 0x0000000100000000)
  region size 1024K, 3 young (3072K), 3 survivors (3072K)
 Metaspace       used 29567K, committed 29888K, reserved 1114112K
  class space    used 3768K, committed 3904K, reserved 1048576K
}
Event: 3.002 GC heap before
{Heap before GC invocations=7 (full 0):
 garbage-first heap   total 55296K, used 40612K [0x0000000089800000, 0x0000000100000000)
  region size 1024K, 21 young (21504K), 3 survivors (3072K)
 Metaspace       used 32806K, committed 33280K, reserved 1114112K
  class space    used 4076K, committed 4288K, reserved 1048576K
}
Event: 3.009 GC heap after
{Heap after GC invocations=8 (full 0):
 garbage-first heap   total 94208K, used 24033K [0x0000000089800000, 0x0000000100000000)
  region size 1024K, 2 young (2048K), 2 survivors (2048K)
 Metaspace       used 32806K, committed 33280K, reserved 1114112K
  class space    used 4076K, committed 4288K, reserved 1048576K
}
Event: 3.287 GC heap before
{Heap before GC invocations=8 (full 0):
 garbage-first heap   total 94208K, used 38369K [0x0000000089800000, 0x0000000100000000)
  region size 1024K, 17 young (17408K), 2 survivors (2048K)
 Metaspace       used 35257K, committed 35968K, reserved 1114112K
  class space    used 4406K, committed 4736K, reserved 1048576K
}
Event: 3.294 GC heap after
{Heap after GC invocations=9 (full 0):
 garbage-first heap   total 94208K, used 24991K [0x0000000089800000, 0x0000000100000000)
  region size 1024K, 3 young (3072K), 3 survivors (3072K)
 Metaspace       used 35257K, committed 35968K, reserved 1114112K
  class space    used 4406K, committed 4736K, reserved 1048576K
}
Event: 4.730 GC heap before
{Heap before GC invocations=10 (full 0):
 garbage-first heap   total 89088K, used 72095K [0x0000000089800000, 0x0000000100000000)
  region size 1024K, 46 young (47104K), 3 survivors (3072K)
 Metaspace       used 41596K, committed 42368K, reserved 1114112K
  class space    used 5033K, committed 5440K, reserved 1048576K
}
Event: 4.753 GC heap after
{Heap after GC invocations=11 (full 0):
 garbage-first heap   total 89088K, used 35458K [0x0000000089800000, 0x0000000100000000)
  region size 1024K, 6 young (6144K), 6 survivors (6144K)
 Metaspace       used 41596K, committed 42368K, reserved 1114112K
  class space    used 5033K, committed 5440K, reserved 1048576K
}
Event: 4.756 GC heap before
{Heap before GC invocations=11 (full 0):
 garbage-first heap   total 89088K, used 36482K [0x0000000089800000, 0x0000000100000000)
  region size 1024K, 7 young (7168K), 6 survivors (6144K)
 Metaspace       used 41596K, committed 42368K, reserved 1114112K
  class space    used 5033K, committed 5440K, reserved 1048576K
}
Event: 4.767 GC heap after
{Heap after GC invocations=12 (full 0):
 garbage-first heap   total 89088K, used 36719K [0x0000000089800000, 0x0000000100000000)
  region size 1024K, 1 young (1024K), 1 survivors (1024K)
 Metaspace       used 41596K, committed 42368K, reserved 1114112K
  class space    used 5033K, committed 5440K, reserved 1048576K
}
Event: 5.627 GC heap before
{Heap before GC invocations=12 (full 0):
 garbage-first heap   total 89088K, used 66415K [0x0000000089800000, 0x0000000100000000)
  region size 1024K, 30 young (30720K), 1 survivors (1024K)
 Metaspace       used 45201K, committed 45952K, reserved 1114112K
  class space    used 5419K, committed 5824K, reserved 1048576K
}
Event: 5.639 GC heap after
{Heap after GC invocations=13 (full 0):
 garbage-first heap   total 227328K, used 39563K [0x0000000089800000, 0x0000000100000000)
  region size 1024K, 4 young (4096K), 4 survivors (4096K)
 Metaspace       used 45201K, committed 45952K, reserved 1114112K
  class space    used 5419K, committed 5824K, reserved 1048576K
}

