# JRE version: Java(TM) SE Runtime Environment (19.0.1+10) (build 19.0.1+10-21)
# Java VM: Java HotSpot(TM) 64-Bit Server VM (19.0.1+10-21, mixed mode, sharing, tiered, compressed oops, compressed class ptrs, g1 gc, windows-amd64)
GC Precious Log:
 CardTable entry size: 512
 Card Set container configuration: InlinePtr #cards 5 size 8 Array Of Cards #cards 12 size 40 Howl #buckets 4 coarsen threshold 1843 Howl Bitmap #cards 512 size 80 coarsen threshold 460 Card regions per heap region 1 cards per card region 2048
 CPUs: 12 total, 12 available
 Memory: 7579M
 Large Page Support: Disabled
 NUMA Support: Disabled
 Compressed Oops: Enabled (32-bit)
 Heap Region Size: 1M
 Heap Min Capacity: 8M
 Heap Initial Capacity: 120M
 Heap Max Capacity: 1896M
 Pre-touch: Disabled
 Parallel Workers: 10
 Concurrent Workers: 3
 Concurrent Refinement Workers: 10
 Periodic GC: Disabled
Heap:
 garbage-first heap   total 89088K, used 71439K [0x0000000089800000, 0x0000000100000000)
  region size 1024K, 50 young (51200K), 6 survivors (6144K)
 Metaspace       used 46612K, committed 47424K, reserved 1114112K
  class space    used 5836K, committed 6272K, reserved 1048576K
GC Heap History (14 events):
Event: 0.553 GC heap before
{Heap before GC invocations=0 (full 0):
 garbage-first heap   total 122880K, used 26624K [0x0000000089800000, 0x0000000100000000)
  region size 1024K, 23 young (23552K), 0 survivors (0K)
 Metaspace       used 6740K, committed 6912K, reserved 1114112K
  class space    used 660K, committed 768K, reserved 1048576K
}
Event: 0.558 GC heap after
{Heap after GC invocations=1 (full 0):
 garbage-first heap   total 122880K, used 6080K [0x0000000089800000, 0x0000000100000000)
  region size 1024K, 3 young (3072K), 3 survivors (3072K)
 Metaspace       used 6740K, committed 6912K, reserved 1114112K
  class space    used 660K, committed 768K, reserved 1048576K
}
Event: 1.062 GC heap before
{Heap before GC invocations=1 (full 0):
 garbage-first heap   total 122880K, used 39872K [0x0000000089800000, 0x0000000100000000)
  region size 1024K, 36 young (36864K), 3 survivors (3072K)
 Metaspace       used 14592K, committed 14912K, reserved 1114112K
  class space    used 1614K, committed 1792K, reserved 1048576K
}
Event: 1.072 GC heap after
{Heap after GC invocations=2 (full 0):
 garbage-first heap   total 122880K, used 9799K [0x0000000089800000, 0x0000000100000000)
  region size 1024K, 4 young (4096K), 4 survivors (4096K)
 Metaspace       used 14592K, committed 14912K, reserved 1114112K
  class space    used 1614K, committed 1792K, reserved 1048576K
}
Event: 1.454 GC heap before
{Heap before GC invocations=2 (full 0):
 garbage-first heap   total 122880K, used 35399K [0x0000000089800000, 0x0000000100000000)
  region size 1024K, 27 young (27648K), 4 survivors (4096K)
 Metaspace       used 21237K, committed 21504K, reserved 1114112K
  class space    used 2577K, committed 2688K, reserved 1048576K
}
Event: 1.461 GC heap after
{Heap after GC invocations=3 (full 0):
 garbage-first heap   total 122880K, used 14877K [0x0000000089800000, 0x0000000100000000)
  region size 1024K, 6 young (6144K), 6 survivors (6144K)
 Metaspace       used 21237K, committed 21504K, reserved 1114112K
  class space    used 2577K, committed 2688K, reserved 1048576K
}
Event: 1.791 GC heap before
{Heap before GC invocations=4 (full 0):
 garbage-first heap   total 55296K, used 43549K [0x0000000089800000, 0x0000000100000000)
  region size 1024K, 32 young (32768K), 6 survivors (6144K)
 Metaspace       used 25764K, committed 26048K, reserved 1114112K
  class space    used 3394K, committed 3520K, reserved 1048576K
}
Event: 1.805 GC heap after
{Heap after GC invocations=5 (full 0):
 garbage-first heap   total 55296K, used 21187K [0x0000000089800000, 0x0000000100000000)
  region size 1024K, 4 young (4096K), 4 survivors (4096K)
 Metaspace       used 25764K, committed 26048K, reserved 1114112K
  class space    used 3394K, committed 3520K, reserved 1048576K
}
Event: 1.817 GC heap before
{Heap before GC invocations=5 (full 0):
 garbage-first heap   total 55296K, used 22211K [0x0000000089800000, 0x0000000100000000)
  region size 1024K, 5 young (5120K), 4 survivors (4096K)
 Metaspace       used 25835K, committed 26112K, reserved 1114112K
  class space    used 3398K, committed 3520K, reserved 1048576K
}
Event: 1.822 GC heap after
{Heap after GC invocations=6 (full 0):
 garbage-first heap   total 55296K, used 21630K [0x0000000089800000, 0x0000000100000000)
  region size 1024K, 1 young (1024K), 1 survivors (1024K)
 Metaspace       used 25835K, committed 26112K, reserved 1114112K
  class space    used 3398K, committed 3520K, reserved 1048576K
}
Event: 2.048 GC heap before
{Heap before GC invocations=6 (full 0):
 garbage-first heap   total 55296K, used 40062K [0x0000000089800000, 0x0000000100000000)
  region size 1024K, 20 young (20480K), 1 survivors (1024K)
 Metaspace       used 29537K, committed 29824K, reserved 1114112K
  class space    used 3779K, committed 3904K, reserved 1048576K
}
Event: 2.052 GC heap after
{Heap after GC invocations=7 (full 0):
 garbage-first heap   total 110592K, used 21572K [0x0000000089800000, 0x0000000100000000)
  region size 1024K, 3 young (3072K), 3 survivors (3072K)
 Metaspace       used 29537K, committed 29824K, reserved 1114112K
  class space    used 3779K, committed 3904K, reserved 1048576K
}
Event: 2.508 GC heap before
{Heap before GC invocations=7 (full 0):
 garbage-first heap   total 110592K, used 53316K [0x0000000089800000, 0x0000000100000000)
  region size 1024K, 36 young (36864K), 3 survivors (3072K)
 Metaspace       used 35264K, committed 35968K, reserved 1114112K
  class space    used 4416K, committed 4800K, reserved 1048576K
}
Event: 2.519 GC heap after
{Heap after GC invocations=8 (full 0):
 garbage-first heap   total 110592K, used 24335K [0x0000000089800000, 0x0000000100000000)
  region size 1024K, 6 young (6144K), 6 survivors (6144K)
 Metaspace       used 35264K, committed 35968K, reserved 1114112K
  class space    used 4416K, committed 4800K, reserved 1048576K
}

