# JRE version: Java(TM) SE Runtime Environment (19.0.1+10) (build 19.0.1+10-21)
# Java VM: Java HotSpot(TM) 64-Bit Server VM (19.0.1+10-21, mixed mode, sharing, tiered, compressed oops, compressed class ptrs, g1 gc, windows-amd64)
GC Precious Log:
 CardTable entry size: 512
 Card Set container configuration: InlinePtr #cards 5 size 8 Array Of Cards #cards 12 size 40 Howl #buckets 4 coarsen threshold 1843 Howl Bitmap #cards 512 size 80 coarsen threshold 460 Card regions per heap region 1 cards per card region 2048
 CPUs: 12 total, 12 available
 Memory: 7579M
 Large Page Support: Disabled
 NUMA Support: Disabled
 Compressed Oops: Enabled (32-bit)
 Heap Region Size: 1M
 Heap Min Capacity: 8M
 Heap Initial Capacity: 120M
 Heap Max Capacity: 1896M
 Pre-touch: Disabled
 Parallel Workers: 10
 Concurrent Workers: 3
 Concurrent Refinement Workers: 10
 Periodic GC: Disabled
Heap:
 garbage-first heap   total 216064K, used 49616K [0x0000000089800000, 0x0000000100000000)
  region size 1024K, 12 young (12288K), 4 survivors (4096K)
 Metaspace       used 45352K, committed 46208K, reserved 1114112K
  class space    used 5371K, committed 5824K, reserved 1048576K
GC Heap History (20 events):
Event: 1.291 GC heap before
{Heap before GC invocations=1 (full 0):
 garbage-first heap   total 122880K, used 40736K [0x0000000089800000, 0x0000000100000000)
  region size 1024K, 37 young (37888K), 3 survivors (3072K)
 Metaspace       used 14781K, committed 15040K, reserved 1114112K
  class space    used 1649K, committed 1792K, reserved 1048576K
}
Event: 1.306 GC heap after
{Heap after GC invocations=2 (full 0):
 garbage-first heap   total 122880K, used 9592K [0x0000000089800000, 0x0000000100000000)
  region size 1024K, 4 young (4096K), 4 survivors (4096K)
 Metaspace       used 14781K, committed 15040K, reserved 1114112K
  class space    used 1649K, committed 1792K, reserved 1048576K
}
Event: 1.794 GC heap before
{Heap before GC invocations=2 (full 0):
 garbage-first heap   total 122880K, used 35192K [0x0000000089800000, 0x0000000100000000)
  region size 1024K, 27 young (27648K), 4 survivors (4096K)
 Metaspace       used 21243K, committed 21504K, reserved 1114112K
  class space    used 2576K, committed 2688K, reserved 1048576K
}
Event: 1.801 GC heap after
{Heap after GC invocations=3 (full 0):
 garbage-first heap   total 122880K, used 14930K [0x0000000089800000, 0x0000000100000000)
  region size 1024K, 6 young (6144K), 6 survivors (6144K)
 Metaspace       used 21243K, committed 21504K, reserved 1114112K
  class space    used 2576K, committed 2688K, reserved 1048576K
}
Event: 2.316 GC heap before
{Heap before GC invocations=4 (full 0):
 garbage-first heap   total 55296K, used 42578K [0x0000000089800000, 0x0000000100000000)
  region size 1024K, 32 young (32768K), 6 survivors (6144K)
 Metaspace       used 25489K, committed 25728K, reserved 1114112K
  class space    used 3344K, committed 3456K, reserved 1048576K
}
Event: 2.335 GC heap after
{Heap after GC invocations=5 (full 0):
 garbage-first heap   total 55296K, used 21147K [0x0000000089800000, 0x0000000100000000)
  region size 1024K, 4 young (4096K), 4 survivors (4096K)
 Metaspace       used 25489K, committed 25728K, reserved 1114112K
  class space    used 3344K, committed 3456K, reserved 1048576K
}
Event: 2.352 GC heap before
{Heap before GC invocations=5 (full 0):
 garbage-first heap   total 55296K, used 22171K [0x0000000089800000, 0x0000000100000000)
  region size 1024K, 5 young (5120K), 4 survivors (4096K)
 Metaspace       used 25816K, committed 26112K, reserved 1114112K
  class space    used 3380K, committed 3520K, reserved 1048576K
}
Event: 2.359 GC heap after
{Heap after GC invocations=6 (full 0):
 garbage-first heap   total 55296K, used 22099K [0x0000000089800000, 0x0000000100000000)
  region size 1024K, 1 young (1024K), 1 survivors (1024K)
 Metaspace       used 25816K, committed 26112K, reserved 1114112K
  class space    used 3380K, committed 3520K, reserved 1048576K
}
Event: 2.718 GC heap before
{Heap before GC invocations=6 (full 0):
 garbage-first heap   total 55296K, used 40531K [0x0000000089800000, 0x0000000100000000)
  region size 1024K, 20 young (20480K), 1 survivors (1024K)
 Metaspace       used 29421K, committed 29696K, reserved 1114112K
  class space    used 3748K, committed 3904K, reserved 1048576K
}
Event: 2.723 GC heap after
{Heap after GC invocations=7 (full 0):
 garbage-first heap   total 55296K, used 22023K [0x0000000089800000, 0x0000000100000000)
  region size 1024K, 3 young (3072K), 3 survivors (3072K)
 Metaspace       used 29421K, committed 29696K, reserved 1114112K
  class space    used 3748K, committed 3904K, reserved 1048576K
}
Event: 2.984 GC heap before
{Heap before GC invocations=7 (full 0):
 garbage-first heap   total 55296K, used 39431K [0x0000000089800000, 0x0000000100000000)
  region size 1024K, 21 young (21504K), 3 survivors (3072K)
 Metaspace       used 32773K, committed 33216K, reserved 1114112K
  class space    used 4065K, committed 4288K, reserved 1048576K
}
Event: 2.990 GC heap after
{Heap after GC invocations=8 (full 0):
 garbage-first heap   total 107520K, used 24064K [0x0000000089800000, 0x0000000100000000)
  region size 1024K, 2 young (2048K), 2 survivors (2048K)
 Metaspace       used 32773K, committed 33216K, reserved 1114112K
  class space    used 4065K, committed 4288K, reserved 1048576K
}
Event: 3.285 GC heap before
{Heap before GC invocations=8 (full 0):
 garbage-first heap   total 107520K, used 39424K [0x0000000089800000, 0x0000000100000000)
  region size 1024K, 18 young (18432K), 2 survivors (2048K)
 Metaspace       used 35301K, committed 35968K, reserved 1114112K
  class space    used 4402K, committed 4736K, reserved 1048576K
}
Event: 3.292 GC heap after
{Heap after GC invocations=9 (full 0):
 garbage-first heap   total 107520K, used 25027K [0x0000000089800000, 0x0000000100000000)
  region size 1024K, 3 young (3072K), 3 survivors (3072K)
 Metaspace       used 35301K, committed 35968K, reserved 1114112K
  class space    used 4402K, committed 4736K, reserved 1048576K
}
Event: 4.997 GC heap before
{Heap before GC invocations=10 (full 0):
 garbage-first heap   total 89088K, used 78275K [0x0000000089800000, 0x0000000100000000)
  region size 1024K, 52 young (53248K), 3 survivors (3072K)
 Metaspace       used 43497K, committed 44288K, reserved 1114112K
  class space    used 5224K, committed 5632K, reserved 1048576K
}
Event: 5.022 GC heap after
{Heap after GC invocations=11 (full 0):
 garbage-first heap   total 91136K, used 35540K [0x0000000089800000, 0x0000000100000000)
  region size 1024K, 7 young (7168K), 7 survivors (7168K)
 Metaspace       used 43497K, committed 44288K, reserved 1114112K
  class space    used 5224K, committed 5632K, reserved 1048576K
}
Event: 5.028 GC heap before
{Heap before GC invocations=11 (full 0):
 garbage-first heap   total 91136K, used 36564K [0x0000000089800000, 0x0000000100000000)
  region size 1024K, 8 young (8192K), 7 survivors (7168K)
 Metaspace       used 43499K, committed 44288K, reserved 1114112K
  class space    used 5224K, committed 5632K, reserved 1048576K
}
Event: 5.040 GC heap after
{Heap after GC invocations=12 (full 0):
 garbage-first heap   total 91136K, used 36727K [0x0000000089800000, 0x0000000100000000)
  region size 1024K, 1 young (1024K), 1 survivors (1024K)
 Metaspace       used 43499K, committed 44288K, reserved 1114112K
  class space    used 5224K, committed 5632K, reserved 1048576K
}
Event: 5.600 GC heap before
{Heap before GC invocations=12 (full 0):
 garbage-first heap   total 91136K, used 67447K [0x0000000089800000, 0x0000000100000000)
  region size 1024K, 32 young (32768K), 1 survivors (1024K)
 Metaspace       used 44167K, committed 44992K, reserved 1114112K
  class space    used 5249K, committed 5696K, reserved 1048576K
}
Event: 5.617 GC heap after
{Heap after GC invocations=13 (full 0):
 garbage-first heap   total 216064K, used 42448K [0x0000000089800000, 0x0000000100000000)
  region size 1024K, 4 young (4096K), 4 survivors (4096K)
 Metaspace       used 44167K, committed 44992K, reserved 1114112K
  class space    used 5249K, committed 5696K, reserved 1048576K
}

