# JRE version: Java(TM) SE Runtime Environment (19.0.1+10) (build 19.0.1+10-21)
# Java VM: Java HotSpot(TM) 64-Bit Server VM (19.0.1+10-21, mixed mode, sharing, tiered, compressed oops, compressed class ptrs, g1 gc, windows-amd64)
GC Precious Log:
 CardTable entry size: 512
 Card Set container configuration: InlinePtr #cards 5 size 8 Array Of Cards #cards 12 size 40 Howl #buckets 4 coarsen threshold 1843 Howl Bitmap #cards 512 size 80 coarsen threshold 460 Card regions per heap region 1 cards per card region 2048
 CPUs: 12 total, 12 available
 Memory: 7579M
 Large Page Support: Disabled
 NUMA Support: Disabled
 Compressed Oops: Enabled (32-bit)
 Heap Region Size: 1M
 Heap Min Capacity: 8M
 Heap Initial Capacity: 120M
 Heap Max Capacity: 2G
 Pre-touch: Disabled
 Parallel Workers: 10
 Concurrent Workers: 3
 Concurrent Refinement Workers: 10
 Periodic GC: Disabled
Heap:
 garbage-first heap   total 399360K, used 199127K [0x0000000080000000, 0x0000000100000000)
  region size 1024K, 77 young (78848K), 4 survivors (4096K)
 Metaspace       used 94994K, committed 97408K, reserved 552960K
  class space    used 12859K, committed 14080K, reserved 421888K
GC Heap History (20 events):
Event: 14.284 GC heap before
{Heap before GC invocations=16 (full 0):
 garbage-first heap   total 163840K, used 125654K [0x0000000080000000, 0x0000000100000000)
  region size 1024K, 78 young (79872K), 5 survivors (5120K)
 Metaspace       used 64048K, committed 65920K, reserved 487424K
  class space    used 8870K, committed 9856K, reserved 421888K
}
Event: 14.293 GC heap after
{Heap after GC invocations=17 (full 0):
 garbage-first heap   total 163840K, used 58223K [0x0000000080000000, 0x0000000100000000)
  region size 1024K, 10 young (10240K), 10 survivors (10240K)
 Metaspace       used 64048K, committed 65920K, reserved 487424K
  class space    used 8870K, committed 9856K, reserved 421888K
}
Event: 14.294 GC heap before
{Heap before GC invocations=17 (full 0):
 garbage-first heap   total 163840K, used 58223K [0x0000000080000000, 0x0000000100000000)
  region size 1024K, 11 young (11264K), 10 survivors (10240K)
 Metaspace       used 64050K, committed 65920K, reserved 487424K
  class space    used 8870K, committed 9856K, reserved 421888K
}
Event: 14.302 GC heap after
{Heap after GC invocations=18 (full 0):
 garbage-first heap   total 163840K, used 59118K [0x0000000080000000, 0x0000000100000000)
  region size 1024K, 2 young (2048K), 2 survivors (2048K)
 Metaspace       used 64050K, committed 65920K, reserved 487424K
  class space    used 8870K, committed 9856K, reserved 421888K
}
Event: 15.094 GC heap before
{Heap before GC invocations=18 (full 0):
 garbage-first heap   total 163840K, used 128750K [0x0000000080000000, 0x0000000100000000)
  region size 1024K, 69 young (70656K), 2 survivors (2048K)
 Metaspace       used 70387K, committed 72320K, reserved 487424K
  class space    used 9581K, committed 10560K, reserved 421888K
}
Event: 15.099 GC heap after
{Heap after GC invocations=19 (full 0):
 garbage-first heap   total 163840K, used 67099K [0x0000000080000000, 0x0000000100000000)
  region size 1024K, 8 young (8192K), 8 survivors (8192K)
 Metaspace       used 70387K, committed 72320K, reserved 487424K
  class space    used 9581K, committed 10560K, reserved 421888K
}
Event: 15.681 GC heap before
{Heap before GC invocations=19 (full 0):
 garbage-first heap   total 163840K, used 134683K [0x0000000080000000, 0x0000000100000000)
  region size 1024K, 67 young (68608K), 8 survivors (8192K)
 Metaspace       used 75793K, committed 77696K, reserved 552960K
  class space    used 10202K, committed 11200K, reserved 421888K
}
Event: 15.688 GC heap after
{Heap after GC invocations=20 (full 0):
 garbage-first heap   total 163840K, used 75452K [0x0000000080000000, 0x0000000100000000)
  region size 1024K, 9 young (9216K), 9 survivors (9216K)
 Metaspace       used 75793K, committed 77696K, reserved 552960K
  class space    used 10202K, committed 11200K, reserved 421888K
}
Event: 22.538 GC heap before
{Heap before GC invocations=20 (full 0):
 garbage-first heap   total 163840K, used 128700K [0x0000000080000000, 0x0000000100000000)
  region size 1024K, 60 young (61440K), 9 survivors (9216K)
 Metaspace       used 77631K, committed 79616K, reserved 552960K
  class space    used 10465K, committed 11456K, reserved 421888K
}
Event: 22.546 GC heap after
{Heap after GC invocations=21 (full 0):
 garbage-first heap   total 163840K, used 79484K [0x0000000080000000, 0x0000000100000000)
  region size 1024K, 5 young (5120K), 5 survivors (5120K)
 Metaspace       used 77631K, committed 79616K, reserved 552960K
  class space    used 10465K, committed 11456K, reserved 421888K
}
Event: 23.361 GC heap before
{Heap before GC invocations=21 (full 0):
 garbage-first heap   total 163840K, used 129660K [0x0000000080000000, 0x0000000100000000)
  region size 1024K, 54 young (55296K), 5 survivors (5120K)
 Metaspace       used 83595K, committed 85632K, reserved 552960K
  class space    used 11309K, committed 12352K, reserved 421888K
}
Event: 23.367 GC heap after
{Heap after GC invocations=22 (full 0):
 garbage-first heap   total 163840K, used 82645K [0x0000000080000000, 0x0000000100000000)
  region size 1024K, 4 young (4096K), 4 survivors (4096K)
 Metaspace       used 83595K, committed 85632K, reserved 552960K
  class space    used 11309K, committed 12352K, reserved 421888K
}
Event: 24.005 GC heap before
{Heap before GC invocations=22 (full 0):
 garbage-first heap   total 163840K, used 131797K [0x0000000080000000, 0x0000000100000000)
  region size 1024K, 52 young (53248K), 4 survivors (4096K)
 Metaspace       used 86658K, committed 88832K, reserved 552960K
  class space    used 11810K, committed 12928K, reserved 421888K
}
Event: 24.012 GC heap after
{Heap after GC invocations=23 (full 0):
 garbage-first heap   total 163840K, used 86484K [0x0000000080000000, 0x0000000100000000)
  region size 1024K, 7 young (7168K), 7 survivors (7168K)
 Metaspace       used 86658K, committed 88832K, reserved 552960K
  class space    used 11810K, committed 12928K, reserved 421888K
}
Event: 24.672 GC heap before
{Heap before GC invocations=23 (full 0):
 garbage-first heap   total 163840K, used 133588K [0x0000000080000000, 0x0000000100000000)
  region size 1024K, 53 young (54272K), 7 survivors (7168K)
 Metaspace       used 89300K, committed 91584K, reserved 552960K
  class space    used 12211K, committed 13376K, reserved 421888K
}
Event: 24.682 GC heap after
{Heap after GC invocations=24 (full 0):
 garbage-first heap   total 163840K, used 94384K [0x0000000080000000, 0x0000000100000000)
  region size 1024K, 7 young (7168K), 7 survivors (7168K)
 Metaspace       used 89300K, committed 91584K, reserved 552960K
  class space    used 12211K, committed 13376K, reserved 421888K
}
Event: 25.301 GC heap before
{Heap before GC invocations=24 (full 0):
 garbage-first heap   total 163840K, used 138416K [0x0000000080000000, 0x0000000100000000)
  region size 1024K, 44 young (45056K), 7 survivors (7168K)
 Metaspace       used 90691K, committed 92928K, reserved 552960K
  class space    used 12348K, committed 13504K, reserved 421888K
}
Event: 25.309 GC heap after
{Heap after GC invocations=25 (full 0):
 garbage-first heap   total 163840K, used 110830K [0x0000000080000000, 0x0000000100000000)
  region size 1024K, 6 young (6144K), 6 survivors (6144K)
 Metaspace       used 90691K, committed 92928K, reserved 552960K
  class space    used 12348K, committed 13504K, reserved 421888K
}
Event: 25.747 GC heap before
{Heap before GC invocations=25 (full 0):
 garbage-first heap   total 163840K, used 133358K [0x0000000080000000, 0x0000000100000000)
  region size 1024K, 28 young (28672K), 6 survivors (6144K)
 Metaspace       used 92106K, committed 94400K, reserved 552960K
  class space    used 12531K, committed 13696K, reserved 421888K
}
Event: 25.754 GC heap after
{Heap after GC invocations=26 (full 0):
 garbage-first heap   total 429056K, used 115159K [0x0000000080000000, 0x0000000100000000)
  region size 1024K, 4 young (4096K), 4 survivors (4096K)
 Metaspace       used 92106K, committed 94400K, reserved 552960K
  class space    used 12531K, committed 13696K, reserved 421888K
}

