# JRE version: Java(TM) SE Runtime Environment (19.0.1+10) (build 19.0.1+10-21)
# Java VM: Java HotSpot(TM) 64-Bit Server VM (19.0.1+10-21, mixed mode, sharing, tiered, compressed oops, compressed class ptrs, g1 gc, windows-amd64)
GC Precious Log:
 CardTable entry size: 512
 Card Set container configuration: InlinePtr #cards 5 size 8 Array Of Cards #cards 12 size 40 Howl #buckets 4 coarsen threshold 1843 Howl Bitmap #cards 512 size 80 coarsen threshold 460 Card regions per heap region 1 cards per card region 2048
 CPUs: 12 total, 12 available
 Memory: 7579M
 Large Page Support: Disabled
 NUMA Support: Disabled
 Compressed Oops: Enabled (32-bit)
 Heap Region Size: 1M
 Heap Min Capacity: 8M
 Heap Initial Capacity: 120M
 Heap Max Capacity: 1896M
 Pre-touch: Disabled
 Parallel Workers: 10
 Concurrent Workers: 3
 Concurrent Refinement Workers: 10
 Periodic GC: Disabled
Heap:
 garbage-first heap   total 122880K, used 35448K [0x0000000089800000, 0x0000000100000000)
  region size 1024K, 3 young (3072K), 3 survivors (3072K)
 Metaspace       used 49877K, committed 50688K, reserved 1114112K
  class space    used 6131K, committed 6528K, reserved 1048576K
GC Heap History (19 events):
Event: 0.609 GC heap before
{Heap before GC invocations=0 (full 0):
 garbage-first heap   total 122880K, used 26624K [0x0000000089800000, 0x0000000100000000)
  region size 1024K, 23 young (23552K), 0 survivors (0K)
 Metaspace       used 6336K, committed 6400K, reserved 1114112K
  class space    used 594K, committed 640K, reserved 1048576K
}
Event: 0.615 GC heap after
{Heap after GC invocations=1 (full 0):
 garbage-first heap   total 122880K, used 6264K [0x0000000089800000, 0x0000000100000000)
  region size 1024K, 3 young (3072K), 3 survivors (3072K)
 Metaspace       used 6336K, committed 6400K, reserved 1114112K
  class space    used 594K, committed 640K, reserved 1048576K
}
Event: 1.276 GC heap before
{Heap before GC invocations=1 (full 0):
 garbage-first heap   total 122880K, used 39032K [0x0000000089800000, 0x0000000100000000)
  region size 1024K, 35 young (35840K), 3 survivors (3072K)
 Metaspace       used 13989K, committed 14272K, reserved 1114112K
  class space    used 1537K, committed 1664K, reserved 1048576K
}
Event: 1.287 GC heap after
{Heap after GC invocations=2 (full 0):
 garbage-first heap   total 122880K, used 9794K [0x0000000089800000, 0x0000000100000000)
  region size 1024K, 4 young (4096K), 4 survivors (4096K)
 Metaspace       used 13989K, committed 14272K, reserved 1114112K
  class space    used 1537K, committed 1664K, reserved 1048576K
}
Event: 1.703 GC heap before
{Heap before GC invocations=2 (full 0):
 garbage-first heap   total 122880K, used 38466K [0x0000000089800000, 0x0000000100000000)
  region size 1024K, 30 young (30720K), 4 survivors (4096K)
 Metaspace       used 21255K, committed 21504K, reserved 1114112K
  class space    used 2546K, committed 2688K, reserved 1048576K
}
Event: 1.709 GC heap after
{Heap after GC invocations=3 (full 0):
 garbage-first heap   total 122880K, used 15372K [0x0000000089800000, 0x0000000100000000)
  region size 1024K, 6 young (6144K), 6 survivors (6144K)
 Metaspace       used 21255K, committed 21504K, reserved 1114112K
  class space    used 2546K, committed 2688K, reserved 1048576K
}
Event: 2.126 GC heap before
{Heap before GC invocations=4 (full 0):
 garbage-first heap   total 58368K, used 46092K [0x0000000089800000, 0x0000000100000000)
  region size 1024K, 34 young (34816K), 6 survivors (6144K)
 Metaspace       used 25992K, committed 26240K, reserved 1114112K
  class space    used 3415K, committed 3520K, reserved 1048576K
}
Event: 2.140 GC heap after
{Heap after GC invocations=5 (full 0):
 garbage-first heap   total 58368K, used 21930K [0x0000000089800000, 0x0000000100000000)
  region size 1024K, 5 young (5120K), 5 survivors (5120K)
 Metaspace       used 25992K, committed 26240K, reserved 1114112K
  class space    used 3415K, committed 3520K, reserved 1048576K
}
Event: 2.153 GC heap before
{Heap before GC invocations=5 (full 0):
 garbage-first heap   total 58368K, used 22954K [0x0000000089800000, 0x0000000100000000)
  region size 1024K, 6 young (6144K), 5 survivors (5120K)
 Metaspace       used 26222K, committed 26496K, reserved 1114112K
  class space    used 3433K, committed 3584K, reserved 1048576K
}
Event: 2.159 GC heap after
{Heap after GC invocations=6 (full 0):
 garbage-first heap   total 58368K, used 23327K [0x0000000089800000, 0x0000000100000000)
  region size 1024K, 1 young (1024K), 1 survivors (1024K)
 Metaspace       used 26222K, committed 26496K, reserved 1114112K
  class space    used 3433K, committed 3584K, reserved 1048576K
}
Event: 2.413 GC heap before
{Heap before GC invocations=6 (full 0):
 garbage-first heap   total 58368K, used 41759K [0x0000000089800000, 0x0000000100000000)
  region size 1024K, 20 young (20480K), 1 survivors (1024K)
 Metaspace       used 29873K, committed 30208K, reserved 1114112K
  class space    used 3813K, committed 3968K, reserved 1048576K
}
Event: 2.418 GC heap after
{Heap after GC invocations=7 (full 0):
 garbage-first heap   total 116736K, used 23085K [0x0000000089800000, 0x0000000100000000)
  region size 1024K, 3 young (3072K), 3 survivors (3072K)
 Metaspace       used 29873K, committed 30208K, reserved 1114112K
  class space    used 3813K, committed 3968K, reserved 1048576K
}
Event: 2.925 GC heap before
{Heap before GC invocations=7 (full 0):
 garbage-first heap   total 116736K, used 53805K [0x0000000089800000, 0x0000000100000000)
  region size 1024K, 35 young (35840K), 3 survivors (3072K)
 Metaspace       used 35246K, committed 35968K, reserved 1114112K
  class space    used 4422K, committed 4800K, reserved 1048576K
}
Event: 2.933 GC heap after
{Heap after GC invocations=8 (full 0):
 garbage-first heap   total 116736K, used 25829K [0x0000000089800000, 0x0000000100000000)
  region size 1024K, 6 young (6144K), 6 survivors (6144K)
 Metaspace       used 35246K, committed 35968K, reserved 1114112K
  class space    used 4422K, committed 4800K, reserved 1048576K
}
Event: 4.188 GC heap before
{Heap before GC invocations=9 (full 0):
 garbage-first heap   total 92160K, used 77029K [0x0000000089800000, 0x0000000100000000)
  region size 1024K, 54 young (55296K), 6 survivors (6144K)
 Metaspace       used 47148K, committed 47936K, reserved 1114112K
  class space    used 5834K, committed 6272K, reserved 1048576K
}
Event: 4.203 GC heap after
{Heap after GC invocations=10 (full 0):
 garbage-first heap   total 92160K, used 33309K [0x0000000089800000, 0x0000000100000000)
  region size 1024K, 7 young (7168K), 7 survivors (7168K)
 Metaspace       used 47148K, committed 47936K, reserved 1114112K
  class space    used 5834K, committed 6272K, reserved 1048576K
}
Event: 4.218 GC heap before
{Heap before GC invocations=10 (full 0):
 garbage-first heap   total 92160K, used 34333K [0x0000000089800000, 0x0000000100000000)
  region size 1024K, 8 young (8192K), 7 survivors (7168K)
 Metaspace       used 47185K, committed 48000K, reserved 1114112K
  class space    used 5836K, committed 6272K, reserved 1048576K
}
Event: 4.228 GC heap after
{Heap after GC invocations=11 (full 0):
 garbage-first heap   total 92160K, used 34059K [0x0000000089800000, 0x0000000100000000)
  region size 1024K, 1 young (1024K), 1 survivors (1024K)
 Metaspace       used 47185K, committed 48000K, reserved 1114112K
  class space    used 5836K, committed 6272K, reserved 1048576K
}
Event: 4.666 GC heap before
{Heap before GC invocations=11 (full 0):
 garbage-first heap   total 92160K, used 68875K [0x0000000089800000, 0x0000000100000000)
  region size 1024K, 35 young (35840K), 1 survivors (1024K)
 Metaspace       used 49877K, committed 50688K, reserved 1114112K
  class space    used 6131K, committed 6528K, reserved 1048576K
}

