# JRE version: Java(TM) SE Runtime Environment (19.0.1+10) (build 19.0.1+10-21)
# Java VM: Java HotSpot(TM) 64-Bit Server VM (19.0.1+10-21, mixed mode, sharing, tiered, compressed oops, compressed class ptrs, g1 gc, windows-amd64)
GC Precious Log:
 CardTable entry size: 512
 Card Set container configuration: InlinePtr #cards 5 size 8 Array Of Cards #cards 12 size 40 Howl #buckets 4 coarsen threshold 1843 Howl Bitmap #cards 512 size 80 coarsen threshold 460 Card regions per heap region 1 cards per card region 2048
 CPUs: 12 total, 12 available
 Memory: 7579M
 Large Page Support: Disabled
 NUMA Support: Disabled
 Compressed Oops: Enabled (32-bit)
 Heap Region Size: 1M
 Heap Min Capacity: 8M
 Heap Initial Capacity: 120M
 Heap Max Capacity: 2G
 Pre-touch: Disabled
 Parallel Workers: 10
 Concurrent Workers: 3
 Concurrent Refinement Workers: 10
 Periodic GC: Disabled
Heap:
 garbage-first heap   total 211968K, used 127539K [0x0000000080000000, 0x0000000100000000)
  region size 1024K, 1 young (1024K), 1 survivors (1024K)
 Metaspace       used 93285K, committed 95616K, reserved 552960K
  class space    used 12665K, committed 13824K, reserved 421888K
GC Heap History (20 events):
Event: 13.195 GC heap after
{Heap after GC invocations=18 (full 0):
 garbage-first heap   total 163840K, used 59046K [0x0000000080000000, 0x0000000100000000)
  region size 1024K, 2 young (2048K), 2 survivors (2048K)
 Metaspace       used 64041K, committed 65920K, reserved 487424K
  class space    used 8875K, committed 9856K, reserved 421888K
}
Event: 14.101 GC heap before
{Heap before GC invocations=18 (full 0):
 garbage-first heap   total 163840K, used 129702K [0x0000000080000000, 0x0000000100000000)
  region size 1024K, 70 young (71680K), 2 survivors (2048K)
 Metaspace       used 70601K, committed 72576K, reserved 487424K
  class space    used 9614K, committed 10624K, reserved 421888K
}
Event: 14.106 GC heap after
{Heap after GC invocations=19 (full 0):
 garbage-first heap   total 163840K, used 67323K [0x0000000080000000, 0x0000000100000000)
  region size 1024K, 8 young (8192K), 8 survivors (8192K)
 Metaspace       used 70601K, committed 72576K, reserved 487424K
  class space    used 9614K, committed 10624K, reserved 421888K
}
Event: 14.706 GC heap before
{Heap before GC invocations=19 (full 0):
 garbage-first heap   total 163840K, used 135931K [0x0000000080000000, 0x0000000100000000)
  region size 1024K, 68 young (69632K), 8 survivors (8192K)
 Metaspace       used 76328K, committed 78272K, reserved 552960K
  class space    used 10275K, committed 11264K, reserved 421888K
}
Event: 14.713 GC heap after
{Heap after GC invocations=20 (full 0):
 garbage-first heap   total 163840K, used 75658K [0x0000000080000000, 0x0000000100000000)
  region size 1024K, 9 young (9216K), 9 survivors (9216K)
 Metaspace       used 76328K, committed 78272K, reserved 552960K
  class space    used 10275K, committed 11264K, reserved 421888K
}
Event: 18.833 GC heap before
{Heap before GC invocations=20 (full 0):
 garbage-first heap   total 163840K, used 128906K [0x0000000080000000, 0x0000000100000000)
  region size 1024K, 61 young (62464K), 9 survivors (9216K)
 Metaspace       used 77743K, committed 79808K, reserved 552960K
  class space    used 10496K, committed 11584K, reserved 421888K
}
Event: 18.839 GC heap after
{Heap after GC invocations=21 (full 0):
 garbage-first heap   total 163840K, used 80487K [0x0000000080000000, 0x0000000100000000)
  region size 1024K, 6 young (6144K), 6 survivors (6144K)
 Metaspace       used 77743K, committed 79808K, reserved 552960K
  class space    used 10496K, committed 11584K, reserved 421888K
}
Event: 19.557 GC heap before
{Heap before GC invocations=21 (full 0):
 garbage-first heap   total 163840K, used 130663K [0x0000000080000000, 0x0000000100000000)
  region size 1024K, 55 young (56320K), 6 survivors (6144K)
 Metaspace       used 84190K, committed 86272K, reserved 552960K
  class space    used 11455K, committed 12544K, reserved 421888K
}
Event: 19.563 GC heap after
{Heap after GC invocations=22 (full 0):
 garbage-first heap   total 163840K, used 83009K [0x0000000080000000, 0x0000000100000000)
  region size 1024K, 3 young (3072K), 3 survivors (3072K)
 Metaspace       used 84190K, committed 86272K, reserved 552960K
  class space    used 11455K, committed 12544K, reserved 421888K
}
Event: 20.059 GC heap before
{Heap before GC invocations=22 (full 0):
 garbage-first heap   total 163840K, used 133185K [0x0000000080000000, 0x0000000100000000)
  region size 1024K, 52 young (53248K), 3 survivors (3072K)
 Metaspace       used 87358K, committed 89536K, reserved 552960K
  class space    used 11904K, committed 13056K, reserved 421888K
}
Event: 20.063 GC heap after
{Heap after GC invocations=23 (full 0):
 garbage-first heap   total 163840K, used 86986K [0x0000000080000000, 0x0000000100000000)
  region size 1024K, 7 young (7168K), 7 survivors (7168K)
 Metaspace       used 87358K, committed 89536K, reserved 552960K
  class space    used 11904K, committed 13056K, reserved 421888K
}
Event: 20.781 GC heap before
{Heap before GC invocations=23 (full 0):
 garbage-first heap   total 163840K, used 134090K [0x0000000080000000, 0x0000000100000000)
  region size 1024K, 53 young (54272K), 7 survivors (7168K)
 Metaspace       used 89524K, committed 91840K, reserved 552960K
  class space    used 12235K, committed 13440K, reserved 421888K
}
Event: 20.790 GC heap after
{Heap after GC invocations=24 (full 0):
 garbage-first heap   total 163840K, used 96332K [0x0000000080000000, 0x0000000100000000)
  region size 1024K, 7 young (7168K), 7 survivors (7168K)
 Metaspace       used 89524K, committed 91840K, reserved 552960K
  class space    used 12235K, committed 13440K, reserved 421888K
}
Event: 21.236 GC heap before
{Heap before GC invocations=24 (full 0):
 garbage-first heap   total 163840K, used 138316K [0x0000000080000000, 0x0000000100000000)
  region size 1024K, 42 young (43008K), 7 survivors (7168K)
 Metaspace       used 91197K, committed 93504K, reserved 552960K
  class space    used 12423K, committed 13632K, reserved 421888K
}
Event: 21.244 GC heap after
{Heap after GC invocations=25 (full 0):
 garbage-first heap   total 163840K, used 111750K [0x0000000080000000, 0x0000000100000000)
  region size 1024K, 6 young (6144K), 6 survivors (6144K)
 Metaspace       used 91197K, committed 93504K, reserved 552960K
  class space    used 12423K, committed 13632K, reserved 421888K
}
Event: 21.541 GC heap before
{Heap before GC invocations=25 (full 0):
 garbage-first heap   total 163840K, used 133254K [0x0000000080000000, 0x0000000100000000)
  region size 1024K, 27 young (27648K), 6 survivors (6144K)
 Metaspace       used 92255K, committed 94528K, reserved 552960K
  class space    used 12543K, committed 13696K, reserved 421888K
}
Event: 21.547 GC heap after
{Heap after GC invocations=26 (full 0):
 garbage-first heap   total 163840K, used 115898K [0x0000000080000000, 0x0000000100000000)
  region size 1024K, 4 young (4096K), 4 survivors (4096K)
 Metaspace       used 92255K, committed 94528K, reserved 552960K
  class space    used 12543K, committed 13696K, reserved 421888K
}
Event: 21.696 GC heap before
{Heap before GC invocations=27 (full 0):
 garbage-first heap   total 211968K, used 141498K [0x0000000080000000, 0x0000000100000000)
  region size 1024K, 23 young (23552K), 4 survivors (4096K)
 Metaspace       used 92323K, committed 94720K, reserved 552960K
  class space    used 12548K, committed 13760K, reserved 421888K
}
Event: 21.699 GC heap after
{Heap after GC invocations=28 (full 0):
 garbage-first heap   total 211968K, used 127687K [0x0000000080000000, 0x0000000100000000)
  region size 1024K, 3 young (3072K), 3 survivors (3072K)
 Metaspace       used 92323K, committed 94720K, reserved 552960K
  class space    used 12548K, committed 13760K, reserved 421888K
}
Event: 21.788 GC heap before
{Heap before GC invocations=28 (full 0):
 garbage-first heap   total 211968K, used 134855K [0x0000000080000000, 0x0000000100000000)
  region size 1024K, 10 young (10240K), 3 survivors (3072K)
 Metaspace       used 93285K, committed 95616K, reserved 552960K
  class space    used 12665K, committed 13824K, reserved 421888K
}

