# JRE version: Java(TM) SE Runtime Environment (19.0.1+10) (build 19.0.1+10-21)
# Java VM: Java HotSpot(TM) 64-Bit Server VM (19.0.1+10-21, mixed mode, sharing, tiered, compressed oops, compressed class ptrs, g1 gc, windows-amd64)
GC Precious Log:
 CardTable entry size: 512
 Card Set container configuration: InlinePtr #cards 5 size 8 Array Of Cards #cards 12 size 40 Howl #buckets 4 coarsen threshold 1843 Howl Bitmap #cards 512 size 80 coarsen threshold 460 Card regions per heap region 1 cards per card region 2048
 CPUs: 12 total, 12 available
 Memory: 7579M
 Large Page Support: Disabled
 NUMA Support: Disabled
 Compressed Oops: Enabled (32-bit)
 Heap Region Size: 1M
 Heap Min Capacity: 8M
 Heap Initial Capacity: 120M
 Heap Max Capacity: 1896M
 Pre-touch: Disabled
 Parallel Workers: 10
 Concurrent Workers: 3
 Concurrent Refinement Workers: 10
 Periodic GC: Disabled
Heap:
 garbage-first heap   total 104448K, used 69764K [0x0000000089800000, 0x0000000100000000)
  region size 1024K, 37 young (37888K), 6 survivors (6144K)
 Metaspace       used 52530K, committed 53312K, reserved 1114112K
  class space    used 6311K, committed 6720K, reserved 1048576K
GC Heap History (20 events):
Event: 4.128 GC heap before
{Heap before GC invocations=2 (full 0):
 garbage-first heap   total 122880K, used 35207K [0x0000000089800000, 0x0000000100000000)
  region size 1024K, 27 young (27648K), 4 survivors (4096K)
 Metaspace       used 21260K, committed 21504K, reserved 1114112K
  class space    used 2577K, committed 2688K, reserved 1048576K
}
Event: 4.138 GC heap after
{Heap after GC invocations=3 (full 0):
 garbage-first heap   total 122880K, used 14928K [0x0000000089800000, 0x0000000100000000)
  region size 1024K, 6 young (6144K), 6 survivors (6144K)
 Metaspace       used 21260K, committed 21504K, reserved 1114112K
  class space    used 2577K, committed 2688K, reserved 1048576K
}
Event: 4.804 GC heap before
{Heap before GC invocations=4 (full 0):
 garbage-first heap   total 55296K, used 43600K [0x0000000089800000, 0x0000000100000000)
  region size 1024K, 32 young (32768K), 6 survivors (6144K)
 Metaspace       used 25806K, committed 26048K, reserved 1114112K
  class space    used 3394K, committed 3520K, reserved 1048576K
}
Event: 4.824 GC heap after
{Heap after GC invocations=5 (full 0):
 garbage-first heap   total 55296K, used 21161K [0x0000000089800000, 0x0000000100000000)
  region size 1024K, 4 young (4096K), 4 survivors (4096K)
 Metaspace       used 25806K, committed 26048K, reserved 1114112K
  class space    used 3394K, committed 3520K, reserved 1048576K
}
Event: 4.845 GC heap before
{Heap before GC invocations=5 (full 0):
 garbage-first heap   total 55296K, used 22185K [0x0000000089800000, 0x0000000100000000)
  region size 1024K, 5 young (5120K), 4 survivors (4096K)
 Metaspace       used 25884K, committed 26112K, reserved 1114112K
  class space    used 3398K, committed 3520K, reserved 1048576K
}
Event: 4.853 GC heap after
{Heap after GC invocations=6 (full 0):
 garbage-first heap   total 55296K, used 22138K [0x0000000089800000, 0x0000000100000000)
  region size 1024K, 1 young (1024K), 1 survivors (1024K)
 Metaspace       used 25884K, committed 26112K, reserved 1114112K
  class space    used 3398K, committed 3520K, reserved 1048576K
}
Event: 5.535 GC heap before
{Heap before GC invocations=6 (full 0):
 garbage-first heap   total 55296K, used 40570K [0x0000000089800000, 0x0000000100000000)
  region size 1024K, 20 young (20480K), 1 survivors (1024K)
 Metaspace       used 29687K, committed 29952K, reserved 1114112K
  class space    used 3787K, committed 3904K, reserved 1048576K
}
Event: 5.541 GC heap after
{Heap after GC invocations=7 (full 0):
 garbage-first heap   total 55296K, used 21932K [0x0000000089800000, 0x0000000100000000)
  region size 1024K, 3 young (3072K), 3 survivors (3072K)
 Metaspace       used 29687K, committed 29952K, reserved 1114112K
  class space    used 3787K, committed 3904K, reserved 1048576K
}
Event: 6.515 GC heap before
{Heap before GC invocations=7 (full 0):
 garbage-first heap   total 55296K, used 41388K [0x0000000089800000, 0x0000000100000000)
  region size 1024K, 22 young (22528K), 3 survivors (3072K)
 Metaspace       used 33143K, committed 33600K, reserved 1114112K
  class space    used 4116K, committed 4352K, reserved 1048576K
}
Event: 6.523 GC heap after
{Heap after GC invocations=8 (full 0):
 garbage-first heap   total 55296K, used 23974K [0x0000000089800000, 0x0000000100000000)
  region size 1024K, 2 young (2048K), 2 survivors (2048K)
 Metaspace       used 33143K, committed 33600K, reserved 1114112K
  class space    used 4116K, committed 4352K, reserved 1048576K
}
Event: 6.898 GC heap before
{Heap before GC invocations=8 (full 0):
 garbage-first heap   total 55296K, used 36262K [0x0000000089800000, 0x0000000100000000)
  region size 1024K, 15 young (15360K), 2 survivors (2048K)
 Metaspace       used 35255K, committed 35968K, reserved 1114112K
  class space    used 4400K, committed 4736K, reserved 1048576K
}
Event: 6.904 GC heap after
{Heap after GC invocations=9 (full 0):
 garbage-first heap   total 55296K, used 25053K [0x0000000089800000, 0x0000000100000000)
  region size 1024K, 1 young (1024K), 1 survivors (1024K)
 Metaspace       used 35255K, committed 35968K, reserved 1114112K
  class space    used 4400K, committed 4736K, reserved 1048576K
}
Event: 7.536 GC heap before
{Heap before GC invocations=10 (full 0):
 garbage-first heap   total 55296K, used 44509K [0x0000000089800000, 0x0000000100000000)
  region size 1024K, 18 young (18432K), 1 survivors (1024K)
 Metaspace       used 39555K, committed 40320K, reserved 1114112K
  class space    used 4868K, committed 5248K, reserved 1048576K
}
Event: 7.544 GC heap after
{Heap after GC invocations=11 (full 0):
 garbage-first heap   total 55296K, used 28978K [0x0000000089800000, 0x0000000100000000)
  region size 1024K, 3 young (3072K), 3 survivors (3072K)
 Metaspace       used 39555K, committed 40320K, reserved 1114112K
  class space    used 4868K, committed 5248K, reserved 1048576K
}
Event: 7.572 GC heap before
{Heap before GC invocations=11 (full 0):
 garbage-first heap   total 55296K, used 30002K [0x0000000089800000, 0x0000000100000000)
  region size 1024K, 4 young (4096K), 3 survivors (3072K)
 Metaspace       used 39744K, committed 40448K, reserved 1114112K
  class space    used 4896K, committed 5248K, reserved 1048576K
}
Event: 7.579 GC heap after
{Heap after GC invocations=12 (full 0):
 garbage-first heap   total 104448K, used 28823K [0x0000000089800000, 0x0000000100000000)
  region size 1024K, 1 young (1024K), 1 survivors (1024K)
 Metaspace       used 39744K, committed 40448K, reserved 1114112K
  class space    used 4896K, committed 5248K, reserved 1048576K
}
Event: 9.282 GC heap before
{Heap before GC invocations=12 (full 0):
 garbage-first heap   total 104448K, used 80023K [0x0000000089800000, 0x0000000100000000)
  region size 1024K, 51 young (52224K), 1 survivors (1024K)
 Metaspace       used 47222K, committed 48064K, reserved 1114112K
  class space    used 5884K, committed 6336K, reserved 1048576K
}
Event: 9.293 GC heap after
{Heap after GC invocations=13 (full 0):
 garbage-first heap   total 104448K, used 32645K [0x0000000089800000, 0x0000000100000000)
  region size 1024K, 5 young (5120K), 5 survivors (5120K)
 Metaspace       used 47222K, committed 48064K, reserved 1114112K
  class space    used 5884K, committed 6336K, reserved 1048576K
}
Event: 11.152 GC heap before
{Heap before GC invocations=13 (full 0):
 garbage-first heap   total 104448K, used 76677K [0x0000000089800000, 0x0000000100000000)
  region size 1024K, 48 young (49152K), 5 survivors (5120K)
 Metaspace       used 52088K, committed 52928K, reserved 1114112K
  class space    used 6301K, committed 6720K, reserved 1048576K
}
Event: 11.174 GC heap after
{Heap after GC invocations=14 (full 0):
 garbage-first heap   total 104448K, used 39044K [0x0000000089800000, 0x0000000100000000)
  region size 1024K, 6 young (6144K), 6 survivors (6144K)
 Metaspace       used 52088K, committed 52928K, reserved 1114112K
  class space    used 6301K, committed 6720K, reserved 1048576K
}

