# JRE version: Java(TM) SE Runtime Environment (19.0.1+10) (build 19.0.1+10-21)
# Java VM: Java HotSpot(TM) 64-Bit Server VM (19.0.1+10-21, mixed mode, sharing, tiered, compressed oops, compressed class ptrs, g1 gc, windows-amd64)
GC Precious Log:
 CardTable entry size: 512
 Card Set container configuration: InlinePtr #cards 5 size 8 Array Of Cards #cards 12 size 40 Howl #buckets 4 coarsen threshold 1843 Howl Bitmap #cards 512 size 80 coarsen threshold 460 Card regions per heap region 1 cards per card region 2048
 CPUs: 12 total, 12 available
 Memory: 7579M
 Large Page Support: Disabled
 NUMA Support: Disabled
 Compressed Oops: Enabled (32-bit)
 Heap Region Size: 1M
 Heap Min Capacity: 8M
 Heap Initial Capacity: 120M
 Heap Max Capacity: 2G
 Pre-touch: Disabled
 Parallel Workers: 10
 Concurrent Workers: 3
 Concurrent Refinement Workers: 10
 Periodic GC: Disabled
Heap:
 garbage-first heap   total 160768K, used 109952K [0x0000000080000000, 0x0000000100000000)
  region size 1024K, 54 young (55296K), 2 survivors (2048K)
 Metaspace       used 66618K, committed 68480K, reserved 487424K
  class space    used 9146K, committed 10112K, reserved 421888K
GC Heap History (20 events):
Event: 5.093 GC heap before
{Heap before GC invocations=6 (full 0):
 garbage-first heap   total 81920K, used 26755K [0x0000000080000000, 0x0000000100000000)
  region size 1024K, 6 young (6144K), 5 survivors (5120K)
 Metaspace       used 28135K, committed 29248K, reserved 487424K
  class space    used 4006K, committed 4544K, reserved 421888K
}
Event: 5.097 GC heap after
{Heap after GC invocations=7 (full 0):
 garbage-first heap   total 81920K, used 26268K [0x0000000080000000, 0x0000000100000000)
  region size 1024K, 1 young (1024K), 1 survivors (1024K)
 Metaspace       used 28135K, committed 29248K, reserved 487424K
  class space    used 4006K, committed 4544K, reserved 421888K
}
Event: 6.548 GC heap before
{Heap before GC invocations=7 (full 0):
 garbage-first heap   total 81920K, used 60060K [0x0000000080000000, 0x0000000100000000)
  region size 1024K, 35 young (35840K), 1 survivors (1024K)
 Metaspace       used 32694K, committed 33856K, reserved 487424K
  class space    used 4554K, committed 5184K, reserved 421888K
}
Event: 6.552 GC heap after
{Heap after GC invocations=8 (full 0):
 garbage-first heap   total 81920K, used 28939K [0x0000000080000000, 0x0000000100000000)
  region size 1024K, 4 young (4096K), 4 survivors (4096K)
 Metaspace       used 32694K, committed 33856K, reserved 487424K
  class space    used 4554K, committed 5184K, reserved 421888K
}
Event: 11.882 GC heap before
{Heap before GC invocations=8 (full 0):
 garbage-first heap   total 81920K, used 53515K [0x0000000080000000, 0x0000000100000000)
  region size 1024K, 27 young (27648K), 4 survivors (4096K)
 Metaspace       used 34747K, committed 35968K, reserved 487424K
  class space    used 4744K, committed 5376K, reserved 421888K
}
Event: 11.886 GC heap after
{Heap after GC invocations=9 (full 0):
 garbage-first heap   total 81920K, used 30651K [0x0000000080000000, 0x0000000100000000)
  region size 1024K, 3 young (3072K), 3 survivors (3072K)
 Metaspace       used 34747K, committed 35968K, reserved 487424K
  class space    used 4744K, committed 5376K, reserved 421888K
}
Event: 14.399 GC heap before
{Heap before GC invocations=10 (full 0):
 garbage-first heap   total 81920K, used 62395K [0x0000000080000000, 0x0000000100000000)
  region size 1024K, 33 young (33792K), 3 survivors (3072K)
 Metaspace       used 37613K, committed 38848K, reserved 487424K
  class space    used 5073K, committed 5696K, reserved 421888K
}
Event: 14.403 GC heap after
{Heap after GC invocations=11 (full 0):
 garbage-first heap   total 81920K, used 33086K [0x0000000080000000, 0x0000000100000000)
  region size 1024K, 5 young (5120K), 5 survivors (5120K)
 Metaspace       used 37613K, committed 38848K, reserved 487424K
  class space    used 5073K, committed 5696K, reserved 421888K
}
Event: 14.420 GC heap before
{Heap before GC invocations=11 (full 0):
 garbage-first heap   total 81920K, used 34110K [0x0000000080000000, 0x0000000100000000)
  region size 1024K, 6 young (6144K), 5 survivors (5120K)
 Metaspace       used 37742K, committed 39040K, reserved 487424K
  class space    used 5099K, committed 5760K, reserved 421888K
}
Event: 14.424 GC heap after
{Heap after GC invocations=12 (full 0):
 garbage-first heap   total 81920K, used 33469K [0x0000000080000000, 0x0000000100000000)
  region size 1024K, 1 young (1024K), 1 survivors (1024K)
 Metaspace       used 37742K, committed 39040K, reserved 487424K
  class space    used 5099K, committed 5760K, reserved 421888K
}
Event: 15.007 GC heap before
{Heap before GC invocations=12 (full 0):
 garbage-first heap   total 81920K, used 62141K [0x0000000080000000, 0x0000000100000000)
  region size 1024K, 29 young (29696K), 1 survivors (1024K)
 Metaspace       used 40873K, committed 42304K, reserved 487424K
  class space    used 5626K, committed 6336K, reserved 421888K
}
Event: 15.010 GC heap after
{Heap after GC invocations=13 (full 0):
 garbage-first heap   total 160768K, used 35379K [0x0000000080000000, 0x0000000100000000)
  region size 1024K, 3 young (3072K), 3 survivors (3072K)
 Metaspace       used 40873K, committed 42304K, reserved 487424K
  class space    used 5626K, committed 6336K, reserved 421888K
}
Event: 17.100 GC heap before
{Heap before GC invocations=13 (full 0):
 garbage-first heap   total 160768K, used 122419K [0x0000000080000000, 0x0000000100000000)
  region size 1024K, 83 young (84992K), 3 survivors (3072K)
 Metaspace       used 50995K, committed 52736K, reserved 487424K
  class space    used 7037K, committed 8000K, reserved 421888K
}
Event: 17.108 GC heap after
{Heap after GC invocations=14 (full 0):
 garbage-first heap   total 160768K, used 46773K [0x0000000080000000, 0x0000000100000000)
  region size 1024K, 8 young (8192K), 8 survivors (8192K)
 Metaspace       used 50995K, committed 52736K, reserved 487424K
  class space    used 7037K, committed 8000K, reserved 421888K
}
Event: 18.656 GC heap before
{Heap before GC invocations=14 (full 0):
 garbage-first heap   total 160768K, used 106165K [0x0000000080000000, 0x0000000100000000)
  region size 1024K, 67 young (68608K), 8 survivors (8192K)
 Metaspace       used 58334K, committed 60096K, reserved 487424K
  class space    used 8002K, committed 8960K, reserved 421888K
}
Event: 18.665 GC heap after
{Heap after GC invocations=15 (full 0):
 garbage-first heap   total 160768K, used 51842K [0x0000000080000000, 0x0000000100000000)
  region size 1024K, 11 young (11264K), 11 survivors (11264K)
 Metaspace       used 58334K, committed 60096K, reserved 487424K
  class space    used 8002K, committed 8960K, reserved 421888K
}
Event: 20.251 GC heap before
{Heap before GC invocations=16 (full 0):
 garbage-first heap   total 160768K, used 123522K [0x0000000080000000, 0x0000000100000000)
  region size 1024K, 81 young (82944K), 11 survivors (11264K)
 Metaspace       used 63138K, committed 64960K, reserved 487424K
  class space    used 8688K, committed 9664K, reserved 421888K
}
Event: 20.262 GC heap after
{Heap after GC invocations=17 (full 0):
 garbage-first heap   total 160768K, used 56704K [0x0000000080000000, 0x0000000100000000)
  region size 1024K, 10 young (10240K), 10 survivors (10240K)
 Metaspace       used 63138K, committed 64960K, reserved 487424K
  class space    used 8688K, committed 9664K, reserved 421888K
}
Event: 20.280 GC heap before
{Heap before GC invocations=17 (full 0):
 garbage-first heap   total 160768K, used 57728K [0x0000000080000000, 0x0000000100000000)
  region size 1024K, 11 young (11264K), 10 survivors (10240K)
 Metaspace       used 63269K, committed 65088K, reserved 487424K
  class space    used 8710K, committed 9664K, reserved 421888K
}
Event: 20.289 GC heap after
{Heap after GC invocations=18 (full 0):
 garbage-first heap   total 160768K, used 57728K [0x0000000080000000, 0x0000000100000000)
  region size 1024K, 2 young (2048K), 2 survivors (2048K)
 Metaspace       used 63269K, committed 65088K, reserved 487424K
  class space    used 8710K, committed 9664K, reserved 421888K
}

