# JRE version: Java(TM) SE Runtime Environment (19.0.1+10) (build 19.0.1+10-21)
# Java VM: Java HotSpot(TM) 64-Bit Server VM (19.0.1+10-21, mixed mode, sharing, tiered, compressed oops, compressed class ptrs, g1 gc, windows-amd64)
GC Precious Log:
 CardTable entry size: 512
 Card Set container configuration: InlinePtr #cards 5 size 8 Array Of Cards #cards 12 size 40 Howl #buckets 4 coarsen threshold 1843 Howl Bitmap #cards 512 size 80 coarsen threshold 460 Card regions per heap region 1 cards per card region 2048
 CPUs: 12 total, 12 available
 Memory: 7579M
 Large Page Support: Disabled
 NUMA Support: Disabled
 Compressed Oops: Enabled (32-bit)
 Heap Region Size: 1M
 Heap Min Capacity: 8M
 Heap Initial Capacity: 120M
 Heap Max Capacity: 1896M
 Pre-touch: Disabled
 Parallel Workers: 10
 Concurrent Workers: 3
 Concurrent Refinement Workers: 10
 Periodic GC: Disabled
Heap:
 garbage-first heap   total 89088K, used 56987K [0x0000000089800000, 0x0000000100000000)
  region size 1024K, 20 young (20480K), 4 survivors (4096K)
 Metaspace       used 53373K, committed 54144K, reserved 1114112K
  class space    used 6379K, committed 6784K, reserved 1048576K
GC Heap History (20 events):
Event: 2.516 GC heap before
{Heap before GC invocations=1 (full 0):
 garbage-first heap   total 122880K, used 39936K [0x0000000089800000, 0x0000000100000000)
  region size 1024K, 36 young (36864K), 3 survivors (3072K)
 Metaspace       used 14456K, committed 14720K, reserved 1114112K
  class space    used 1591K, committed 1728K, reserved 1048576K
}
Event: 2.533 GC heap after
{Heap after GC invocations=2 (full 0):
 garbage-first heap   total 122880K, used 9533K [0x0000000089800000, 0x0000000100000000)
  region size 1024K, 4 young (4096K), 4 survivors (4096K)
 Metaspace       used 14456K, committed 14720K, reserved 1114112K
  class space    used 1591K, committed 1728K, reserved 1048576K
}
Event: 3.315 GC heap before
{Heap before GC invocations=2 (full 0):
 garbage-first heap   total 122880K, used 36157K [0x0000000089800000, 0x0000000100000000)
  region size 1024K, 28 young (28672K), 4 survivors (4096K)
 Metaspace       used 21274K, committed 21504K, reserved 1114112K
  class space    used 2577K, committed 2688K, reserved 1048576K
}
Event: 3.326 GC heap after
{Heap after GC invocations=3 (full 0):
 garbage-first heap   total 122880K, used 14888K [0x0000000089800000, 0x0000000100000000)
  region size 1024K, 6 young (6144K), 6 survivors (6144K)
 Metaspace       used 21274K, committed 21504K, reserved 1114112K
  class space    used 2577K, committed 2688K, reserved 1048576K
}
Event: 4.190 GC heap before
{Heap before GC invocations=4 (full 0):
 garbage-first heap   total 58368K, used 45608K [0x0000000089800000, 0x0000000100000000)
  region size 1024K, 34 young (34816K), 6 survivors (6144K)
 Metaspace       used 26091K, committed 26368K, reserved 1114112K
  class space    used 3402K, committed 3520K, reserved 1048576K
}
Event: 4.212 GC heap after
{Heap after GC invocations=5 (full 0):
 garbage-first heap   total 58368K, used 21684K [0x0000000089800000, 0x0000000100000000)
  region size 1024K, 5 young (5120K), 5 survivors (5120K)
 Metaspace       used 26091K, committed 26368K, reserved 1114112K
  class space    used 3402K, committed 3520K, reserved 1048576K
}
Event: 4.234 GC heap before
{Heap before GC invocations=5 (full 0):
 garbage-first heap   total 58368K, used 22708K [0x0000000089800000, 0x0000000100000000)
  region size 1024K, 6 young (6144K), 5 survivors (5120K)
 Metaspace       used 26248K, committed 26560K, reserved 1114112K
  class space    used 3424K, committed 3584K, reserved 1048576K
}
Event: 4.243 GC heap after
{Heap after GC invocations=6 (full 0):
 garbage-first heap   total 58368K, used 22777K [0x0000000089800000, 0x0000000100000000)
  region size 1024K, 1 young (1024K), 1 survivors (1024K)
 Metaspace       used 26248K, committed 26560K, reserved 1114112K
  class space    used 3424K, committed 3584K, reserved 1048576K
}
Event: 4.684 GC heap before
{Heap before GC invocations=6 (full 0):
 garbage-first heap   total 58368K, used 42233K [0x0000000089800000, 0x0000000100000000)
  region size 1024K, 21 young (21504K), 1 survivors (1024K)
 Metaspace       used 30181K, committed 30400K, reserved 1114112K
  class space    used 3806K, committed 3904K, reserved 1048576K
}
Event: 4.690 GC heap after
{Heap after GC invocations=7 (full 0):
 garbage-first heap   total 116736K, used 22333K [0x0000000089800000, 0x0000000100000000)
  region size 1024K, 3 young (3072K), 3 survivors (3072K)
 Metaspace       used 30181K, committed 30400K, reserved 1114112K
  class space    used 3806K, committed 3904K, reserved 1048576K
}
Event: 5.767 GC heap before
{Heap before GC invocations=7 (full 0):
 garbage-first heap   total 116736K, used 55101K [0x0000000089800000, 0x0000000100000000)
  region size 1024K, 36 young (36864K), 3 survivors (3072K)
 Metaspace       used 36018K, committed 36736K, reserved 1114112K
  class space    used 4485K, committed 4864K, reserved 1048576K
}
Event: 5.779 GC heap after
{Heap after GC invocations=8 (full 0):
 garbage-first heap   total 116736K, used 24904K [0x0000000089800000, 0x0000000100000000)
  region size 1024K, 5 young (5120K), 5 survivors (5120K)
 Metaspace       used 36018K, committed 36736K, reserved 1114112K
  class space    used 4485K, committed 4864K, reserved 1048576K
}
Event: 7.477 GC heap before
{Heap before GC invocations=9 (full 0):
 garbage-first heap   total 89088K, used 76104K [0x0000000089800000, 0x0000000100000000)
  region size 1024K, 52 young (53248K), 5 survivors (5120K)
 Metaspace       used 41680K, committed 42432K, reserved 1114112K
  class space    used 5030K, committed 5440K, reserved 1048576K
}
Event: 7.497 GC heap after
{Heap after GC invocations=10 (full 0):
 garbage-first heap   total 89088K, used 33488K [0x0000000089800000, 0x0000000100000000)
  region size 1024K, 7 young (7168K), 7 survivors (7168K)
 Metaspace       used 41680K, committed 42432K, reserved 1114112K
  class space    used 5030K, committed 5440K, reserved 1048576K
}
Event: 7.503 GC heap before
{Heap before GC invocations=10 (full 0):
 garbage-first heap   total 89088K, used 34512K [0x0000000089800000, 0x0000000100000000)
  region size 1024K, 8 young (8192K), 7 survivors (7168K)
 Metaspace       used 41680K, committed 42432K, reserved 1114112K
  class space    used 5030K, committed 5440K, reserved 1048576K
}
Event: 7.513 GC heap after
{Heap after GC invocations=11 (full 0):
 garbage-first heap   total 89088K, used 34565K [0x0000000089800000, 0x0000000100000000)
  region size 1024K, 1 young (1024K), 1 survivors (1024K)
 Metaspace       used 41680K, committed 42432K, reserved 1114112K
  class space    used 5030K, committed 5440K, reserved 1048576K
}
Event: 9.249 GC heap before
{Heap before GC invocations=11 (full 0):
 garbage-first heap   total 89088K, used 66309K [0x0000000089800000, 0x0000000100000000)
  region size 1024K, 33 young (33792K), 1 survivors (1024K)
 Metaspace       used 47462K, committed 48256K, reserved 1114112K
  class space    used 5638K, committed 6080K, reserved 1048576K
}
Event: 9.260 GC heap after
{Heap after GC invocations=12 (full 0):
 garbage-first heap   total 89088K, used 37517K [0x0000000089800000, 0x0000000100000000)
  region size 1024K, 4 young (4096K), 4 survivors (4096K)
 Metaspace       used 47462K, committed 48256K, reserved 1114112K
  class space    used 5638K, committed 6080K, reserved 1048576K
}
Event: 10.516 GC heap before
{Heap before GC invocations=12 (full 0):
 garbage-first heap   total 89088K, used 68237K [0x0000000089800000, 0x0000000100000000)
  region size 1024K, 34 young (34816K), 4 survivors (4096K)
 Metaspace       used 51644K, committed 52480K, reserved 1114112K
  class space    used 6218K, committed 6656K, reserved 1048576K
}
Event: 10.533 GC heap after
{Heap after GC invocations=13 (full 0):
 garbage-first heap   total 89088K, used 41627K [0x0000000089800000, 0x0000000100000000)
  region size 1024K, 4 young (4096K), 4 survivors (4096K)
 Metaspace       used 51644K, committed 52480K, reserved 1114112K
  class space    used 6218K, committed 6656K, reserved 1048576K
}

